This file contains any messages produced by compilers while
running configure, to aid debugging if configure makes a mistake.

It was created by SVcore configure 1.8, which was
generated by GNU Autoconf 2.69.  Invocation command line was

  $ ./configure 

## --------- ##
## Platform. ##
## --------- ##

hostname = LEAF
uname -m = i686
uname -r = 1.0.17(0.48/3/2)
uname -s = MINGW32_NT-6.1
uname -v = 2011-04-24 23:39

/usr/bin/uname -p = unknown
/bin/uname -X     = unknown

/bin/arch              = unknown
/usr/bin/arch -k       = unknown
/usr/convex/getsysinfo = unknown
/usr/bin/hostinfo      = unknown
/bin/machine           = unknown
/usr/bin/oslevel       = unknown
/bin/universe          = unknown

PATH: .
PATH: /usr/local/bin
PATH: /mingw/bin
PATH: /bin
PATH: /c/qt/4.8.4-gcc4.4/bin/
PATH: /c/Windows/system32
PATH: /c/Windows
PATH: /c/Windows/System32/Wbem
PATH: /c/Windows/System32/WindowsPowerShell/v1.0/
PATH: /c/Develop/Qtilities/bin
PATH: /c/Develop/Qtilities/bin/plugins
PATH: /c/Develop/qt-solutions/qtpropertybrowser/lib
PATH: /c/Apertium/usr/local/bin


## ----------- ##
## Core tests. ##
## ----------- ##

configure:2298: checking for gcc
configure:2314: found /usr/local/bin/gcc
configure:2325: result: gcc
configure:2554: checking for C compiler version
configure:2563: gcc --version >&5
gcc.exe (GCC) 4.4.0
Copyright (C) 2009 Free Software Foundation, Inc.
This is free software; see the source for copying conditions.  There is NO
warranty; not even for MERCHANTABILITY or FITNESS FOR A PARTICULAR PURPOSE.

configure:2574: $? = 0
configure:2563: gcc -v >&5
Using built-in specs.
Target: mingw32
Configured with: ../gcc-4.4.0/configure --enable-languages=c,ada,c++,fortran,java,objc,obj-c++ --disable-sjlj-exceptions --enable-shared --enable-libgcj --enable-libgomp --with-dwarf2 --disable-win32-registry --enable-libstdcxx-debug --enable-version-specific-runtime-libs --prefix=/mingw --with-gmp=/mingw/src/gmp/root --with-mpfr=/mingw/src/mpfr/root --build=mingw32
Thread model: win32
gcc version 4.4.0 (GCC) 
configure:2574: $? = 0
configure:2563: gcc -V >&5
gcc.exe: '-V' option must have argument
configure:2574: $? = 1
configure:2563: gcc -qversion >&5
gcc.exe: unrecognized option '-qversion'
gcc.exe: no input files
configure:2574: $? = 1
configure:2594: checking whether the C compiler works
configure:2616: gcc    conftest.c  >&5
configure:2620: $? = 0
configure:2668: result: yes
configure:2671: checking for C compiler default output file name
configure:2673: result: a.exe
configure:2679: checking for suffix of executables
configure:2686: gcc -o conftest.exe    conftest.c  >&5
configure:2690: $? = 0
configure:2712: result: .exe
configure:2734: checking whether we are cross compiling
configure:2742: gcc -o conftest.exe    conftest.c  >&5
configure:2746: $? = 0
configure:2753: ./conftest.exe
configure:2757: $? = 0
configure:2772: result: no
configure:2777: checking for suffix of object files
configure:2799: gcc -c   conftest.c >&5
configure:2803: $? = 0
configure:2824: result: o
configure:2828: checking whether we are using the GNU C compiler
configure:2847: gcc -c   conftest.c >&5
configure:2847: $? = 0
configure:2856: result: yes
configure:2865: checking whether gcc accepts -g
configure:2885: gcc -c -g  conftest.c >&5
configure:2885: $? = 0
configure:2926: result: yes
configure:2943: checking for gcc option to accept ISO C89
configure:3006: gcc  -c -g -O2  conftest.c >&5
configure:3006: $? = 0
configure:3019: result: none needed
configure:3097: checking for g++
configure:3113: found /usr/local/bin/g++
configure:3124: result: g++
configure:3151: checking for C++ compiler version
configure:3160: g++ --version >&5
g++.exe (GCC) 4.4.0
Copyright (C) 2009 Free Software Foundation, Inc.
This is free software; see the source for copying conditions.  There is NO
warranty; not even for MERCHANTABILITY or FITNESS FOR A PARTICULAR PURPOSE.

configure:3171: $? = 0
configure:3160: g++ -v >&5
Using built-in specs.
Target: mingw32
Configured with: ../gcc-4.4.0/configure --enable-languages=c,ada,c++,fortran,java,objc,obj-c++ --disable-sjlj-exceptions --enable-shared --enable-libgcj --enable-libgomp --with-dwarf2 --disable-win32-registry --enable-libstdcxx-debug --enable-version-specific-runtime-libs --prefix=/mingw --with-gmp=/mingw/src/gmp/root --with-mpfr=/mingw/src/mpfr/root --build=mingw32
Thread model: win32
gcc version 4.4.0 (GCC) 
configure:3171: $? = 0
configure:3160: g++ -V >&5
g++.exe: '-V' option must have argument
configure:3171: $? = 1
configure:3160: g++ -qversion >&5
g++.exe: unrecognized option '-qversion'
g++.exe: no input files
configure:3171: $? = 1
configure:3175: checking whether we are using the GNU C++ compiler
configure:3194: g++ -c   conftest.cpp >&5
configure:3194: $? = 0
configure:3203: result: yes
configure:3212: checking whether g++ accepts -g
configure:3232: g++ -c -g  conftest.cpp >&5
configure:3232: $? = 0
configure:3273: result: yes
configure:3339: checking for a BSD-compatible install
configure:3407: result: /bin/install -c
configure:3418: checking for a thread-safe mkdir -p
configure:3457: result: /bin/mkdir -p
configure:3467: checking how to run the C++ preprocessor
configure:3494: g++ -E  conftest.cpp
configure:3494: $? = 0
configure:3508: g++ -E  conftest.cpp
conftest.cpp:9:28: error: ac_nonexistent.h: No such file or directory
configure:3508: $? = 1
configure: failed program was:
| /* confdefs.h */
| #define PACKAGE_NAME "SVcore"
| #define PACKAGE_TARNAME "svcore"
| #define PACKAGE_VERSION "1.8"
| #define PACKAGE_STRING "SVcore 1.8"
| #define PACKAGE_BUGREPORT "cannam@all-day-breakfast.com"
| #define PACKAGE_URL ""
| /* end confdefs.h.  */
| #include <ac_nonexistent.h>
configure:3533: result: g++ -E
configure:3553: g++ -E  conftest.cpp
configure:3553: $? = 0
configure:3567: g++ -E  conftest.cpp
conftest.cpp:9:28: error: ac_nonexistent.h: No such file or directory
configure:3567: $? = 1
configure: failed program was:
| /* confdefs.h */
| #define PACKAGE_NAME "SVcore"
| #define PACKAGE_TARNAME "svcore"
| #define PACKAGE_VERSION "1.8"
| #define PACKAGE_STRING "SVcore 1.8"
| #define PACKAGE_BUGREPORT "cannam@all-day-breakfast.com"
| #define PACKAGE_URL ""
| /* end confdefs.h.  */
| #include <ac_nonexistent.h>
configure:3596: checking for grep that handles long lines and -e
configure:3654: result: /bin/grep
configure:3659: checking for egrep
configure:3721: result: /bin/grep -E
configure:3726: checking for ANSI C header files
configure:3746: g++ -c -g -O2  conftest.cpp >&5
configure:3746: $? = 0
configure:3819: g++ -o conftest.exe -g -O2   conftest.cpp  >&5
configure:3819: $? = 0
configure:3819: ./conftest.exe
configure:3819: $? = 0
configure:3830: result: yes
configure:3898: checking for pkg-config
configure:3916: found /bin/pkg-config
configure:3928: result: /bin/pkg-config
configure:3953: checking pkg-config is at least version 0.9.0
configure:3956: result: yes
configure:3971: checking for qmake-qt4
configure:4001: result: no
configure:4010: checking for qmake
configure:4040: result: no
configure:4049: checking for qmake.exe
configure:4079: result: no
configure:4088: checking for qmake-qt4
configure:4118: result: no
configure:4127: checking for qmake
configure:4143: found /c/qt/4.8.4-gcc4.4/bin//qmake
configure:4154: result: qmake
configure:4250: checking for sys/types.h
configure:4250: g++ -c -g0 -O2 -Wall -pipe -DNDEBUG -DBUILD_RELEASE -DNO_TIMING  conftest.cpp >&5
configure:4250: $? = 0
configure:4250: result: yes
configure:4250: checking for sys/stat.h
configure:4250: g++ -c -g0 -O2 -Wall -pipe -DNDEBUG -DBUILD_RELEASE -DNO_TIMING  conftest.cpp >&5
configure:4250: $? = 0
configure:4250: result: yes
configure:4250: checking for stdlib.h
configure:4250: g++ -c -g0 -O2 -Wall -pipe -DNDEBUG -DBUILD_RELEASE -DNO_TIMING  conftest.cpp >&5
configure:4250: $? = 0
configure:4250: result: yes
configure:4250: checking for string.h
configure:4250: g++ -c -g0 -O2 -Wall -pipe -DNDEBUG -DBUILD_RELEASE -DNO_TIMING  conftest.cpp >&5
configure:4250: $? = 0
configure:4250: result: yes
configure:4250: checking for memory.h
configure:4250: g++ -c -g0 -O2 -Wall -pipe -DNDEBUG -DBUILD_RELEASE -DNO_TIMING  conftest.cpp >&5
configure:4250: $? = 0
configure:4250: result: yes
configure:4250: checking for strings.h
configure:4250: g++ -c -g0 -O2 -Wall -pipe -DNDEBUG -DBUILD_RELEASE -DNO_TIMING  conftest.cpp >&5
configure:4250: $? = 0
configure:4250: result: yes
configure:4250: checking for inttypes.h
configure:4250: g++ -c -g0 -O2 -Wall -pipe -DNDEBUG -DBUILD_RELEASE -DNO_TIMING  conftest.cpp >&5
configure:4250: $? = 0
configure:4250: result: yes
configure:4250: checking for stdint.h
configure:4250: g++ -c -g0 -O2 -Wall -pipe -DNDEBUG -DBUILD_RELEASE -DNO_TIMING  conftest.cpp >&5
configure:4250: $? = 0
configure:4250: result: yes
configure:4250: checking for unistd.h
configure:4250: g++ -c -g0 -O2 -Wall -pipe -DNDEBUG -DBUILD_RELEASE -DNO_TIMING  conftest.cpp >&5
configure:4250: $? = 0
configure:4250: result: yes
configure:4283: checking for bz2
configure:4290: $PKG_CONFIG --exists --print-errors "$SV_MODULE_VERSION_TEST"
configure:4293: $? = 0
configure:4307: $PKG_CONFIG --exists --print-errors "$SV_MODULE_VERSION_TEST"
configure:4310: $? = 0
configure:4350: result: yes
configure:4434: checking for fftw3
configure:4441: $PKG_CONFIG --exists --print-errors "$SV_MODULE_VERSION_TEST"
configure:4444: $? = 0
configure:4458: $PKG_CONFIG --exists --print-errors "$SV_MODULE_VERSION_TEST"
configure:4461: $? = 0
configure:4501: result: yes
configure:4585: checking for fftw3f
configure:4592: $PKG_CONFIG --exists --print-errors "$SV_MODULE_VERSION_TEST"
configure:4595: $? = 0
configure:4609: $PKG_CONFIG --exists --print-errors "$SV_MODULE_VERSION_TEST"
configure:4612: $? = 0
configure:4652: result: yes
configure:4736: checking for sndfile
configure:4743: $PKG_CONFIG --exists --print-errors "$SV_MODULE_VERSION_TEST"
configure:4746: $? = 0
configure:4760: $PKG_CONFIG --exists --print-errors "$SV_MODULE_VERSION_TEST"
configure:4763: $? = 0
configure:4803: result: yes
configure:4887: checking for samplerate
configure:4894: $PKG_CONFIG --exists --print-errors "$SV_MODULE_VERSION_TEST"
configure:4897: $? = 0
configure:4911: $PKG_CONFIG --exists --print-errors "$SV_MODULE_VERSION_TEST"
configure:4914: $? = 0
configure:4954: result: yes
configure:5038: checking for vamp
configure:5045: $PKG_CONFIG --exists --print-errors "$SV_MODULE_VERSION_TEST"
configure:5048: $? = 0
configure:5062: $PKG_CONFIG --exists --print-errors "$SV_MODULE_VERSION_TEST"
configure:5065: $? = 0
configure:5105: result: yes
configure:5189: checking for vamphostsdk
configure:5196: $PKG_CONFIG --exists --print-errors "$SV_MODULE_VERSION_TEST"
configure:5199: $? = 0
configure:5213: $PKG_CONFIG --exists --print-errors "$SV_MODULE_VERSION_TEST"
configure:5216: $? = 0
configure:5256: result: yes
configure:5340: checking for rubberband
configure:5347: $PKG_CONFIG --exists --print-errors "$SV_MODULE_VERSION_TEST"
configure:5350: $? = 0
configure:5364: $PKG_CONFIG --exists --print-errors "$SV_MODULE_VERSION_TEST"
configure:5367: $? = 0
configure:5407: result: yes
configure:5491: checking for dataquay
configure:5498: $PKG_CONFIG --exists --print-errors "$SV_MODULE_VERSION_TEST"
configure:5501: $? = 0
configure:5515: $PKG_CONFIG --exists --print-errors "$SV_MODULE_VERSION_TEST"
configure:5518: $? = 0
configure:5558: result: yes
configure:5643: checking for liblo
configure:5650: $PKG_CONFIG --exists --print-errors "$SV_MODULE_VERSION_TEST"
Package liblo was not found in the pkg-config search path.
Perhaps you should add the directory containing `liblo.pc'
to the PKG_CONFIG_PATH environment variable
No package 'liblo' found
configure:5653: $? = 1
configure:5667: $PKG_CONFIG --exists --print-errors "$SV_MODULE_VERSION_TEST"
Package liblo was not found in the pkg-config search path.
Perhaps you should add the directory containing `liblo.pc'
to the PKG_CONFIG_PATH environment variable
No package 'liblo' found
configure:5670: $? = 1
configure:5684: result: no
No package 'liblo' found
configure:5700: Failed to find optional module liblo using pkg-config, trying again by old-fashioned means
configure:5717: checking lo/lo.h usability
configure:5717: g++ -c -g0 -O2 -Wall -pipe -DNDEBUG -DBUILD_RELEASE -DNO_TIMING -Ic:/qt/mingw-4.4/include   -Ic:/qt/mingw-4.4/include   -Ic:/qt/mingw-4.4/include   -Ic:/qt/mingw-4.4/include   -Ic:/qt/mingw-4.4/include   -Ic:/qt/mingw-4.4/include   -Ic:/qt/mingw-4.4/include   -Ic:/qt/mingw-4.4/include   -Ic:/qt/mingw-4.4/include    conftest.cpp >&5
conftest.cpp:52:19: error: lo/lo.h: No such file or directory
configure:5717: $? = 1
configure: failed program was:
| /* confdefs.h */
| #define PACKAGE_NAME "SVcore"
| #define PACKAGE_TARNAME "svcore"
| #define PACKAGE_VERSION "1.8"
| #define PACKAGE_STRING "SVcore 1.8"
| #define PACKAGE_BUGREPORT "cannam@all-day-breakfast.com"
| #define PACKAGE_URL ""
| #define STDC_HEADERS 1
| #define HAVE_SYS_TYPES_H 1
| #define HAVE_SYS_STAT_H 1
| #define HAVE_STDLIB_H 1
| #define HAVE_STRING_H 1
| #define HAVE_MEMORY_H 1
| #define HAVE_STRINGS_H 1
| #define HAVE_INTTYPES_H 1
| #define HAVE_STDINT_H 1
| #define HAVE_UNISTD_H 1
| /* end confdefs.h.  */
| #include <stdio.h>
| #ifdef HAVE_SYS_TYPES_H
| # include <sys/types.h>
| #endif
| #ifdef HAVE_SYS_STAT_H
| # include <sys/stat.h>
| #endif
| #ifdef STDC_HEADERS
| # include <stdlib.h>
| # include <stddef.h>
| #else
| # ifdef HAVE_STDLIB_H
| #  include <stdlib.h>
| # endif
| #endif
| #ifdef HAVE_STRING_H
| # if !defined STDC_HEADERS && defined HAVE_MEMORY_H
| #  include <memory.h>
| # endif
| # include <string.h>
| #endif
| #ifdef HAVE_STRINGS_H
| # include <strings.h>
| #endif
| #ifdef HAVE_INTTYPES_H
| # include <inttypes.h>
| #endif
| #ifdef HAVE_STDINT_H
| # include <stdint.h>
| #endif
| #ifdef HAVE_UNISTD_H
| # include <unistd.h>
| #endif
| #include <lo/lo.h>
configure:5717: result: no
configure:5717: checking lo/lo.h presence
configure:5717: g++ -E  conftest.cpp
conftest.cpp:19:19: error: lo/lo.h: No such file or directory
configure:5717: $? = 1
configure: failed program was:
| /* confdefs.h */
| #define PACKAGE_NAME "SVcore"
| #define PACKAGE_TARNAME "svcore"
| #define PACKAGE_VERSION "1.8"
| #define PACKAGE_STRING "SVcore 1.8"
| #define PACKAGE_BUGREPORT "cannam@all-day-breakfast.com"
| #define PACKAGE_URL ""
| #define STDC_HEADERS 1
| #define HAVE_SYS_TYPES_H 1
| #define HAVE_SYS_STAT_H 1
| #define HAVE_STDLIB_H 1
| #define HAVE_STRING_H 1
| #define HAVE_MEMORY_H 1
| #define HAVE_STRINGS_H 1
| #define HAVE_INTTYPES_H 1
| #define HAVE_STDINT_H 1
| #define HAVE_UNISTD_H 1
| /* end confdefs.h.  */
| #include <lo/lo.h>
configure:5717: result: no
configure:5717: checking for lo/lo.h
configure:5717: result: no
configure:5721: Failed to find header lo/lo.h for optional module liblo
configure:5798: checking for portaudio_2_0
configure:5805: $PKG_CONFIG --exists --print-errors "$SV_MODULE_VERSION_TEST"
configure:5808: $? = 0
configure:5822: $PKG_CONFIG --exists --print-errors "$SV_MODULE_VERSION_TEST"
configure:5825: $? = 0
configure:5865: result: yes
configure:5953: checking for JACK
configure:5960: $PKG_CONFIG --exists --print-errors "$SV_MODULE_VERSION_TEST"
Package jack was not found in the pkg-config search path.
Perhaps you should add the directory containing `jack.pc'
to the PKG_CONFIG_PATH environment variable
No package 'jack' found
configure:5963: $? = 1
configure:5977: $PKG_CONFIG --exists --print-errors "$SV_MODULE_VERSION_TEST"
Package jack was not found in the pkg-config search path.
Perhaps you should add the directory containing `jack.pc'
to the PKG_CONFIG_PATH environment variable
No package 'jack' found
configure:5980: $? = 1
configure:5994: result: no
No package 'jack' found
configure:6010: Failed to find optional module JACK using pkg-config, trying again by old-fashioned means
configure:6027: checking jack/jack.h usability
configure:6027: g++ -c -g0 -O2 -Wall -pipe -DNDEBUG -DBUILD_RELEASE -DNO_TIMING -Ic:/qt/mingw-4.4/include   -Ic:/qt/mingw-4.4/include   -Ic:/qt/mingw-4.4/include   -Ic:/qt/mingw-4.4/include   -Ic:/qt/mingw-4.4/include   -Ic:/qt/mingw-4.4/include   -Ic:/qt/mingw-4.4/include   -Ic:/qt/mingw-4.4/include   -Ic:/qt/mingw-4.4/include   -mthreads -Ic:/qt/mingw-4.4/include    conftest.cpp >&5
conftest.cpp:52:23: error: jack/jack.h: No such file or directory
configure:6027: $? = 1
configure: failed program was:
| /* confdefs.h */
| #define PACKAGE_NAME "SVcore"
| #define PACKAGE_TARNAME "svcore"
| #define PACKAGE_VERSION "1.8"
| #define PACKAGE_STRING "SVcore 1.8"
| #define PACKAGE_BUGREPORT "cannam@all-day-breakfast.com"
| #define PACKAGE_URL ""
| #define STDC_HEADERS 1
| #define HAVE_SYS_TYPES_H 1
| #define HAVE_SYS_STAT_H 1
| #define HAVE_STDLIB_H 1
| #define HAVE_STRING_H 1
| #define HAVE_MEMORY_H 1
| #define HAVE_STRINGS_H 1
| #define HAVE_INTTYPES_H 1
| #define HAVE_STDINT_H 1
| #define HAVE_UNISTD_H 1
| /* end confdefs.h.  */
| #include <stdio.h>
| #ifdef HAVE_SYS_TYPES_H
| # include <sys/types.h>
| #endif
| #ifdef HAVE_SYS_STAT_H
| # include <sys/stat.h>
| #endif
| #ifdef STDC_HEADERS
| # include <stdlib.h>
| # include <stddef.h>
| #else
| # ifdef HAVE_STDLIB_H
| #  include <stdlib.h>
| # endif
| #endif
| #ifdef HAVE_STRING_H
| # if !defined STDC_HEADERS && defined HAVE_MEMORY_H
| #  include <memory.h>
| # endif
| # include <string.h>
| #endif
| #ifdef HAVE_STRINGS_H
| # include <strings.h>
| #endif
| #ifdef HAVE_INTTYPES_H
| # include <inttypes.h>
| #endif
| #ifdef HAVE_STDINT_H
| # include <stdint.h>
| #endif
| #ifdef HAVE_UNISTD_H
| # include <unistd.h>
| #endif
| #include <jack/jack.h>
configure:6027: result: no
configure:6027: checking jack/jack.h presence
configure:6027: g++ -E  conftest.cpp
conftest.cpp:19:23: error: jack/jack.h: No such file or directory
configure:6027: $? = 1
configure: failed program was:
| /* confdefs.h */
| #define PACKAGE_NAME "SVcore"
| #define PACKAGE_TARNAME "svcore"
| #define PACKAGE_VERSION "1.8"
| #define PACKAGE_STRING "SVcore 1.8"
| #define PACKAGE_BUGREPORT "cannam@all-day-breakfast.com"
| #define PACKAGE_URL ""
| #define STDC_HEADERS 1
| #define HAVE_SYS_TYPES_H 1
| #define HAVE_SYS_STAT_H 1
| #define HAVE_STDLIB_H 1
| #define HAVE_STRING_H 1
| #define HAVE_MEMORY_H 1
| #define HAVE_STRINGS_H 1
| #define HAVE_INTTYPES_H 1
| #define HAVE_STDINT_H 1
| #define HAVE_UNISTD_H 1
| /* end confdefs.h.  */
| #include <jack/jack.h>
configure:6027: result: no
configure:6027: checking for jack/jack.h
configure:6027: result: no
configure:6031: Failed to find header jack/jack.h for optional module JACK
configure:6108: checking for libpulse
configure:6115: $PKG_CONFIG --exists --print-errors "$SV_MODULE_VERSION_TEST"
Package libpulse was not found in the pkg-config search path.
Perhaps you should add the directory containing `libpulse.pc'
to the PKG_CONFIG_PATH environment variable
No package 'libpulse' found
configure:6118: $? = 1
configure:6132: $PKG_CONFIG --exists --print-errors "$SV_MODULE_VERSION_TEST"
Package libpulse was not found in the pkg-config search path.
Perhaps you should add the directory containing `libpulse.pc'
to the PKG_CONFIG_PATH environment variable
No package 'libpulse' found
configure:6135: $? = 1
configure:6149: result: no
No package 'libpulse' found
configure:6165: Failed to find optional module libpulse using pkg-config, trying again by old-fashioned means
configure:6182: checking pulse/pulseaudio.h usability
configure:6182: g++ -c -g0 -O2 -Wall -pipe -DNDEBUG -DBUILD_RELEASE -DNO_TIMING -Ic:/qt/mingw-4.4/include   -Ic:/qt/mingw-4.4/include   -Ic:/qt/mingw-4.4/include   -Ic:/qt/mingw-4.4/include   -Ic:/qt/mingw-4.4/include   -Ic:/qt/mingw-4.4/include   -Ic:/qt/mingw-4.4/include   -Ic:/qt/mingw-4.4/include   -Ic:/qt/mingw-4.4/include   -mthreads -Ic:/qt/mingw-4.4/include    conftest.cpp >&5
conftest.cpp:52:30: error: pulse/pulseaudio.h: No such file or directory
configure:6182: $? = 1
configure: failed program was:
| /* confdefs.h */
| #define PACKAGE_NAME "SVcore"
| #define PACKAGE_TARNAME "svcore"
| #define PACKAGE_VERSION "1.8"
| #define PACKAGE_STRING "SVcore 1.8"
| #define PACKAGE_BUGREPORT "cannam@all-day-breakfast.com"
| #define PACKAGE_URL ""
| #define STDC_HEADERS 1
| #define HAVE_SYS_TYPES_H 1
| #define HAVE_SYS_STAT_H 1
| #define HAVE_STDLIB_H 1
| #define HAVE_STRING_H 1
| #define HAVE_MEMORY_H 1
| #define HAVE_STRINGS_H 1
| #define HAVE_INTTYPES_H 1
| #define HAVE_STDINT_H 1
| #define HAVE_UNISTD_H 1
| /* end confdefs.h.  */
| #include <stdio.h>
| #ifdef HAVE_SYS_TYPES_H
| # include <sys/types.h>
| #endif
| #ifdef HAVE_SYS_STAT_H
| # include <sys/stat.h>
| #endif
| #ifdef STDC_HEADERS
| # include <stdlib.h>
| # include <stddef.h>
| #else
| # ifdef HAVE_STDLIB_H
| #  include <stdlib.h>
| # endif
| #endif
| #ifdef HAVE_STRING_H
| # if !defined STDC_HEADERS && defined HAVE_MEMORY_H
| #  include <memory.h>
| # endif
| # include <string.h>
| #endif
| #ifdef HAVE_STRINGS_H
| # include <strings.h>
| #endif
| #ifdef HAVE_INTTYPES_H
| # include <inttypes.h>
| #endif
| #ifdef HAVE_STDINT_H
| # include <stdint.h>
| #endif
| #ifdef HAVE_UNISTD_H
| # include <unistd.h>
| #endif
| #include <pulse/pulseaudio.h>
configure:6182: result: no
configure:6182: checking pulse/pulseaudio.h presence
configure:6182: g++ -E  conftest.cpp
conftest.cpp:19:30: error: pulse/pulseaudio.h: No such file or directory
configure:6182: $? = 1
configure: failed program was:
| /* confdefs.h */
| #define PACKAGE_NAME "SVcore"
| #define PACKAGE_TARNAME "svcore"
| #define PACKAGE_VERSION "1.8"
| #define PACKAGE_STRING "SVcore 1.8"
| #define PACKAGE_BUGREPORT "cannam@all-day-breakfast.com"
| #define PACKAGE_URL ""
| #define STDC_HEADERS 1
| #define HAVE_SYS_TYPES_H 1
| #define HAVE_SYS_STAT_H 1
| #define HAVE_STDLIB_H 1
| #define HAVE_STRING_H 1
| #define HAVE_MEMORY_H 1
| #define HAVE_STRINGS_H 1
| #define HAVE_INTTYPES_H 1
| #define HAVE_STDINT_H 1
| #define HAVE_UNISTD_H 1
| /* end confdefs.h.  */
| #include <pulse/pulseaudio.h>
configure:6182: result: no
configure:6182: checking for pulse/pulseaudio.h
configure:6182: result: no
configure:6186: Failed to find header pulse/pulseaudio.h for optional module libpulse
configure:6263: checking for lrdf
configure:6270: $PKG_CONFIG --exists --print-errors "$SV_MODULE_VERSION_TEST"
Package lrdf was not found in the pkg-config search path.
Perhaps you should add the directory containing `lrdf.pc'
to the PKG_CONFIG_PATH environment variable
No package 'lrdf' found
configure:6273: $? = 1
configure:6287: $PKG_CONFIG --exists --print-errors "$SV_MODULE_VERSION_TEST"
Package lrdf was not found in the pkg-config search path.
Perhaps you should add the directory containing `lrdf.pc'
to the PKG_CONFIG_PATH environment variable
No package 'lrdf' found
configure:6290: $? = 1
configure:6304: result: no
No package 'lrdf' found
configure:6320: Failed to find optional module lrdf using pkg-config, trying again by old-fashioned means
configure:6337: checking lrdf.h usability
configure:6337: g++ -c -g0 -O2 -Wall -pipe -DNDEBUG -DBUILD_RELEASE -DNO_TIMING -Ic:/qt/mingw-4.4/include   -Ic:/qt/mingw-4.4/include   -Ic:/qt/mingw-4.4/include   -Ic:/qt/mingw-4.4/include   -Ic:/qt/mingw-4.4/include   -Ic:/qt/mingw-4.4/include   -Ic:/qt/mingw-4.4/include   -Ic:/qt/mingw-4.4/include   -Ic:/qt/mingw-4.4/include   -mthreads -Ic:/qt/mingw-4.4/include    conftest.cpp >&5
conftest.cpp:52:18: error: lrdf.h: No such file or directory
configure:6337: $? = 1
configure: failed program was:
| /* confdefs.h */
| #define PACKAGE_NAME "SVcore"
| #define PACKAGE_TARNAME "svcore"
| #define PACKAGE_VERSION "1.8"
| #define PACKAGE_STRING "SVcore 1.8"
| #define PACKAGE_BUGREPORT "cannam@all-day-breakfast.com"
| #define PACKAGE_URL ""
| #define STDC_HEADERS 1
| #define HAVE_SYS_TYPES_H 1
| #define HAVE_SYS_STAT_H 1
| #define HAVE_STDLIB_H 1
| #define HAVE_STRING_H 1
| #define HAVE_MEMORY_H 1
| #define HAVE_STRINGS_H 1
| #define HAVE_INTTYPES_H 1
| #define HAVE_STDINT_H 1
| #define HAVE_UNISTD_H 1
| /* end confdefs.h.  */
| #include <stdio.h>
| #ifdef HAVE_SYS_TYPES_H
| # include <sys/types.h>
| #endif
| #ifdef HAVE_SYS_STAT_H
| # include <sys/stat.h>
| #endif
| #ifdef STDC_HEADERS
| # include <stdlib.h>
| # include <stddef.h>
| #else
| # ifdef HAVE_STDLIB_H
| #  include <stdlib.h>
| # endif
| #endif
| #ifdef HAVE_STRING_H
| # if !defined STDC_HEADERS && defined HAVE_MEMORY_H
| #  include <memory.h>
| # endif
| # include <string.h>
| #endif
| #ifdef HAVE_STRINGS_H
| # include <strings.h>
| #endif
| #ifdef HAVE_INTTYPES_H
| # include <inttypes.h>
| #endif
| #ifdef HAVE_STDINT_H
| # include <stdint.h>
| #endif
| #ifdef HAVE_UNISTD_H
| # include <unistd.h>
| #endif
| #include <lrdf.h>
configure:6337: result: no
configure:6337: checking lrdf.h presence
configure:6337: g++ -E  conftest.cpp
conftest.cpp:19:18: error: lrdf.h: No such file or directory
configure:6337: $? = 1
configure: failed program was:
| /* confdefs.h */
| #define PACKAGE_NAME "SVcore"
| #define PACKAGE_TARNAME "svcore"
| #define PACKAGE_VERSION "1.8"
| #define PACKAGE_STRING "SVcore 1.8"
| #define PACKAGE_BUGREPORT "cannam@all-day-breakfast.com"
| #define PACKAGE_URL ""
| #define STDC_HEADERS 1
| #define HAVE_SYS_TYPES_H 1
| #define HAVE_SYS_STAT_H 1
| #define HAVE_STDLIB_H 1
| #define HAVE_STRING_H 1
| #define HAVE_MEMORY_H 1
| #define HAVE_STRINGS_H 1
| #define HAVE_INTTYPES_H 1
| #define HAVE_STDINT_H 1
| #define HAVE_UNISTD_H 1
| /* end confdefs.h.  */
| #include <lrdf.h>
configure:6337: result: no
configure:6337: checking for lrdf.h
configure:6337: result: no
configure:6341: Failed to find header lrdf.h for optional module lrdf
configure:6418: checking for oggz
configure:6425: $PKG_CONFIG --exists --print-errors "$SV_MODULE_VERSION_TEST"
Package oggz was not found in the pkg-config search path.
Perhaps you should add the directory containing `oggz.pc'
to the PKG_CONFIG_PATH environment variable
No package 'oggz' found
configure:6428: $? = 1
configure:6442: $PKG_CONFIG --exists --print-errors "$SV_MODULE_VERSION_TEST"
Package oggz was not found in the pkg-config search path.
Perhaps you should add the directory containing `oggz.pc'
to the PKG_CONFIG_PATH environment variable
No package 'oggz' found
configure:6445: $? = 1
configure:6459: result: no
No package 'oggz' found
configure:6475: Failed to find optional module oggz using pkg-config, trying again by old-fashioned means
configure:6492: checking oggz/oggz.h usability
configure:6492: g++ -c -g0 -O2 -Wall -pipe -DNDEBUG -DBUILD_RELEASE -DNO_TIMING -Ic:/qt/mingw-4.4/include   -Ic:/qt/mingw-4.4/include   -Ic:/qt/mingw-4.4/include   -Ic:/qt/mingw-4.4/include   -Ic:/qt/mingw-4.4/include   -Ic:/qt/mingw-4.4/include   -Ic:/qt/mingw-4.4/include   -Ic:/qt/mingw-4.4/include   -Ic:/qt/mingw-4.4/include   -mthreads -Ic:/qt/mingw-4.4/include    conftest.cpp >&5
conftest.cpp:52:23: error: oggz/oggz.h: No such file or directory
configure:6492: $? = 1
configure: failed program was:
| /* confdefs.h */
| #define PACKAGE_NAME "SVcore"
| #define PACKAGE_TARNAME "svcore"
| #define PACKAGE_VERSION "1.8"
| #define PACKAGE_STRING "SVcore 1.8"
| #define PACKAGE_BUGREPORT "cannam@all-day-breakfast.com"
| #define PACKAGE_URL ""
| #define STDC_HEADERS 1
| #define HAVE_SYS_TYPES_H 1
| #define HAVE_SYS_STAT_H 1
| #define HAVE_STDLIB_H 1
| #define HAVE_STRING_H 1
| #define HAVE_MEMORY_H 1
| #define HAVE_STRINGS_H 1
| #define HAVE_INTTYPES_H 1
| #define HAVE_STDINT_H 1
| #define HAVE_UNISTD_H 1
| /* end confdefs.h.  */
| #include <stdio.h>
| #ifdef HAVE_SYS_TYPES_H
| # include <sys/types.h>
| #endif
| #ifdef HAVE_SYS_STAT_H
| # include <sys/stat.h>
| #endif
| #ifdef STDC_HEADERS
| # include <stdlib.h>
| # include <stddef.h>
| #else
| # ifdef HAVE_STDLIB_H
| #  include <stdlib.h>
| # endif
| #endif
| #ifdef HAVE_STRING_H
| # if !defined STDC_HEADERS && defined HAVE_MEMORY_H
| #  include <memory.h>
| # endif
| # include <string.h>
| #endif
| #ifdef HAVE_STRINGS_H
| # include <strings.h>
| #endif
| #ifdef HAVE_INTTYPES_H
| # include <inttypes.h>
| #endif
| #ifdef HAVE_STDINT_H
| # include <stdint.h>
| #endif
| #ifdef HAVE_UNISTD_H
| # include <unistd.h>
| #endif
| #include <oggz/oggz.h>
configure:6492: result: no
configure:6492: checking oggz/oggz.h presence
configure:6492: g++ -E  conftest.cpp
conftest.cpp:19:23: error: oggz/oggz.h: No such file or directory
configure:6492: $? = 1
configure: failed program was:
| /* confdefs.h */
| #define PACKAGE_NAME "SVcore"
| #define PACKAGE_TARNAME "svcore"
| #define PACKAGE_VERSION "1.8"
| #define PACKAGE_STRING "SVcore 1.8"
| #define PACKAGE_BUGREPORT "cannam@all-day-breakfast.com"
| #define PACKAGE_URL ""
| #define STDC_HEADERS 1
| #define HAVE_SYS_TYPES_H 1
| #define HAVE_SYS_STAT_H 1
| #define HAVE_STDLIB_H 1
| #define HAVE_STRING_H 1
| #define HAVE_MEMORY_H 1
| #define HAVE_STRINGS_H 1
| #define HAVE_INTTYPES_H 1
| #define HAVE_STDINT_H 1
| #define HAVE_UNISTD_H 1
| /* end confdefs.h.  */
| #include <oggz/oggz.h>
configure:6492: result: no
configure:6492: checking for oggz/oggz.h
configure:6492: result: no
configure:6496: Failed to find header oggz/oggz.h for optional module oggz
configure:6573: checking for fishsound
configure:6580: $PKG_CONFIG --exists --print-errors "$SV_MODULE_VERSION_TEST"
Package fishsound was not found in the pkg-config search path.
Perhaps you should add the directory containing `fishsound.pc'
to the PKG_CONFIG_PATH environment variable
No package 'fishsound' found
configure:6583: $? = 1
configure:6597: $PKG_CONFIG --exists --print-errors "$SV_MODULE_VERSION_TEST"
Package fishsound was not found in the pkg-config search path.
Perhaps you should add the directory containing `fishsound.pc'
to the PKG_CONFIG_PATH environment variable
No package 'fishsound' found
configure:6600: $? = 1
configure:6614: result: no
No package 'fishsound' found
configure:6630: Failed to find optional module fishsound using pkg-config, trying again by old-fashioned means
configure:6647: checking fishsound/fishsound.h usability
configure:6647: g++ -c -g0 -O2 -Wall -pipe -DNDEBUG -DBUILD_RELEASE -DNO_TIMING -Ic:/qt/mingw-4.4/include   -Ic:/qt/mingw-4.4/include   -Ic:/qt/mingw-4.4/include   -Ic:/qt/mingw-4.4/include   -Ic:/qt/mingw-4.4/include   -Ic:/qt/mingw-4.4/include   -Ic:/qt/mingw-4.4/include   -Ic:/qt/mingw-4.4/include   -Ic:/qt/mingw-4.4/include   -mthreads -Ic:/qt/mingw-4.4/include    conftest.cpp >&5
conftest.cpp:52:33: error: fishsound/fishsound.h: No such file or directory
configure:6647: $? = 1
configure: failed program was:
| /* confdefs.h */
| #define PACKAGE_NAME "SVcore"
| #define PACKAGE_TARNAME "svcore"
| #define PACKAGE_VERSION "1.8"
| #define PACKAGE_STRING "SVcore 1.8"
| #define PACKAGE_BUGREPORT "cannam@all-day-breakfast.com"
| #define PACKAGE_URL ""
| #define STDC_HEADERS 1
| #define HAVE_SYS_TYPES_H 1
| #define HAVE_SYS_STAT_H 1
| #define HAVE_STDLIB_H 1
| #define HAVE_STRING_H 1
| #define HAVE_MEMORY_H 1
| #define HAVE_STRINGS_H 1
| #define HAVE_INTTYPES_H 1
| #define HAVE_STDINT_H 1
| #define HAVE_UNISTD_H 1
| /* end confdefs.h.  */
| #include <stdio.h>
| #ifdef HAVE_SYS_TYPES_H
| # include <sys/types.h>
| #endif
| #ifdef HAVE_SYS_STAT_H
| # include <sys/stat.h>
| #endif
| #ifdef STDC_HEADERS
| # include <stdlib.h>
| # include <stddef.h>
| #else
| # ifdef HAVE_STDLIB_H
| #  include <stdlib.h>
| # endif
| #endif
| #ifdef HAVE_STRING_H
| # if !defined STDC_HEADERS && defined HAVE_MEMORY_H
| #  include <memory.h>
| # endif
| # include <string.h>
| #endif
| #ifdef HAVE_STRINGS_H
| # include <strings.h>
| #endif
| #ifdef HAVE_INTTYPES_H
| # include <inttypes.h>
| #endif
| #ifdef HAVE_STDINT_H
| # include <stdint.h>
| #endif
| #ifdef HAVE_UNISTD_H
| # include <unistd.h>
| #endif
| #include <fishsound/fishsound.h>
configure:6647: result: no
configure:6647: checking fishsound/fishsound.h presence
configure:6647: g++ -E  conftest.cpp
conftest.cpp:19:33: error: fishsound/fishsound.h: No such file or directory
configure:6647: $? = 1
configure: failed program was:
| /* confdefs.h */
| #define PACKAGE_NAME "SVcore"
| #define PACKAGE_TARNAME "svcore"
| #define PACKAGE_VERSION "1.8"
| #define PACKAGE_STRING "SVcore 1.8"
| #define PACKAGE_BUGREPORT "cannam@all-day-breakfast.com"
| #define PACKAGE_URL ""
| #define STDC_HEADERS 1
| #define HAVE_SYS_TYPES_H 1
| #define HAVE_SYS_STAT_H 1
| #define HAVE_STDLIB_H 1
| #define HAVE_STRING_H 1
| #define HAVE_MEMORY_H 1
| #define HAVE_STRINGS_H 1
| #define HAVE_INTTYPES_H 1
| #define HAVE_STDINT_H 1
| #define HAVE_UNISTD_H 1
| /* end confdefs.h.  */
| #include <fishsound/fishsound.h>
configure:6647: result: no
configure:6647: checking for fishsound/fishsound.h
configure:6647: result: no
configure:6651: Failed to find header fishsound/fishsound.h for optional module fishsound
configure:6728: checking for mad
configure:6735: $PKG_CONFIG --exists --print-errors "$SV_MODULE_VERSION_TEST"
Package mad was not found in the pkg-config search path.
Perhaps you should add the directory containing `mad.pc'
to the PKG_CONFIG_PATH environment variable
No package 'mad' found
configure:6738: $? = 1
configure:6752: $PKG_CONFIG --exists --print-errors "$SV_MODULE_VERSION_TEST"
Package mad was not found in the pkg-config search path.
Perhaps you should add the directory containing `mad.pc'
to the PKG_CONFIG_PATH environment variable
No package 'mad' found
configure:6755: $? = 1
configure:6769: result: no
No package 'mad' found
configure:6785: Failed to find optional module mad using pkg-config, trying again by old-fashioned means
configure:6802: checking mad.h usability
configure:6802: g++ -c -g0 -O2 -Wall -pipe -DNDEBUG -DBUILD_RELEASE -DNO_TIMING -Ic:/qt/mingw-4.4/include   -Ic:/qt/mingw-4.4/include   -Ic:/qt/mingw-4.4/include   -Ic:/qt/mingw-4.4/include   -Ic:/qt/mingw-4.4/include   -Ic:/qt/mingw-4.4/include   -Ic:/qt/mingw-4.4/include   -Ic:/qt/mingw-4.4/include   -Ic:/qt/mingw-4.4/include   -mthreads -Ic:/qt/mingw-4.4/include    conftest.cpp >&5
conftest.cpp:52:17: error: mad.h: No such file or directory
configure:6802: $? = 1
configure: failed program was:
| /* confdefs.h */
| #define PACKAGE_NAME "SVcore"
| #define PACKAGE_TARNAME "svcore"
| #define PACKAGE_VERSION "1.8"
| #define PACKAGE_STRING "SVcore 1.8"
| #define PACKAGE_BUGREPORT "cannam@all-day-breakfast.com"
| #define PACKAGE_URL ""
| #define STDC_HEADERS 1
| #define HAVE_SYS_TYPES_H 1
| #define HAVE_SYS_STAT_H 1
| #define HAVE_STDLIB_H 1
| #define HAVE_STRING_H 1
| #define HAVE_MEMORY_H 1
| #define HAVE_STRINGS_H 1
| #define HAVE_INTTYPES_H 1
| #define HAVE_STDINT_H 1
| #define HAVE_UNISTD_H 1
| /* end confdefs.h.  */
| #include <stdio.h>
| #ifdef HAVE_SYS_TYPES_H
| # include <sys/types.h>
| #endif
| #ifdef HAVE_SYS_STAT_H
| # include <sys/stat.h>
| #endif
| #ifdef STDC_HEADERS
| # include <stdlib.h>
| # include <stddef.h>
| #else
| # ifdef HAVE_STDLIB_H
| #  include <stdlib.h>
| # endif
| #endif
| #ifdef HAVE_STRING_H
| # if !defined STDC_HEADERS && defined HAVE_MEMORY_H
| #  include <memory.h>
| # endif
| # include <string.h>
| #endif
| #ifdef HAVE_STRINGS_H
| # include <strings.h>
| #endif
| #ifdef HAVE_INTTYPES_H
| # include <inttypes.h>
| #endif
| #ifdef HAVE_STDINT_H
| # include <stdint.h>
| #endif
| #ifdef HAVE_UNISTD_H
| # include <unistd.h>
| #endif
| #include <mad.h>
configure:6802: result: no
configure:6802: checking mad.h presence
configure:6802: g++ -E  conftest.cpp
conftest.cpp:19:17: error: mad.h: No such file or directory
configure:6802: $? = 1
configure: failed program was:
| /* confdefs.h */
| #define PACKAGE_NAME "SVcore"
| #define PACKAGE_TARNAME "svcore"
| #define PACKAGE_VERSION "1.8"
| #define PACKAGE_STRING "SVcore 1.8"
| #define PACKAGE_BUGREPORT "cannam@all-day-breakfast.com"
| #define PACKAGE_URL ""
| #define STDC_HEADERS 1
| #define HAVE_SYS_TYPES_H 1
| #define HAVE_SYS_STAT_H 1
| #define HAVE_STDLIB_H 1
| #define HAVE_STRING_H 1
| #define HAVE_MEMORY_H 1
| #define HAVE_STRINGS_H 1
| #define HAVE_INTTYPES_H 1
| #define HAVE_STDINT_H 1
| #define HAVE_UNISTD_H 1
| /* end confdefs.h.  */
| #include <mad.h>
configure:6802: result: no
configure:6802: checking for mad.h
configure:6802: result: no
configure:6806: Failed to find header mad.h for optional module mad
configure:6883: checking for id3tag
configure:6890: $PKG_CONFIG --exists --print-errors "$SV_MODULE_VERSION_TEST"
Package id3tag was not found in the pkg-config search path.
Perhaps you should add the directory containing `id3tag.pc'
to the PKG_CONFIG_PATH environment variable
No package 'id3tag' found
configure:6893: $? = 1
configure:6907: $PKG_CONFIG --exists --print-errors "$SV_MODULE_VERSION_TEST"
Package id3tag was not found in the pkg-config search path.
Perhaps you should add the directory containing `id3tag.pc'
to the PKG_CONFIG_PATH environment variable
No package 'id3tag' found
configure:6910: $? = 1
configure:6924: result: no
No package 'id3tag' found
configure:6940: Failed to find optional module id3tag using pkg-config, trying again by old-fashioned means
configure:6957: checking id3tag.h usability
configure:6957: g++ -c -g0 -O2 -Wall -pipe -DNDEBUG -DBUILD_RELEASE -DNO_TIMING -Ic:/qt/mingw-4.4/include   -Ic:/qt/mingw-4.4/include   -Ic:/qt/mingw-4.4/include   -Ic:/qt/mingw-4.4/include   -Ic:/qt/mingw-4.4/include   -Ic:/qt/mingw-4.4/include   -Ic:/qt/mingw-4.4/include   -Ic:/qt/mingw-4.4/include   -Ic:/qt/mingw-4.4/include   -mthreads -Ic:/qt/mingw-4.4/include    conftest.cpp >&5
conftest.cpp:52:20: error: id3tag.h: No such file or directory
configure:6957: $? = 1
configure: failed program was:
| /* confdefs.h */
| #define PACKAGE_NAME "SVcore"
| #define PACKAGE_TARNAME "svcore"
| #define PACKAGE_VERSION "1.8"
| #define PACKAGE_STRING "SVcore 1.8"
| #define PACKAGE_BUGREPORT "cannam@all-day-breakfast.com"
| #define PACKAGE_URL ""
| #define STDC_HEADERS 1
| #define HAVE_SYS_TYPES_H 1
| #define HAVE_SYS_STAT_H 1
| #define HAVE_STDLIB_H 1
| #define HAVE_STRING_H 1
| #define HAVE_MEMORY_H 1
| #define HAVE_STRINGS_H 1
| #define HAVE_INTTYPES_H 1
| #define HAVE_STDINT_H 1
| #define HAVE_UNISTD_H 1
| /* end confdefs.h.  */
| #include <stdio.h>
| #ifdef HAVE_SYS_TYPES_H
| # include <sys/types.h>
| #endif
| #ifdef HAVE_SYS_STAT_H
| # include <sys/stat.h>
| #endif
| #ifdef STDC_HEADERS
| # include <stdlib.h>
| # include <stddef.h>
| #else
| # ifdef HAVE_STDLIB_H
| #  include <stdlib.h>
| # endif
| #endif
| #ifdef HAVE_STRING_H
| # if !defined STDC_HEADERS && defined HAVE_MEMORY_H
| #  include <memory.h>
| # endif
| # include <string.h>
| #endif
| #ifdef HAVE_STRINGS_H
| # include <strings.h>
| #endif
| #ifdef HAVE_INTTYPES_H
| # include <inttypes.h>
| #endif
| #ifdef HAVE_STDINT_H
| # include <stdint.h>
| #endif
| #ifdef HAVE_UNISTD_H
| # include <unistd.h>
| #endif
| #include <id3tag.h>
configure:6957: result: no
configure:6957: checking id3tag.h presence
configure:6957: g++ -E  conftest.cpp
conftest.cpp:19:20: error: id3tag.h: No such file or directory
configure:6957: $? = 1
configure: failed program was:
| /* confdefs.h */
| #define PACKAGE_NAME "SVcore"
| #define PACKAGE_TARNAME "svcore"
| #define PACKAGE_VERSION "1.8"
| #define PACKAGE_STRING "SVcore 1.8"
| #define PACKAGE_BUGREPORT "cannam@all-day-breakfast.com"
| #define PACKAGE_URL ""
| #define STDC_HEADERS 1
| #define HAVE_SYS_TYPES_H 1
| #define HAVE_SYS_STAT_H 1
| #define HAVE_STDLIB_H 1
| #define HAVE_STRING_H 1
| #define HAVE_MEMORY_H 1
| #define HAVE_STRINGS_H 1
| #define HAVE_INTTYPES_H 1
| #define HAVE_STDINT_H 1
| #define HAVE_UNISTD_H 1
| /* end confdefs.h.  */
| #include <id3tag.h>
configure:6957: result: no
configure:6957: checking for id3tag.h
configure:6957: result: no
configure:6961: Failed to find header id3tag.h for optional module id3tag
configure:7189: creating ./config.status

## ---------------------- ##
## Running config.status. ##
## ---------------------- ##

This file was extended by SVcore config.status 1.8, which was
generated by GNU Autoconf 2.69.  Invocation command line was

  CONFIG_FILES    = 
  CONFIG_HEADERS  = 
  CONFIG_LINKS    = 
  CONFIG_COMMANDS = 
  $ ./config.status 

on LEAF

config.status:785: creating config.pri
configure:8221:

Configuration complete.
Please check the above messages for any warnings that you
might care about, and then run "make".

The file config.pri contains the configuration settings for
qmake.  If you want to adjust these by hand, edit config.pri
and run "qmake -r" again to regenerate the Makefile.


## ---------------- ##
## Cache variables. ##
## ---------------- ##

ac_cv_c_compiler_gnu=yes
ac_cv_cxx_compiler_gnu=yes
ac_cv_env_CCC_set=
ac_cv_env_CCC_value=
ac_cv_env_CC_set=
ac_cv_env_CC_value=
ac_cv_env_CFLAGS_set=
ac_cv_env_CFLAGS_value=
ac_cv_env_CPPFLAGS_set=
ac_cv_env_CPPFLAGS_value=
ac_cv_env_CXXCPP_set=
ac_cv_env_CXXCPP_value=
ac_cv_env_CXXFLAGS_set=
ac_cv_env_CXXFLAGS_value=
ac_cv_env_CXX_set=
ac_cv_env_CXX_value=
ac_cv_env_JACK_CFLAGS_set=
ac_cv_env_JACK_CFLAGS_value=
ac_cv_env_JACK_LIBS_set=
ac_cv_env_JACK_LIBS_value=
ac_cv_env_LDFLAGS_set=
ac_cv_env_LDFLAGS_value=
ac_cv_env_LIBS_set=
ac_cv_env_LIBS_value=
ac_cv_env_PKG_CONFIG_LIBDIR_set=
ac_cv_env_PKG_CONFIG_LIBDIR_value=
ac_cv_env_PKG_CONFIG_PATH_set=set
ac_cv_env_PKG_CONFIG_PATH_value=/usr/local/lib/pkgconfig/
ac_cv_env_PKG_CONFIG_set=
ac_cv_env_PKG_CONFIG_value=
ac_cv_env_build_alias_set=
ac_cv_env_build_alias_value=
ac_cv_env_bz2_CFLAGS_set=
ac_cv_env_bz2_CFLAGS_value=
ac_cv_env_bz2_LIBS_set=
ac_cv_env_bz2_LIBS_value=
ac_cv_env_dataquay_CFLAGS_set=
ac_cv_env_dataquay_CFLAGS_value=
ac_cv_env_dataquay_LIBS_set=
ac_cv_env_dataquay_LIBS_value=
ac_cv_env_fftw3_CFLAGS_set=
ac_cv_env_fftw3_CFLAGS_value=
ac_cv_env_fftw3_LIBS_set=
ac_cv_env_fftw3_LIBS_value=
ac_cv_env_fftw3f_CFLAGS_set=
ac_cv_env_fftw3f_CFLAGS_value=
ac_cv_env_fftw3f_LIBS_set=
ac_cv_env_fftw3f_LIBS_value=
ac_cv_env_fishsound_CFLAGS_set=
ac_cv_env_fishsound_CFLAGS_value=
ac_cv_env_fishsound_LIBS_set=
ac_cv_env_fishsound_LIBS_value=
ac_cv_env_host_alias_set=
ac_cv_env_host_alias_value=
ac_cv_env_id3tag_CFLAGS_set=
ac_cv_env_id3tag_CFLAGS_value=
ac_cv_env_id3tag_LIBS_set=
ac_cv_env_id3tag_LIBS_value=
ac_cv_env_liblo_CFLAGS_set=
ac_cv_env_liblo_CFLAGS_value=
ac_cv_env_liblo_LIBS_set=
ac_cv_env_liblo_LIBS_value=
ac_cv_env_libpulse_CFLAGS_set=
ac_cv_env_libpulse_CFLAGS_value=
ac_cv_env_libpulse_LIBS_set=
ac_cv_env_libpulse_LIBS_value=
ac_cv_env_lrdf_CFLAGS_set=
ac_cv_env_lrdf_CFLAGS_value=
ac_cv_env_lrdf_LIBS_set=
ac_cv_env_lrdf_LIBS_value=
ac_cv_env_mad_CFLAGS_set=
ac_cv_env_mad_CFLAGS_value=
ac_cv_env_mad_LIBS_set=
ac_cv_env_mad_LIBS_value=
ac_cv_env_oggz_CFLAGS_set=
ac_cv_env_oggz_CFLAGS_value=
ac_cv_env_oggz_LIBS_set=
ac_cv_env_oggz_LIBS_value=
ac_cv_env_portaudio_2_0_CFLAGS_set=
ac_cv_env_portaudio_2_0_CFLAGS_value=
ac_cv_env_portaudio_2_0_LIBS_set=
ac_cv_env_portaudio_2_0_LIBS_value=
ac_cv_env_rubberband_CFLAGS_set=
ac_cv_env_rubberband_CFLAGS_value=
ac_cv_env_rubberband_LIBS_set=
ac_cv_env_rubberband_LIBS_value=
ac_cv_env_samplerate_CFLAGS_set=
ac_cv_env_samplerate_CFLAGS_value=
ac_cv_env_samplerate_LIBS_set=
ac_cv_env_samplerate_LIBS_value=
ac_cv_env_sndfile_CFLAGS_set=
ac_cv_env_sndfile_CFLAGS_value=
ac_cv_env_sndfile_LIBS_set=
ac_cv_env_sndfile_LIBS_value=
ac_cv_env_target_alias_set=
ac_cv_env_target_alias_value=
ac_cv_env_vamp_CFLAGS_set=
ac_cv_env_vamp_CFLAGS_value=
ac_cv_env_vamp_LIBS_set=
ac_cv_env_vamp_LIBS_value=
ac_cv_env_vamphostsdk_CFLAGS_set=
ac_cv_env_vamphostsdk_CFLAGS_value=
ac_cv_env_vamphostsdk_LIBS_set=
ac_cv_env_vamphostsdk_LIBS_value=
ac_cv_exeext=.exe
ac_cv_header_fishsound_fishsound_h=no
ac_cv_header_id3tag_h=no
ac_cv_header_inttypes_h=yes
ac_cv_header_jack_jack_h=no
ac_cv_header_lo_lo_h=no
ac_cv_header_lrdf_h=no
ac_cv_header_mad_h=no
ac_cv_header_memory_h=yes
ac_cv_header_oggz_oggz_h=no
ac_cv_header_pulse_pulseaudio_h=no
ac_cv_header_stdc=yes
ac_cv_header_stdint_h=yes
ac_cv_header_stdlib_h=yes
ac_cv_header_string_h=yes
ac_cv_header_strings_h=yes
ac_cv_header_sys_stat_h=yes
ac_cv_header_sys_types_h=yes
ac_cv_header_unistd_h=yes
ac_cv_objext=o
ac_cv_path_EGREP='/bin/grep -E'
ac_cv_path_GREP=/bin/grep
ac_cv_path_ac_pt_PKG_CONFIG=/bin/pkg-config
ac_cv_path_install='/bin/install -c'
ac_cv_path_mkdir=/bin/mkdir
ac_cv_prog_CXXCPP='g++ -E'
ac_cv_prog_QMAKE=qmake
ac_cv_prog_ac_ct_CC=gcc
ac_cv_prog_ac_ct_CXX=g++
ac_cv_prog_cc_c89=
ac_cv_prog_cc_g=yes
ac_cv_prog_cxx_g=yes
pkg_cv_bz2_CFLAGS='-Ic:/qt/mingw-4.4/include  '
pkg_cv_bz2_LIBS='-Lc:/qt/mingw-4.4/lib -lbz2  '
pkg_cv_dataquay_CFLAGS='-Ic:/qt/mingw-4.4/include  '
pkg_cv_dataquay_LIBS='-Lc:/qt/mingw-4.4/lib -ldataquay -lserd-0 -lsord-0  '
pkg_cv_fftw3_CFLAGS='-Ic:/qt/mingw-4.4/include  '
pkg_cv_fftw3_LIBS='-Lc:/qt/mingw-4.4/lib -lfftw3 -lm  '
pkg_cv_fftw3f_CFLAGS='-Ic:/qt/mingw-4.4/include  '
pkg_cv_fftw3f_LIBS='-Lc:/qt/mingw-4.4/lib -lfftw3f -lm  '
pkg_cv_portaudio_2_0_CFLAGS='-mthreads -Ic:/qt/mingw-4.4/include  '
pkg_cv_portaudio_2_0_LIBS='-Lc:/qt/mingw-4.4/lib -lportaudio -lwinmm -lm -lole32 -luuid  '
pkg_cv_rubberband_CFLAGS='-Ic:/qt/mingw-4.4/include  '
pkg_cv_rubberband_LIBS='-Lc:/qt/mingw-4.4/lib -lrubberband  '
pkg_cv_samplerate_CFLAGS='-Ic:/qt/mingw-4.4/include  '
pkg_cv_samplerate_LIBS='-Lc:/qt/mingw-4.4/lib -lsamplerate  '
pkg_cv_sndfile_CFLAGS='-Ic:/qt/mingw-4.4/include  '
pkg_cv_sndfile_LIBS='-Lc:/qt/mingw-4.4/lib -lsndfile  '
pkg_cv_vamp_CFLAGS='-Ic:/qt/mingw-4.4/include  '
pkg_cv_vamp_LIBS=' '
pkg_cv_vamphostsdk_CFLAGS='-Ic:/qt/mingw-4.4/include  '
pkg_cv_vamphostsdk_LIBS='-Lc:/qt/mingw-4.4/lib -lvamp-hostsdk -ldl  '

## ----------------- ##
## Output variables. ##
## ----------------- ##

CC='gcc'
CFLAGS='-g -O2'
CODENAME=''
CPPFLAGS=''
CUT=''
CXX='g++'
CXXCPP='g++ -E'
CXXFLAGS='-g0 -O2 -Wall -pipe -DNDEBUG -DBUILD_RELEASE -DNO_TIMING -Ic:/qt/mingw-4.4/include   -Ic:/qt/mingw-4.4/include   -Ic:/qt/mingw-4.4/include   -Ic:/qt/mingw-4.4/include   -Ic:/qt/mingw-4.4/include   -Ic:/qt/mingw-4.4/include   -Ic:/qt/mingw-4.4/include   -Ic:/qt/mingw-4.4/include   -Ic:/qt/mingw-4.4/include   -mthreads -Ic:/qt/mingw-4.4/include  '
CXXFLAGS_MINIMAL='-g0 -O0'
DEFS='-DPACKAGE_NAME=\"SVcore\" -DPACKAGE_TARNAME=\"svcore\" -DPACKAGE_VERSION=\"1.8\" -DPACKAGE_STRING=\"SVcore\ 1.8\" -DPACKAGE_BUGREPORT=\"cannam@all-day-breakfast.com\" -DPACKAGE_URL=\"\" -DSTDC_HEADERS=1 -DHAVE_SYS_TYPES_H=1 -DHAVE_SYS_STAT_H=1 -DHAVE_STDLIB_H=1 -DHAVE_STRING_H=1 -DHAVE_MEMORY_H=1 -DHAVE_STRINGS_H=1 -DHAVE_INTTYPES_H=1 -DHAVE_STDINT_H=1 -DHAVE_UNISTD_H=1'
ECHO_C=''
ECHO_N='-n'
ECHO_T=''
EGREP='/bin/grep -E'
EXEEXT='.exe'
GREP='/bin/grep'
HAVES=' HAVE_BZ2 HAVE_FFTW3 HAVE_FFTW3F HAVE_SNDFILE HAVE_SAMPLERATE HAVE_VAMP HAVE_VAMPHOSTSDK HAVE_RUBBERBAND HAVE_DATAQUAY HAVE_PORTAUDIO_2_0'
INSTALL_DATA='${INSTALL} -m 644'
INSTALL_PROGRAM='${INSTALL}'
INSTALL_SCRIPT='${INSTALL}'
JACK_CFLAGS=''
JACK_LIBS=''
LDFLAGS=''
LIBOBJS=''
LIBS=' -Lc:/qt/mingw-4.4/lib -lbz2   -Lc:/qt/mingw-4.4/lib -lfftw3 -lm   -Lc:/qt/mingw-4.4/lib -lfftw3f -lm   -Lc:/qt/mingw-4.4/lib -lsndfile   -Lc:/qt/mingw-4.4/lib -lsamplerate     -Lc:/qt/mingw-4.4/lib -lvamp-hostsdk -ldl   -Lc:/qt/mingw-4.4/lib -lrubberband   -Lc:/qt/mingw-4.4/lib -ldataquay -lserd-0 -lsord-0   -Lc:/qt/mingw-4.4/lib -lportaudio -lwinmm -lm -lole32 -luuid  '
LTLIBOBJS=''
MAKEDEPEND=''
MKDIR_P='/bin/mkdir -p'
OBJEXT='o'
PACKAGE_BUGREPORT='cannam@all-day-breakfast.com'
PACKAGE_NAME='SVcore'
PACKAGE_STRING='SVcore 1.8'
PACKAGE_TARNAME='svcore'
PACKAGE_URL=''
PACKAGE_VERSION='1.8'
PATH_SEPARATOR=':'
PERL=''
PKG_CONFIG='/bin/pkg-config'
PKG_CONFIG_LIBDIR=''
PKG_CONFIG_PATH='/usr/local/lib/pkgconfig/'
QMAKE='qmake'
QMAKE_CONFIG='release'
SHA1SUM=''
SHELL='/bin/sh'
XARGS=''
ac_ct_CC='gcc'
ac_ct_CXX='g++'
bindir='${exec_prefix}/bin'
build_alias=''
bz2_CFLAGS='-Ic:/qt/mingw-4.4/include  '
bz2_LIBS='-Lc:/qt/mingw-4.4/lib -lbz2  '
datadir='${datarootdir}'
dataquay_CFLAGS='-Ic:/qt/mingw-4.4/include  '
dataquay_LIBS='-Lc:/qt/mingw-4.4/lib -ldataquay -lserd-0 -lsord-0  '
datarootdir='${prefix}/share'
docdir='${datarootdir}/doc/${PACKAGE_TARNAME}'
dvidir='${docdir}'
exec_prefix='${prefix}'
fftw3_CFLAGS='-Ic:/qt/mingw-4.4/include  '
fftw3_LIBS='-Lc:/qt/mingw-4.4/lib -lfftw3 -lm  '
fftw3f_CFLAGS='-Ic:/qt/mingw-4.4/include  '
fftw3f_LIBS='-Lc:/qt/mingw-4.4/lib -lfftw3f -lm  '
fishsound_CFLAGS=''
fishsound_LIBS=''
host_alias=''
htmldir='${docdir}'
id3tag_CFLAGS=''
id3tag_LIBS=''
includedir='${prefix}/include'
infodir='${datarootdir}/info'
libdir='${exec_prefix}/lib'
libexecdir='${exec_prefix}/libexec'
liblo_CFLAGS=''
liblo_LIBS=''
libpulse_CFLAGS=''
libpulse_LIBS=''
localedir='${datarootdir}/locale'
localstatedir='${prefix}/var'
lrdf_CFLAGS=''
lrdf_LIBS=''
mad_CFLAGS=''
mad_LIBS=''
mandir='${datarootdir}/man'
oggz_CFLAGS=''
oggz_LIBS=''
oldincludedir='/usr/include'
pdfdir='${docdir}'
portaudio_2_0_CFLAGS='-mthreads -Ic:/qt/mingw-4.4/include  '
portaudio_2_0_LIBS='-Lc:/qt/mingw-4.4/lib -lportaudio -lwinmm -lm -lole32 -luuid  '
prefix='/usr/local'
program_transform_name='s,x,x,'
psdir='${docdir}'
rubberband_CFLAGS='-Ic:/qt/mingw-4.4/include  '
rubberband_LIBS='-Lc:/qt/mingw-4.4/lib -lrubberband  '
samplerate_CFLAGS='-Ic:/qt/mingw-4.4/include  '
samplerate_LIBS='-Lc:/qt/mingw-4.4/lib -lsamplerate  '
sbindir='${exec_prefix}/sbin'
sharedstatedir='${prefix}/com'
sndfile_CFLAGS='-Ic:/qt/mingw-4.4/include  '
sndfile_LIBS='-Lc:/qt/mingw-4.4/lib -lsndfile  '
sysconfdir='${prefix}/etc'
target_alias=''
vamp_CFLAGS='-Ic:/qt/mingw-4.4/include  '
vamp_LIBS=' '
vamphostsdk_CFLAGS='-Ic:/qt/mingw-4.4/include  '
vamphostsdk_LIBS='-Lc:/qt/mingw-4.4/lib -lvamp-hostsdk -ldl  '

## ----------- ##
## confdefs.h. ##
## ----------- ##

/* confdefs.h */
#define PACKAGE_NAME "SVcore"
#define PACKAGE_TARNAME "svcore"
#define PACKAGE_VERSION "1.8"
#define PACKAGE_STRING "SVcore 1.8"
#define PACKAGE_BUGREPORT "cannam@all-day-breakfast.com"
#define PACKAGE_URL ""
#define STDC_HEADERS 1
#define HAVE_SYS_TYPES_H 1
#define HAVE_SYS_STAT_H 1
#define HAVE_STDLIB_H 1
#define HAVE_STRING_H 1
#define HAVE_MEMORY_H 1
#define HAVE_STRINGS_H 1
#define HAVE_INTTYPES_H 1
#define HAVE_STDINT_H 1
#define HAVE_UNISTD_H 1

configure: exit 0
