This file contains any messages produced by compilers while
running configure, to aid debugging if configure makes a mistake.

It was created by vamp-plugin-sdk configure 2.5, which was
generated by GNU Autoconf 2.69.  Invocation command line was

  $ ./configure --disable-programs

## --------- ##
## Platform. ##
## --------- ##

hostname = Silver
uname -m = i686
uname -r = 1.0.17(0.48/3/2)
uname -s = MINGW32_NT-6.2
uname -v = 2011-04-24 23:39

/usr/bin/uname -p = unknown
/bin/uname -X     = unknown

/bin/arch              = unknown
/usr/bin/arch -k       = unknown
/usr/convex/getsysinfo = unknown
/usr/bin/hostinfo      = unknown
/bin/machine           = unknown
/usr/bin/oslevel       = unknown
/bin/universe          = unknown

PATH: .
PATH: /usr/local/bin
PATH: /mingw/bin
PATH: /bin
PATH: /c/ProgramData/Oracle/Java/javapath
PATH: /usr/local/bin
PATH: /c/Python27/Lib/site-packages/PyQt4
PATH: /c/Python34/Lib/site-packages/PyQt5
PATH: /c/Python34/
PATH: /c/Program Files (x86)/NVIDIA Corporation/PhysX/Common
PATH: /c/Program Files (x86)/Intel/iCLS Client/
PATH: /c/Program Files/Intel/iCLS Client/
PATH: /c/Windows/system32
PATH: /c/Windows
PATH: /c/Windows/System32/Wbem
PATH: /c/Windows/System32/WindowsPowerShell/v1.0/
PATH: /c/Program Files/Intel/Intel(R) Management Engine Components/DAL
PATH: /c/Program Files/Intel/Intel(R) Management Engine Components/IPT
PATH: /c/Program Files (x86)/Intel/Intel(R) Management Engine Components/DAL
PATH: /c/Program Files (x86)/Intel/Intel(R) Management Engine Components/IPT
PATH: /c/Program Files/TortoiseGit/bin
PATH: /c/Program Files/TortoiseSVN/bin
PATH: /c/Program Files/TortoiseHg/
PATH: /c/Program Files (x86)/MySQL/MySQL Utilities 1.4.3/
PATH: /c/Program Files (x86)/MySQL/MySQL Utilities 1.4.3/Doctrine extensions for PHP/
PATH: /c/Program Files (x86)/PsychoPy2
PATH: /c/Program Files (x86)/PsychoPy2/DLLs
PATH: /c/Program Files (x86)/CMake/bin
PATH: /c/strawberry/c/bin
PATH: /c/strawberry/perl/site/bin
PATH: /c/strawberry/perl/bin
PATH: /c/Program Files/Microsoft SQL Server/110/Tools/Binn/
PATH: /c/Program Files (x86)/sox-14-4-1/
PATH: /c/Program Files/MATLAB/R2015a/bin
PATH: /c/Program Files (x86)/Common Files/Acronis/SnapAPI/
PATH: /c/Program Files (x86)/DevDesktop/drush
PATH: /c/Program Files (x86)/Skype/Phone/
PATH: /c/Program Files/Intel/WiFi/bin/
PATH: /c/Program Files/Common Files/Intel/WirelessCommon/
PATH: /c/Program Files (x86)/Java/jre1.8.0_71/bin
PATH: /c/Program Files (x86)/ffmpeg/bin
PATH: /c/Program Files (x86)/QuickTime/QTSystem/
PATH: /c/Program Files (x86)/MATLAB/MATLAB Component Runtime/v77/runtime/win32
PATH: /c/Program Files (x86)/TranscriberAG/libs
PATH: /c/Program Files (x86)/TranscriberAG/libs/gtkmm/bin


## ----------- ##
## Core tests. ##
## ----------- ##

configure:2062: checking for g++
configure:2078: found /usr/local/bin/g++
configure:2089: result: g++
configure:2116: checking for C++ compiler version
configure:2125: g++ --version >&5
g++.exe (i686-posix-dwarf-rev0, Built by MinGW-W64 project) 5.3.0
Copyright (C) 2015 Free Software Foundation, Inc.
This is free software; see the source for copying conditions.  There is NO
warranty; not even for MERCHANTABILITY or FITNESS FOR A PARTICULAR PURPOSE.

configure:2136: $? = 0
configure:2125: g++ -v >&5
Using built-in specs.
COLLECT_GCC=c:\qt\5.8.0-x32\Tools\mingw530_32\bin\g++.exe
COLLECT_LTO_WRAPPER=c:/qt/5.8.0-x32/Tools/mingw530_32/bin/../libexec/gcc/i686-w64-mingw32/5.3.0/lto-wrapper.exe
Target: i686-w64-mingw32
Configured with: ../../../src/gcc-5.3.0/configure --host=i686-w64-mingw32 --build=i686-w64-mingw32 --target=i686-w64-mingw32 --prefix=/mingw32 --with-sysroot=/c/mingw530/i686-530-posix-dwarf-rt_v4-rev0/mingw32 --with-gxx-include-dir=/mingw32/i686-w64-mingw32/include/c++ --enable-shared --enable-static --disable-multilib --enable-languages=c,c++,fortran,lto --enable-libstdcxx-time=yes --enable-threads=posix --enable-libgomp --enable-libatomic --enable-lto --enable-graphite --enable-checking=release --enable-fully-dynamic-string --enable-version-specific-runtime-libs --disable-sjlj-exceptions --with-dwarf2 --disable-isl-version-check --disable-libstdcxx-pch --disable-libstdcxx-debug --enable-bootstrap --disable-rpath --disable-win32-registry --disable-nls --disable-werror --disable-symvers --with-gnu-as --with-gnu-ld --with-arch=i686 --with-tune=generic --with-libiconv --with-system-zlib --with-gmp=/c/mingw530/prerequisites/i686-w64-mingw32-static --with-mpfr=/c/mingw530/prerequisites/i686-w64-mingw32-static --with-mpc=/c/mingw530/prerequisites/i686-w64-mingw32-static --with-isl=/c/mingw530/prerequisites/i686-w64-mingw32-static --with-pkgversion='i686-posix-dwarf-rev0, Built by MinGW-W64 project' --with-bugurl=http://sourceforge.net/projects/mingw-w64 CFLAGS='-O2 -pipe -I/c/mingw530/i686-530-posix-dwarf-rt_v4-rev0/mingw32/opt/include -I/c/mingw530/prerequisites/i686-zlib-static/include -I/c/mingw530/prerequisites/i686-w64-mingw32-static/include' CXXFLAGS='-O2 -pipe -I/c/mingw530/i686-530-posix-dwarf-rt_v4-rev0/mingw32/opt/include -I/c/mingw530/prerequisites/i686-zlib-static/include -I/c/mingw530/prerequisites/i686-w64-mingw32-static/include' CPPFLAGS= LDFLAGS='-pipe -L/c/mingw530/i686-530-posix-dwarf-rt_v4-rev0/mingw32/opt/lib -L/c/mingw530/prerequisites/i686-zlib-static/lib -L/c/mingw530/prerequisites/i686-w64-mingw32-static/lib -Wl,--large-address-aware'
Thread model: posix
gcc version 5.3.0 (i686-posix-dwarf-rev0, Built by MinGW-W64 project) 
configure:2136: $? = 0
configure:2125: g++ -V >&5
g++.exe: error: unrecognized command line option '-V'
g++.exe: fatal error: no input files
compilation terminated.
configure:2136: $? = 1
configure:2125: g++ -qversion >&5
g++.exe: error: unrecognized command line option '-qversion'
g++.exe: fatal error: no input files
compilation terminated.
configure:2136: $? = 1
configure:2156: checking whether the C++ compiler works
configure:2178: g++    conftest.cpp  >&5
configure:2182: $? = 0
configure:2230: result: yes
configure:2233: checking for C++ compiler default output file name
configure:2235: result: a.exe
configure:2241: checking for suffix of executables
configure:2248: g++ -o conftest.exe    conftest.cpp  >&5
configure:2252: $? = 0
configure:2274: result: .exe
configure:2296: checking whether we are cross compiling
configure:2304: g++ -o conftest.exe    conftest.cpp  >&5
configure:2308: $? = 0
configure:2315: ./conftest.exe
configure:2319: $? = 0
configure:2334: result: no
configure:2339: checking for suffix of object files
configure:2361: g++ -c   conftest.cpp >&5
configure:2365: $? = 0
configure:2386: result: o
configure:2390: checking whether we are using the GNU C++ compiler
configure:2409: g++ -c   conftest.cpp >&5
configure:2409: $? = 0
configure:2418: result: yes
configure:2427: checking whether g++ accepts -g
configure:2447: g++ -c -g  conftest.cpp >&5
configure:2447: $? = 0
configure:2488: result: yes
configure:2559: checking for gcc
configure:2575: found /usr/local/bin/gcc
configure:2586: result: gcc
configure:2815: checking for C compiler version
configure:2824: gcc --version >&5
gcc.exe (i686-posix-dwarf-rev0, Built by MinGW-W64 project) 5.3.0
Copyright (C) 2015 Free Software Foundation, Inc.
This is free software; see the source for copying conditions.  There is NO
warranty; not even for MERCHANTABILITY or FITNESS FOR A PARTICULAR PURPOSE.

configure:2835: $? = 0
configure:2824: gcc -v >&5
Using built-in specs.
COLLECT_GCC=c:\qt\5.8.0-x32\Tools\mingw530_32\bin\gcc.exe
COLLECT_LTO_WRAPPER=c:/qt/5.8.0-x32/Tools/mingw530_32/bin/../libexec/gcc/i686-w64-mingw32/5.3.0/lto-wrapper.exe
Target: i686-w64-mingw32
Configured with: ../../../src/gcc-5.3.0/configure --host=i686-w64-mingw32 --build=i686-w64-mingw32 --target=i686-w64-mingw32 --prefix=/mingw32 --with-sysroot=/c/mingw530/i686-530-posix-dwarf-rt_v4-rev0/mingw32 --with-gxx-include-dir=/mingw32/i686-w64-mingw32/include/c++ --enable-shared --enable-static --disable-multilib --enable-languages=c,c++,fortran,lto --enable-libstdcxx-time=yes --enable-threads=posix --enable-libgomp --enable-libatomic --enable-lto --enable-graphite --enable-checking=release --enable-fully-dynamic-string --enable-version-specific-runtime-libs --disable-sjlj-exceptions --with-dwarf2 --disable-isl-version-check --disable-libstdcxx-pch --disable-libstdcxx-debug --enable-bootstrap --disable-rpath --disable-win32-registry --disable-nls --disable-werror --disable-symvers --with-gnu-as --with-gnu-ld --with-arch=i686 --with-tune=generic --with-libiconv --with-system-zlib --with-gmp=/c/mingw530/prerequisites/i686-w64-mingw32-static --with-mpfr=/c/mingw530/prerequisites/i686-w64-mingw32-static --with-mpc=/c/mingw530/prerequisites/i686-w64-mingw32-static --with-isl=/c/mingw530/prerequisites/i686-w64-mingw32-static --with-pkgversion='i686-posix-dwarf-rev0, Built by MinGW-W64 project' --with-bugurl=http://sourceforge.net/projects/mingw-w64 CFLAGS='-O2 -pipe -I/c/mingw530/i686-530-posix-dwarf-rt_v4-rev0/mingw32/opt/include -I/c/mingw530/prerequisites/i686-zlib-static/include -I/c/mingw530/prerequisites/i686-w64-mingw32-static/include' CXXFLAGS='-O2 -pipe -I/c/mingw530/i686-530-posix-dwarf-rt_v4-rev0/mingw32/opt/include -I/c/mingw530/prerequisites/i686-zlib-static/include -I/c/mingw530/prerequisites/i686-w64-mingw32-static/include' CPPFLAGS= LDFLAGS='-pipe -L/c/mingw530/i686-530-posix-dwarf-rt_v4-rev0/mingw32/opt/lib -L/c/mingw530/prerequisites/i686-zlib-static/lib -L/c/mingw530/prerequisites/i686-w64-mingw32-static/lib -Wl,--large-address-aware'
Thread model: posix
gcc version 5.3.0 (i686-posix-dwarf-rev0, Built by MinGW-W64 project) 
configure:2835: $? = 0
configure:2824: gcc -V >&5
gcc.exe: error: unrecognized command line option '-V'
gcc.exe: fatal error: no input files
compilation terminated.
configure:2835: $? = 1
configure:2824: gcc -qversion >&5
gcc.exe: error: unrecognized command line option '-qversion'
gcc.exe: fatal error: no input files
compilation terminated.
configure:2835: $? = 1
configure:2839: checking whether we are using the GNU C compiler
configure:2858: gcc -c   conftest.c >&5
configure:2858: $? = 0
configure:2867: result: yes
configure:2876: checking whether gcc accepts -g
configure:2896: gcc -c -g  conftest.c >&5
configure:2896: $? = 0
configure:2937: result: yes
configure:2954: checking for gcc option to accept ISO C89
configure:3017: gcc  -c -g -O2  conftest.c >&5
configure:3017: $? = 0
configure:3030: result: none needed
configure:3056: checking how to run the C preprocessor
configure:3087: gcc -E  conftest.c
configure:3087: $? = 0
configure:3101: gcc -E  conftest.c
conftest.c:9:28: fatal error: ac_nonexistent.h: No such file or directory
compilation terminated.
configure:3101: $? = 1
configure: failed program was:
| /* confdefs.h */
| #define PACKAGE_NAME "vamp-plugin-sdk"
| #define PACKAGE_TARNAME "vamp-plugin-sdk"
| #define PACKAGE_VERSION "2.5"
| #define PACKAGE_STRING "vamp-plugin-sdk 2.5"
| #define PACKAGE_BUGREPORT "cannam@all-day-breakfast.com"
| #define PACKAGE_URL ""
| /* end confdefs.h.  */
| #include <ac_nonexistent.h>
configure:3126: result: gcc -E
configure:3146: gcc -E  conftest.c
configure:3146: $? = 0
configure:3160: gcc -E  conftest.c
conftest.c:9:28: fatal error: ac_nonexistent.h: No such file or directory
compilation terminated.
configure:3160: $? = 1
configure: failed program was:
| /* confdefs.h */
| #define PACKAGE_NAME "vamp-plugin-sdk"
| #define PACKAGE_TARNAME "vamp-plugin-sdk"
| #define PACKAGE_VERSION "2.5"
| #define PACKAGE_STRING "vamp-plugin-sdk 2.5"
| #define PACKAGE_BUGREPORT "cannam@all-day-breakfast.com"
| #define PACKAGE_URL ""
| /* end confdefs.h.  */
| #include <ac_nonexistent.h>
configure:3189: checking for grep that handles long lines and -e
configure:3247: result: /bin/grep
configure:3252: checking for egrep
configure:3314: result: /bin/grep -E
configure:3319: checking for ANSI C header files
configure:3339: gcc -c -g -O2  conftest.c >&5
configure:3339: $? = 0
configure:3412: gcc -o conftest.exe -g -O2   conftest.c  >&5
configure:3412: $? = 0
configure:3412: ./conftest.exe
configure:3412: $? = 0
configure:3423: result: yes
configure:3436: checking for sys/types.h
configure:3436: gcc -c -g -O2  conftest.c >&5
configure:3436: $? = 0
configure:3436: result: yes
configure:3436: checking for sys/stat.h
configure:3436: gcc -c -g -O2  conftest.c >&5
configure:3436: $? = 0
configure:3436: result: yes
configure:3436: checking for stdlib.h
configure:3436: gcc -c -g -O2  conftest.c >&5
configure:3436: $? = 0
configure:3436: result: yes
configure:3436: checking for string.h
configure:3436: gcc -c -g -O2  conftest.c >&5
configure:3436: $? = 0
configure:3436: result: yes
configure:3436: checking for memory.h
configure:3436: gcc -c -g -O2  conftest.c >&5
configure:3436: $? = 0
configure:3436: result: yes
configure:3436: checking for strings.h
configure:3436: gcc -c -g -O2  conftest.c >&5
configure:3436: $? = 0
configure:3436: result: yes
configure:3436: checking for inttypes.h
configure:3436: gcc -c -g -O2  conftest.c >&5
configure:3436: $? = 0
configure:3436: result: yes
configure:3436: checking for stdint.h
configure:3436: gcc -c -g -O2  conftest.c >&5
configure:3436: $? = 0
configure:3436: result: yes
configure:3436: checking for unistd.h
configure:3436: gcc -c -g -O2  conftest.c >&5
configure:3436: $? = 0
configure:3436: result: yes
configure:3448: checking whether byte ordering is bigendian
configure:3463: gcc -c -g -O2  conftest.c >&5
conftest.c:20:9: error: unknown type name 'not'
         not a universal capable compiler
         ^
conftest.c:20:15: error: expected '=', ',', ';', 'asm' or '__attribute__' before 'universal'
         not a universal capable compiler
               ^
conftest.c:20:15: error: unknown type name 'universal'
configure:3463: $? = 1
configure: failed program was:
| /* confdefs.h */
| #define PACKAGE_NAME "vamp-plugin-sdk"
| #define PACKAGE_TARNAME "vamp-plugin-sdk"
| #define PACKAGE_VERSION "2.5"
| #define PACKAGE_STRING "vamp-plugin-sdk 2.5"
| #define PACKAGE_BUGREPORT "cannam@all-day-breakfast.com"
| #define PACKAGE_URL ""
| #define STDC_HEADERS 1
| #define HAVE_SYS_TYPES_H 1
| #define HAVE_SYS_STAT_H 1
| #define HAVE_STDLIB_H 1
| #define HAVE_STRING_H 1
| #define HAVE_MEMORY_H 1
| #define HAVE_STRINGS_H 1
| #define HAVE_INTTYPES_H 1
| #define HAVE_STDINT_H 1
| #define HAVE_UNISTD_H 1
| /* end confdefs.h.  */
| #ifndef __APPLE_CC__
| 	       not a universal capable compiler
| 	     #endif
| 	     typedef int dummy;
| 
configure:3508: gcc -c -g -O2  conftest.c >&5
configure:3508: $? = 0
configure:3526: gcc -c -g -O2  conftest.c >&5
conftest.c: In function 'main':
conftest.c:26:4: error: unknown type name 'not'
    not big endian
    ^
conftest.c:26:12: error: expected '=', ',', ';', 'asm' or '__attribute__' before 'endian'
    not big endian
            ^
configure:3526: $? = 1
configure: failed program was:
| /* confdefs.h */
| #define PACKAGE_NAME "vamp-plugin-sdk"
| #define PACKAGE_TARNAME "vamp-plugin-sdk"
| #define PACKAGE_VERSION "2.5"
| #define PACKAGE_STRING "vamp-plugin-sdk 2.5"
| #define PACKAGE_BUGREPORT "cannam@all-day-breakfast.com"
| #define PACKAGE_URL ""
| #define STDC_HEADERS 1
| #define HAVE_SYS_TYPES_H 1
| #define HAVE_SYS_STAT_H 1
| #define HAVE_STDLIB_H 1
| #define HAVE_STRING_H 1
| #define HAVE_MEMORY_H 1
| #define HAVE_STRINGS_H 1
| #define HAVE_INTTYPES_H 1
| #define HAVE_STDINT_H 1
| #define HAVE_UNISTD_H 1
| /* end confdefs.h.  */
| #include <sys/types.h>
| 		#include <sys/param.h>
| 
| int
| main ()
| {
| #if BYTE_ORDER != BIG_ENDIAN
| 		 not big endian
| 		#endif
| 
|   ;
|   return 0;
| }
configure:3654: result: no
configure:3679: checking for library containing dlopen
configure:3710: gcc -o conftest.exe -g -O2   conftest.c  >&5
C:\Users\George\AppData\Local\Temp\ccQ1gZGM.o: In function `main':
d:\DEVELOP\Praaline\sv-dependency-builds\src\vamp-plugin-sdk-2.5/conftest.c:30: undefined reference to `dlopen'
collect2.exe: error: ld returned 1 exit status
configure:3710: $? = 1
configure: failed program was:
| /* confdefs.h */
| #define PACKAGE_NAME "vamp-plugin-sdk"
| #define PACKAGE_TARNAME "vamp-plugin-sdk"
| #define PACKAGE_VERSION "2.5"
| #define PACKAGE_STRING "vamp-plugin-sdk 2.5"
| #define PACKAGE_BUGREPORT "cannam@all-day-breakfast.com"
| #define PACKAGE_URL ""
| #define STDC_HEADERS 1
| #define HAVE_SYS_TYPES_H 1
| #define HAVE_SYS_STAT_H 1
| #define HAVE_STDLIB_H 1
| #define HAVE_STRING_H 1
| #define HAVE_MEMORY_H 1
| #define HAVE_STRINGS_H 1
| #define HAVE_INTTYPES_H 1
| #define HAVE_STDINT_H 1
| #define HAVE_UNISTD_H 1
| /* end confdefs.h.  */
| 
| /* Override any GCC internal prototype to avoid an error.
|    Use char because int might match the return type of a GCC
|    builtin and then its argument prototype would still apply.  */
| #ifdef __cplusplus
| extern "C"
| #endif
| char dlopen ();
| int
| main ()
| {
| return dlopen ();
|   ;
|   return 0;
| }
configure:3710: gcc -o conftest.exe -g -O2   conftest.c -ldl   >&5
c:/qt/5.8.0-x32/Tools/mingw530_32/bin/../lib/gcc/i686-w64-mingw32/5.3.0/../../../../i686-w64-mingw32/bin/ld.exe: cannot find -ldl
collect2.exe: error: ld returned 1 exit status
configure:3710: $? = 1
configure: failed program was:
| /* confdefs.h */
| #define PACKAGE_NAME "vamp-plugin-sdk"
| #define PACKAGE_TARNAME "vamp-plugin-sdk"
| #define PACKAGE_VERSION "2.5"
| #define PACKAGE_STRING "vamp-plugin-sdk 2.5"
| #define PACKAGE_BUGREPORT "cannam@all-day-breakfast.com"
| #define PACKAGE_URL ""
| #define STDC_HEADERS 1
| #define HAVE_SYS_TYPES_H 1
| #define HAVE_SYS_STAT_H 1
| #define HAVE_STDLIB_H 1
| #define HAVE_STRING_H 1
| #define HAVE_MEMORY_H 1
| #define HAVE_STRINGS_H 1
| #define HAVE_INTTYPES_H 1
| #define HAVE_STDINT_H 1
| #define HAVE_UNISTD_H 1
| /* end confdefs.h.  */
| 
| /* Override any GCC internal prototype to avoid an error.
|    Use char because int might match the return type of a GCC
|    builtin and then its argument prototype would still apply.  */
| #ifdef __cplusplus
| extern "C"
| #endif
| char dlopen ();
| int
| main ()
| {
| return dlopen ();
|   ;
|   return 0;
| }
configure:3727: result: no
configure:4111: creating ./config.status

## ---------------------- ##
## Running config.status. ##
## ---------------------- ##

This file was extended by vamp-plugin-sdk config.status 2.5, which was
generated by GNU Autoconf 2.69.  Invocation command line was

  CONFIG_FILES    = 
  CONFIG_HEADERS  = 
  CONFIG_LINKS    = 
  CONFIG_COMMANDS = 
  $ ./config.status 

on Silver

config.status:732: creating Makefile

## ---------------- ##
## Cache variables. ##
## ---------------- ##

ac_cv_c_bigendian=no
ac_cv_c_compiler_gnu=yes
ac_cv_cxx_compiler_gnu=yes
ac_cv_env_CCC_set=
ac_cv_env_CCC_value=
ac_cv_env_CC_set=
ac_cv_env_CC_value=
ac_cv_env_CFLAGS_set=
ac_cv_env_CFLAGS_value=
ac_cv_env_CPPFLAGS_set=
ac_cv_env_CPPFLAGS_value=
ac_cv_env_CPP_set=
ac_cv_env_CPP_value=
ac_cv_env_CXXFLAGS_set=
ac_cv_env_CXXFLAGS_value=
ac_cv_env_CXX_set=
ac_cv_env_CXX_value=
ac_cv_env_LDFLAGS_set=
ac_cv_env_LDFLAGS_value=
ac_cv_env_LIBS_set=
ac_cv_env_LIBS_value=
ac_cv_env_PKG_CONFIG_LIBDIR_set=
ac_cv_env_PKG_CONFIG_LIBDIR_value=
ac_cv_env_PKG_CONFIG_PATH_set=
ac_cv_env_PKG_CONFIG_PATH_value=
ac_cv_env_PKG_CONFIG_set=
ac_cv_env_PKG_CONFIG_value=
ac_cv_env_SNDFILE_CFLAGS_set=
ac_cv_env_SNDFILE_CFLAGS_value=
ac_cv_env_SNDFILE_LIBS_set=
ac_cv_env_SNDFILE_LIBS_value=
ac_cv_env_build_alias_set=
ac_cv_env_build_alias_value=
ac_cv_env_host_alias_set=
ac_cv_env_host_alias_value=
ac_cv_env_target_alias_set=
ac_cv_env_target_alias_value=
ac_cv_exeext=.exe
ac_cv_header_inttypes_h=yes
ac_cv_header_memory_h=yes
ac_cv_header_stdc=yes
ac_cv_header_stdint_h=yes
ac_cv_header_stdlib_h=yes
ac_cv_header_string_h=yes
ac_cv_header_strings_h=yes
ac_cv_header_sys_stat_h=yes
ac_cv_header_sys_types_h=yes
ac_cv_header_unistd_h=yes
ac_cv_objext=o
ac_cv_path_EGREP='/bin/grep -E'
ac_cv_path_GREP=/bin/grep
ac_cv_prog_CPP='gcc -E'
ac_cv_prog_ac_ct_CC=gcc
ac_cv_prog_ac_ct_CXX=g++
ac_cv_prog_cc_c89=
ac_cv_prog_cc_g=yes
ac_cv_prog_cxx_g=yes
ac_cv_search_dlopen=no

## ----------------- ##
## Output variables. ##
## ----------------- ##

CC='gcc'
CFLAGS='-g -O2'
CPP='gcc -E'
CPPFLAGS=''
CXX='g++'
CXXFLAGS='-g -O2 -fPIC -Wall'
DEFS='-DPACKAGE_NAME=\"vamp-plugin-sdk\" -DPACKAGE_TARNAME=\"vamp-plugin-sdk\" -DPACKAGE_VERSION=\"2.5\" -DPACKAGE_STRING=\"vamp-plugin-sdk\ 2.5\" -DPACKAGE_BUGREPORT=\"cannam@all-day-breakfast.com\" -DPACKAGE_URL=\"\" -DSTDC_HEADERS=1 -DHAVE_SYS_TYPES_H=1 -DHAVE_SYS_STAT_H=1 -DHAVE_STDLIB_H=1 -DHAVE_STRING_H=1 -DHAVE_MEMORY_H=1 -DHAVE_STRINGS_H=1 -DHAVE_INTTYPES_H=1 -DHAVE_STDINT_H=1 -DHAVE_UNISTD_H=1'
ECHO_C=''
ECHO_N='-n'
ECHO_T=''
EGREP='/bin/grep -E'
EXEEXT='.exe'
GREP='/bin/grep'
LDFLAGS=''
LIBOBJS=''
LIBS=''
LTLIBOBJS=''
OBJEXT='o'
PACKAGE_BUGREPORT='cannam@all-day-breakfast.com'
PACKAGE_NAME='vamp-plugin-sdk'
PACKAGE_STRING='vamp-plugin-sdk 2.5'
PACKAGE_TARNAME='vamp-plugin-sdk'
PACKAGE_URL=''
PACKAGE_VERSION='2.5'
PATH_SEPARATOR=':'
PKG_CONFIG=''
PKG_CONFIG_LIBDIR=''
PKG_CONFIG_PATH=''
SHELL='/bin/sh'
SNDFILE_CFLAGS=''
SNDFILE_LIBS=''
TARGETS='sdk plugins'
ac_ct_CC='gcc'
ac_ct_CXX='g++'
bindir='${exec_prefix}/bin'
build_alias=''
datadir='${datarootdir}'
datarootdir='${prefix}/share'
docdir='${datarootdir}/doc/${PACKAGE_TARNAME}'
dvidir='${docdir}'
exec_prefix='${prefix}'
host_alias=''
htmldir='${docdir}'
includedir='${prefix}/include'
infodir='${datarootdir}/info'
libdir='${exec_prefix}/lib'
libexecdir='${exec_prefix}/libexec'
localedir='${datarootdir}/locale'
localstatedir='${prefix}/var'
mandir='${datarootdir}/man'
oldincludedir='/usr/include'
pdfdir='${docdir}'
prefix='/usr/local'
program_transform_name='s,x,x,'
psdir='${docdir}'
sbindir='${exec_prefix}/sbin'
sharedstatedir='${prefix}/com'
sysconfdir='${prefix}/etc'
target_alias=''

## ----------- ##
## confdefs.h. ##
## ----------- ##

/* confdefs.h */
#define PACKAGE_NAME "vamp-plugin-sdk"
#define PACKAGE_TARNAME "vamp-plugin-sdk"
#define PACKAGE_VERSION "2.5"
#define PACKAGE_STRING "vamp-plugin-sdk 2.5"
#define PACKAGE_BUGREPORT "cannam@all-day-breakfast.com"
#define PACKAGE_URL ""
#define STDC_HEADERS 1
#define HAVE_SYS_TYPES_H 1
#define HAVE_SYS_STAT_H 1
#define HAVE_STDLIB_H 1
#define HAVE_STRING_H 1
#define HAVE_MEMORY_H 1
#define HAVE_STRINGS_H 1
#define HAVE_INTTYPES_H 1
#define HAVE_STDINT_H 1
#define HAVE_UNISTD_H 1

configure: exit 0
