This file contains any messages produced by compilers while
running configure, to aid debugging if configure makes a mistake.

It was created by libsamplerate configure 0.1.8, which was
generated by GNU Autoconf 2.69.  Invocation command line was

  $ ./configure --enable-static=yes

## --------- ##
## Platform. ##
## --------- ##

hostname = toshiba
uname -m = x86_64
uname -r = 3.19.0-49-generic
uname -s = Linux
uname -v = #55~14.04.1-Ubuntu SMP Fri Jan 22 11:24:31 UTC 2016

/usr/bin/uname -p = unknown
/bin/uname -X     = unknown

/bin/arch              = unknown
/usr/bin/arch -k       = unknown
/usr/convex/getsysinfo = unknown
/usr/bin/hostinfo      = unknown
/bin/machine           = unknown
/usr/bin/oslevel       = unknown
/bin/universe          = unknown

PATH: /usr/local/sbin
PATH: /usr/local/bin
PATH: /usr/sbin
PATH: /usr/bin
PATH: /sbin
PATH: /bin
PATH: /usr/games
PATH: /usr/local/games


## ----------- ##
## Core tests. ##
## ----------- ##

configure:2617: checking build system type
configure:2631: result: x86_64-unknown-linux-gnu
configure:2651: checking host system type
configure:2664: result: x86_64-unknown-linux-gnu
configure:2684: checking target system type
configure:2697: result: x86_64-unknown-linux-gnu
configure:2744: checking for a BSD-compatible install
configure:2812: result: /usr/bin/install -c
configure:2823: checking whether build environment is sane
configure:2878: result: yes
configure:2916: WARNING: 'missing' script is too old or missing
configure:3029: checking for a thread-safe mkdir -p
configure:3068: result: /bin/mkdir -p
configure:3075: checking for gawk
configure:3105: result: no
configure:3075: checking for mawk
configure:3091: found /usr/bin/mawk
configure:3102: result: mawk
configure:3113: checking whether make sets $(MAKE)
configure:3135: result: yes
configure:3164: checking whether make supports nested variables
configure:3181: result: yes
configure:3318: checking whether make supports nested variables
configure:3335: result: yes
configure:3405: checking for gcc
configure:3421: found /usr/bin/gcc
configure:3432: result: gcc
configure:3661: checking for C compiler version
configure:3670: gcc --version >&5
gcc (Ubuntu 4.8.4-2ubuntu1~14.04) 4.8.4
Copyright (C) 2013 Free Software Foundation, Inc.
This is free software; see the source for copying conditions.  There is NO
warranty; not even for MERCHANTABILITY or FITNESS FOR A PARTICULAR PURPOSE.

configure:3681: $? = 0
configure:3670: gcc -v >&5
Using built-in specs.
COLLECT_GCC=gcc
COLLECT_LTO_WRAPPER=/usr/lib/gcc/x86_64-linux-gnu/4.8/lto-wrapper
Target: x86_64-linux-gnu
Configured with: ../src/configure -v --with-pkgversion='Ubuntu 4.8.4-2ubuntu1~14.04' --with-bugurl=file:///usr/share/doc/gcc-4.8/README.Bugs --enable-languages=c,c++,java,go,d,fortran,objc,obj-c++ --prefix=/usr --program-suffix=-4.8 --enable-shared --enable-linker-build-id --libexecdir=/usr/lib --without-included-gettext --enable-threads=posix --with-gxx-include-dir=/usr/include/c++/4.8 --libdir=/usr/lib --enable-nls --with-sysroot=/ --enable-clocale=gnu --enable-libstdcxx-debug --enable-libstdcxx-time=yes --enable-gnu-unique-object --disable-libmudflap --enable-plugin --with-system-zlib --disable-browser-plugin --enable-java-awt=gtk --enable-gtk-cairo --with-java-home=/usr/lib/jvm/java-1.5.0-gcj-4.8-amd64/jre --enable-java-home --with-jvm-root-dir=/usr/lib/jvm/java-1.5.0-gcj-4.8-amd64 --with-jvm-jar-dir=/usr/lib/jvm-exports/java-1.5.0-gcj-4.8-amd64 --with-arch-directory=amd64 --with-ecj-jar=/usr/share/java/eclipse-ecj.jar --enable-objc-gc --enable-multiarch --disable-werror --with-arch-32=i686 --with-abi=m64 --with-multilib-list=m32,m64,mx32 --with-tune=generic --enable-checking=release --build=x86_64-linux-gnu --host=x86_64-linux-gnu --target=x86_64-linux-gnu
Thread model: posix
gcc version 4.8.4 (Ubuntu 4.8.4-2ubuntu1~14.04) 
configure:3681: $? = 0
configure:3670: gcc -V >&5
gcc: error: unrecognized command line option '-V'
gcc: fatal error: no input files
compilation terminated.
configure:3681: $? = 4
configure:3670: gcc -qversion >&5
gcc: error: unrecognized command line option '-qversion'
gcc: fatal error: no input files
compilation terminated.
configure:3681: $? = 4
configure:3701: checking whether the C compiler works
configure:3723: gcc    conftest.c  >&5
configure:3727: $? = 0
configure:3775: result: yes
configure:3778: checking for C compiler default output file name
configure:3780: result: a.out
configure:3786: checking for suffix of executables
configure:3793: gcc -o conftest    conftest.c  >&5
configure:3797: $? = 0
configure:3819: result: 
configure:3841: checking whether we are cross compiling
configure:3849: gcc -o conftest    conftest.c  >&5
configure:3853: $? = 0
configure:3860: ./conftest
configure:3864: $? = 0
configure:3879: result: no
configure:3884: checking for suffix of object files
configure:3906: gcc -c   conftest.c >&5
configure:3910: $? = 0
configure:3931: result: o
configure:3935: checking whether we are using the GNU C compiler
configure:3954: gcc -c   conftest.c >&5
configure:3954: $? = 0
configure:3963: result: yes
configure:3972: checking whether gcc accepts -g
configure:3992: gcc -c -g  conftest.c >&5
configure:3992: $? = 0
configure:4033: result: yes
configure:4050: checking for gcc option to accept ISO C89
configure:4113: gcc  -c -g -O2  conftest.c >&5
configure:4113: $? = 0
configure:4126: result: none needed
configure:4151: checking whether gcc understands -c and -o together
configure:4173: gcc -c conftest.c -o conftest2.o
configure:4176: $? = 0
configure:4173: gcc -c conftest.c -o conftest2.o
configure:4176: $? = 0
configure:4188: result: yes
configure:4216: checking for style of include used by make
configure:4244: result: GNU
configure:4270: checking dependency style of gcc
configure:4381: result: gcc3
configure:4455: checking for g++
configure:4471: found /usr/bin/g++
configure:4482: result: g++
configure:4509: checking for C++ compiler version
configure:4518: g++ --version >&5
g++ (Ubuntu 4.8.4-2ubuntu1~14.04) 4.8.4
Copyright (C) 2013 Free Software Foundation, Inc.
This is free software; see the source for copying conditions.  There is NO
warranty; not even for MERCHANTABILITY or FITNESS FOR A PARTICULAR PURPOSE.

configure:4529: $? = 0
configure:4518: g++ -v >&5
Using built-in specs.
COLLECT_GCC=g++
COLLECT_LTO_WRAPPER=/usr/lib/gcc/x86_64-linux-gnu/4.8/lto-wrapper
Target: x86_64-linux-gnu
Configured with: ../src/configure -v --with-pkgversion='Ubuntu 4.8.4-2ubuntu1~14.04' --with-bugurl=file:///usr/share/doc/gcc-4.8/README.Bugs --enable-languages=c,c++,java,go,d,fortran,objc,obj-c++ --prefix=/usr --program-suffix=-4.8 --enable-shared --enable-linker-build-id --libexecdir=/usr/lib --without-included-gettext --enable-threads=posix --with-gxx-include-dir=/usr/include/c++/4.8 --libdir=/usr/lib --enable-nls --with-sysroot=/ --enable-clocale=gnu --enable-libstdcxx-debug --enable-libstdcxx-time=yes --enable-gnu-unique-object --disable-libmudflap --enable-plugin --with-system-zlib --disable-browser-plugin --enable-java-awt=gtk --enable-gtk-cairo --with-java-home=/usr/lib/jvm/java-1.5.0-gcj-4.8-amd64/jre --enable-java-home --with-jvm-root-dir=/usr/lib/jvm/java-1.5.0-gcj-4.8-amd64 --with-jvm-jar-dir=/usr/lib/jvm-exports/java-1.5.0-gcj-4.8-amd64 --with-arch-directory=amd64 --with-ecj-jar=/usr/share/java/eclipse-ecj.jar --enable-objc-gc --enable-multiarch --disable-werror --with-arch-32=i686 --with-abi=m64 --with-multilib-list=m32,m64,mx32 --with-tune=generic --enable-checking=release --build=x86_64-linux-gnu --host=x86_64-linux-gnu --target=x86_64-linux-gnu
Thread model: posix
gcc version 4.8.4 (Ubuntu 4.8.4-2ubuntu1~14.04) 
configure:4529: $? = 0
configure:4518: g++ -V >&5
g++: error: unrecognized command line option '-V'
g++: fatal error: no input files
compilation terminated.
configure:4529: $? = 4
configure:4518: g++ -qversion >&5
g++: error: unrecognized command line option '-qversion'
g++: fatal error: no input files
compilation terminated.
configure:4529: $? = 4
configure:4533: checking whether we are using the GNU C++ compiler
configure:4552: g++ -c   conftest.cpp >&5
configure:4552: $? = 0
configure:4561: result: yes
configure:4570: checking whether g++ accepts -g
configure:4590: g++ -c -g  conftest.cpp >&5
configure:4590: $? = 0
configure:4631: result: yes
configure:4656: checking dependency style of g++
configure:4767: result: gcc3
configure:4782: checking for a sed that does not truncate output
configure:4846: result: /bin/sed
configure:4900: checking how to print strings
configure:4927: result: printf
configure:4948: checking for a sed that does not truncate output
configure:5012: result: /bin/sed
configure:5030: checking for grep that handles long lines and -e
configure:5088: result: /bin/grep
configure:5093: checking for egrep
configure:5155: result: /bin/grep -E
configure:5160: checking for fgrep
configure:5222: result: /bin/grep -F
configure:5257: checking for ld used by gcc
configure:5324: result: /usr/bin/ld
configure:5331: checking if the linker (/usr/bin/ld) is GNU ld
configure:5346: result: yes
configure:5358: checking for BSD- or MS-compatible name lister (nm)
configure:5407: result: /usr/bin/nm -B
configure:5537: checking the name lister (/usr/bin/nm -B) interface
configure:5544: gcc -c -g -O2  conftest.c >&5
configure:5547: /usr/bin/nm -B "conftest.o"
configure:5550: output
0000000000000000 B some_variable
configure:5557: result: BSD nm
configure:5560: checking whether ln -s works
configure:5564: result: yes
configure:5572: checking the maximum length of command line arguments
configure:5697: result: 1572864
configure:5714: checking whether the shell understands some XSI constructs
configure:5724: result: yes
configure:5728: checking whether the shell understands "+="
configure:5734: result: yes
configure:5769: checking how to convert x86_64-unknown-linux-gnu file names to x86_64-unknown-linux-gnu format
configure:5809: result: func_convert_file_noop
configure:5816: checking how to convert x86_64-unknown-linux-gnu file names to toolchain format
configure:5836: result: func_convert_file_noop
configure:5843: checking for /usr/bin/ld option to reload object files
configure:5850: result: -r
configure:5924: checking for objdump
configure:5940: found /usr/bin/objdump
configure:5951: result: objdump
configure:5983: checking how to recognize dependent libraries
configure:6185: result: pass_all
configure:6270: checking for dlltool
configure:6300: result: no
configure:6330: checking how to associate runtime and link libraries
configure:6357: result: printf %s\n
configure:6418: checking for ar
configure:6434: found /usr/bin/ar
configure:6445: result: ar
configure:6482: checking for archiver @FILE support
configure:6499: gcc -c -g -O2  conftest.c >&5
configure:6499: $? = 0
configure:6502: ar cru libconftest.a @conftest.lst >&5
configure:6505: $? = 0
configure:6510: ar cru libconftest.a @conftest.lst >&5
ar: conftest.o: No such file or directory
configure:6513: $? = 1
configure:6525: result: @
configure:6583: checking for strip
configure:6599: found /usr/bin/strip
configure:6610: result: strip
configure:6682: checking for ranlib
configure:6698: found /usr/bin/ranlib
configure:6709: result: ranlib
configure:6811: checking command to parse /usr/bin/nm -B output from gcc object
configure:6930: gcc -c -g -O2  conftest.c >&5
configure:6933: $? = 0
configure:6937: /usr/bin/nm -B conftest.o \| sed -n -e 's/^.*[ ]\([ABCDGIRSTW][ABCDGIRSTW]*\)[ ][ ]*\([_A-Za-z][_A-Za-z0-9]*\)$/\1 \2 \2/p' | sed '/ __gnu_lto/d' \> conftest.nm
configure:6940: $? = 0
configure:7006: gcc -o conftest -g -O2   conftest.c conftstm.o >&5
configure:7009: $? = 0
configure:7047: result: ok
configure:7084: checking for sysroot
configure:7114: result: no
configure:7191: gcc -c -g -O2  conftest.c >&5
configure:7194: $? = 0
configure:7357: checking for mt
configure:7373: found /bin/mt
configure:7384: result: mt
configure:7407: checking if mt is a manifest tool
configure:7413: mt '-?'
configure:7421: result: no
configure:8053: checking how to run the C preprocessor
configure:8084: gcc -E  conftest.c
configure:8084: $? = 0
configure:8098: gcc -E  conftest.c
conftest.c:11:28: fatal error: ac_nonexistent.h: No such file or directory
 #include <ac_nonexistent.h>
                            ^
compilation terminated.
configure:8098: $? = 1
configure: failed program was:
| /* confdefs.h */
| #define PACKAGE_NAME "libsamplerate"
| #define PACKAGE_TARNAME "libsamplerate"
| #define PACKAGE_VERSION "0.1.8"
| #define PACKAGE_STRING "libsamplerate 0.1.8"
| #define PACKAGE_BUGREPORT "erikd@mega-nerd.com"
| #define PACKAGE_URL "http://www.mega-nerd.com/libsamplerate/"
| #define PACKAGE "libsamplerate"
| #define VERSION "0.1.8"
| /* end confdefs.h.  */
| #include <ac_nonexistent.h>
configure:8123: result: gcc -E
configure:8143: gcc -E  conftest.c
configure:8143: $? = 0
configure:8157: gcc -E  conftest.c
conftest.c:11:28: fatal error: ac_nonexistent.h: No such file or directory
 #include <ac_nonexistent.h>
                            ^
compilation terminated.
configure:8157: $? = 1
configure: failed program was:
| /* confdefs.h */
| #define PACKAGE_NAME "libsamplerate"
| #define PACKAGE_TARNAME "libsamplerate"
| #define PACKAGE_VERSION "0.1.8"
| #define PACKAGE_STRING "libsamplerate 0.1.8"
| #define PACKAGE_BUGREPORT "erikd@mega-nerd.com"
| #define PACKAGE_URL "http://www.mega-nerd.com/libsamplerate/"
| #define PACKAGE "libsamplerate"
| #define VERSION "0.1.8"
| /* end confdefs.h.  */
| #include <ac_nonexistent.h>
configure:8186: checking for ANSI C header files
configure:8206: gcc -c -g -O2  conftest.c >&5
configure:8206: $? = 0
configure:8279: gcc -o conftest -g -O2   conftest.c  >&5
configure:8279: $? = 0
configure:8279: ./conftest
configure:8279: $? = 0
configure:8290: result: yes
configure:8303: checking for sys/types.h
configure:8303: gcc -c -g -O2  conftest.c >&5
configure:8303: $? = 0
configure:8303: result: yes
configure:8303: checking for sys/stat.h
configure:8303: gcc -c -g -O2  conftest.c >&5
configure:8303: $? = 0
configure:8303: result: yes
configure:8303: checking for stdlib.h
configure:8303: gcc -c -g -O2  conftest.c >&5
configure:8303: $? = 0
configure:8303: result: yes
configure:8303: checking for string.h
configure:8303: gcc -c -g -O2  conftest.c >&5
configure:8303: $? = 0
configure:8303: result: yes
configure:8303: checking for memory.h
configure:8303: gcc -c -g -O2  conftest.c >&5
configure:8303: $? = 0
configure:8303: result: yes
configure:8303: checking for strings.h
configure:8303: gcc -c -g -O2  conftest.c >&5
configure:8303: $? = 0
configure:8303: result: yes
configure:8303: checking for inttypes.h
configure:8303: gcc -c -g -O2  conftest.c >&5
configure:8303: $? = 0
configure:8303: result: yes
configure:8303: checking for stdint.h
configure:8303: gcc -c -g -O2  conftest.c >&5
configure:8303: $? = 0
configure:8303: result: yes
configure:8303: checking for unistd.h
configure:8303: gcc -c -g -O2  conftest.c >&5
configure:8303: $? = 0
configure:8303: result: yes
configure:8317: checking for dlfcn.h
configure:8317: gcc -c -g -O2  conftest.c >&5
configure:8317: $? = 0
configure:8317: result: yes
configure:8515: checking for objdir
configure:8530: result: .libs
configure:8801: checking if gcc supports -fno-rtti -fno-exceptions
configure:8819: gcc -c -g -O2  -fno-rtti -fno-exceptions conftest.c >&5
cc1: warning: command line option '-fno-rtti' is valid for C++/ObjC++ but not for C [enabled by default]
configure:8823: $? = 0
configure:8836: result: no
configure:9146: checking for gcc option to produce PIC
configure:9153: result: -fPIC -DPIC
configure:9161: checking if gcc PIC flag -fPIC -DPIC works
configure:9179: gcc -c -g -O2  -fPIC -DPIC -DPIC conftest.c >&5
configure:9183: $? = 0
configure:9196: result: yes
configure:9225: checking if gcc static flag -static works
configure:9253: result: yes
configure:9268: checking if gcc supports -c -o file.o
configure:9289: gcc -c -g -O2  -o out/conftest2.o conftest.c >&5
configure:9293: $? = 0
configure:9315: result: yes
configure:9323: checking if gcc supports -c -o file.o
configure:9370: result: yes
configure:9403: checking whether the gcc linker (/usr/bin/ld -m elf_x86_64) supports shared libraries
configure:10565: result: yes
configure:10602: checking whether -lc should be explicitly linked in
configure:10610: gcc -c -g -O2  conftest.c >&5
configure:10613: $? = 0
configure:10628: gcc -shared  -fPIC -DPIC conftest.o  -v -Wl,-soname -Wl,conftest -o conftest 2\>\&1 \| /bin/grep  -lc  \>/dev/null 2\>\&1
configure:10631: $? = 0
configure:10645: result: no
configure:10810: checking dynamic linker characteristics
configure:11325: gcc -o conftest -g -O2   -Wl,-rpath -Wl,/foo conftest.c  >&5
configure:11325: $? = 0
configure:11559: result: GNU/Linux ld.so
configure:11666: checking how to hardcode library paths into programs
configure:11691: result: immediate
configure:12231: checking whether stripping libraries is possible
configure:12236: result: yes
configure:12271: checking if libtool supports shared libraries
configure:12273: result: yes
configure:12276: checking whether to build shared libraries
configure:12297: result: yes
configure:12300: checking whether to build static libraries
configure:12304: result: yes
configure:12327: checking how to run the C++ preprocessor
configure:12354: g++ -E  conftest.cpp
configure:12354: $? = 0
configure:12368: g++ -E  conftest.cpp
conftest.cpp:23:28: fatal error: ac_nonexistent.h: No such file or directory
 #include <ac_nonexistent.h>
                            ^
compilation terminated.
configure:12368: $? = 1
configure: failed program was:
| /* confdefs.h */
| #define PACKAGE_NAME "libsamplerate"
| #define PACKAGE_TARNAME "libsamplerate"
| #define PACKAGE_VERSION "0.1.8"
| #define PACKAGE_STRING "libsamplerate 0.1.8"
| #define PACKAGE_BUGREPORT "erikd@mega-nerd.com"
| #define PACKAGE_URL "http://www.mega-nerd.com/libsamplerate/"
| #define PACKAGE "libsamplerate"
| #define VERSION "0.1.8"
| #define STDC_HEADERS 1
| #define HAVE_SYS_TYPES_H 1
| #define HAVE_SYS_STAT_H 1
| #define HAVE_STDLIB_H 1
| #define HAVE_STRING_H 1
| #define HAVE_MEMORY_H 1
| #define HAVE_STRINGS_H 1
| #define HAVE_INTTYPES_H 1
| #define HAVE_STDINT_H 1
| #define HAVE_UNISTD_H 1
| #define HAVE_DLFCN_H 1
| #define LT_OBJDIR ".libs/"
| /* end confdefs.h.  */
| #include <ac_nonexistent.h>
configure:12393: result: g++ -E
configure:12413: g++ -E  conftest.cpp
configure:12413: $? = 0
configure:12427: g++ -E  conftest.cpp
conftest.cpp:23:28: fatal error: ac_nonexistent.h: No such file or directory
 #include <ac_nonexistent.h>
                            ^
compilation terminated.
configure:12427: $? = 1
configure: failed program was:
| /* confdefs.h */
| #define PACKAGE_NAME "libsamplerate"
| #define PACKAGE_TARNAME "libsamplerate"
| #define PACKAGE_VERSION "0.1.8"
| #define PACKAGE_STRING "libsamplerate 0.1.8"
| #define PACKAGE_BUGREPORT "erikd@mega-nerd.com"
| #define PACKAGE_URL "http://www.mega-nerd.com/libsamplerate/"
| #define PACKAGE "libsamplerate"
| #define VERSION "0.1.8"
| #define STDC_HEADERS 1
| #define HAVE_SYS_TYPES_H 1
| #define HAVE_SYS_STAT_H 1
| #define HAVE_STDLIB_H 1
| #define HAVE_STRING_H 1
| #define HAVE_MEMORY_H 1
| #define HAVE_STRINGS_H 1
| #define HAVE_INTTYPES_H 1
| #define HAVE_STDINT_H 1
| #define HAVE_UNISTD_H 1
| #define HAVE_DLFCN_H 1
| #define LT_OBJDIR ".libs/"
| /* end confdefs.h.  */
| #include <ac_nonexistent.h>
configure:12597: checking for ld used by g++
configure:12664: result: /usr/bin/ld -m elf_x86_64
configure:12671: checking if the linker (/usr/bin/ld -m elf_x86_64) is GNU ld
configure:12686: result: yes
configure:12741: checking whether the g++ linker (/usr/bin/ld -m elf_x86_64) supports shared libraries
configure:13745: result: yes
configure:13780: g++ -c -g -O2  conftest.cpp >&5
configure:13783: $? = 0
configure:14303: checking for g++ option to produce PIC
configure:14310: result: -fPIC -DPIC
configure:14318: checking if g++ PIC flag -fPIC -DPIC works
configure:14336: g++ -c -g -O2  -fPIC -DPIC -DPIC conftest.cpp >&5
configure:14340: $? = 0
configure:14353: result: yes
configure:14376: checking if g++ static flag -static works
configure:14404: result: yes
configure:14416: checking if g++ supports -c -o file.o
configure:14437: g++ -c -g -O2  -o out/conftest2.o conftest.cpp >&5
configure:14441: $? = 0
configure:14463: result: yes
configure:14468: checking if g++ supports -c -o file.o
configure:14515: result: yes
configure:14545: checking whether the g++ linker (/usr/bin/ld -m elf_x86_64) supports shared libraries
configure:14582: result: yes
configure:14725: checking dynamic linker characteristics
configure:15408: result: GNU/Linux ld.so
configure:15461: checking how to hardcode library paths into programs
configure:15486: result: immediate
configure:15588: checking for windres
configure:15618: result: no
configure:15723: checking whether ln -s works
configure:15727: result: yes
configure:15757: checking whether make sets $(MAKE)
configure:15779: result: yes
configure:15788: checking whether ln -s works
configure:15792: result: yes
configure:15915: checking for ANSI C header files
configure:16019: result: yes
configure:16031: checking for stdint.h
configure:16031: result: yes
configure:16031: checking sys/times.h usability
configure:16031: gcc -c -g -O2  conftest.c >&5
configure:16031: $? = 0
configure:16031: result: yes
configure:16031: checking sys/times.h presence
configure:16031: gcc -E  conftest.c
configure:16031: $? = 0
configure:16031: result: yes
configure:16031: checking for sys/times.h
configure:16031: result: yes
configure:16097: checking size of int
configure:16102: gcc -o conftest -g -O2   conftest.c  >&5
configure:16102: $? = 0
configure:16102: ./conftest
configure:16102: $? = 0
configure:16116: result: 4
configure:16130: checking size of long
configure:16135: gcc -o conftest -g -O2   conftest.c  >&5
configure:16135: $? = 0
configure:16135: ./conftest
configure:16135: $? = 0
configure:16149: result: 8
configure:16163: checking size of float
configure:16168: gcc -o conftest -g -O2   conftest.c  >&5
configure:16168: $? = 0
configure:16168: ./conftest
configure:16168: $? = 0
configure:16182: result: 4
configure:16196: checking size of double
configure:16201: gcc -o conftest -g -O2   conftest.c  >&5
configure:16201: $? = 0
configure:16201: ./conftest
configure:16201: $? = 0
configure:16215: result: 8
configure:16229: checking processor byte ordering
configure:16308: gcc -o conftest -g -O2   conftest.c  >&5
configure:16308: $? = 0
configure:16326: gcc -o conftest -g -O2   conftest.c  >&5
configure:16326: $? = 0
configure:16350: gcc -o conftest -g -O2   conftest.c  >&5
configure:16350: $? = 0
configure:16443: result: little
configure:16488: checking for malloc
configure:16488: gcc -o conftest -g -O2   conftest.c  >&5
conftest.c:55:6: warning: conflicting types for built-in function 'malloc' [enabled by default]
 char malloc ();
      ^
configure:16488: $? = 0
configure:16488: result: yes
configure:16488: checking for calloc
configure:16488: gcc -o conftest -g -O2   conftest.c  >&5
conftest.c:56:6: warning: conflicting types for built-in function 'calloc' [enabled by default]
 char calloc ();
      ^
configure:16488: $? = 0
configure:16488: result: yes
configure:16488: checking for free
configure:16488: gcc -o conftest -g -O2   conftest.c  >&5
conftest.c:57:6: warning: conflicting types for built-in function 'free' [enabled by default]
 char free ();
      ^
configure:16488: $? = 0
configure:16488: result: yes
configure:16488: checking for memcpy
configure:16488: gcc -o conftest -g -O2   conftest.c  >&5
conftest.c:58:6: warning: conflicting types for built-in function 'memcpy' [enabled by default]
 char memcpy ();
      ^
configure:16488: $? = 0
configure:16488: result: yes
configure:16488: checking for memmove
configure:16488: gcc -o conftest -g -O2   conftest.c  >&5
conftest.c:59:6: warning: conflicting types for built-in function 'memmove' [enabled by default]
 char memmove ();
      ^
configure:16488: $? = 0
configure:16488: result: yes
configure:16488: checking for alarm
configure:16488: gcc -o conftest -g -O2   conftest.c  >&5
configure:16488: $? = 0
configure:16488: result: yes
configure:16488: checking for signal
configure:16488: gcc -o conftest -g -O2   conftest.c  >&5
configure:16488: $? = 0
configure:16488: result: yes
configure:16498: checking for floor in -lm
configure:16523: gcc -o conftest -g -O2   conftest.c -lm   >&5
conftest.c:46:6: warning: conflicting types for built-in function 'floor' [enabled by default]
 char floor ();
      ^
configure:16523: $? = 0
configure:16532: result: yes
configure:16546: checking for floor
configure:16546: gcc -o conftest -g -O2   conftest.c -lm  >&5
conftest.c:63:6: warning: conflicting types for built-in function 'floor' [enabled by default]
 char floor ();
      ^
configure:16546: $? = 0
configure:16546: result: yes
configure:16546: checking for ceil
configure:16546: gcc -o conftest -g -O2   conftest.c -lm  >&5
conftest.c:64:6: warning: conflicting types for built-in function 'ceil' [enabled by default]
 char ceil ();
      ^
configure:16546: $? = 0
configure:16546: result: yes
configure:16546: checking for fmod
configure:16546: gcc -o conftest -g -O2   conftest.c -lm  >&5
conftest.c:65:6: warning: conflicting types for built-in function 'fmod' [enabled by default]
 char fmod ();
      ^
configure:16546: $? = 0
configure:16546: result: yes
configure:16556: checking for SIGALRM
configure:16576: gcc -o conftest -g -O2   conftest.c -lm  >&5
configure:16576: $? = 0
configure:16586: result: yes
configure:16596: checking for lrint
configure:16622: gcc -o conftest -lm   conftest.c -lm  >&5
configure:16622: $? = 0
configure:16634: result: yes
configure:16643: checking for lrintf
configure:16669: gcc -o conftest -lm   conftest.c -lm  >&5
configure:16669: $? = 0
configure:16681: result: yes
configure:16707: checking processor clipping capabilities
configure:16747: gcc -o conftest -g -O2   conftest.c -lm  >&5
configure:16747: $? = 0
configure:16747: ./conftest
configure:16747: $? = 1
configure: program exited with status 1
configure: failed program was:
| /* confdefs.h */
| #define PACKAGE_NAME "libsamplerate"
| #define PACKAGE_TARNAME "libsamplerate"
| #define PACKAGE_VERSION "0.1.8"
| #define PACKAGE_STRING "libsamplerate 0.1.8"
| #define PACKAGE_BUGREPORT "erikd@mega-nerd.com"
| #define PACKAGE_URL "http://www.mega-nerd.com/libsamplerate/"
| #define PACKAGE "libsamplerate"
| #define VERSION "0.1.8"
| #define STDC_HEADERS 1
| #define HAVE_SYS_TYPES_H 1
| #define HAVE_SYS_STAT_H 1
| #define HAVE_STDLIB_H 1
| #define HAVE_STRING_H 1
| #define HAVE_MEMORY_H 1
| #define HAVE_STRINGS_H 1
| #define HAVE_INTTYPES_H 1
| #define HAVE_STDINT_H 1
| #define HAVE_UNISTD_H 1
| #define HAVE_DLFCN_H 1
| #define LT_OBJDIR ".libs/"
| #define STDC_HEADERS 1
| #define HAVE_STDINT_H 1
| #define HAVE_SYS_TIMES_H 1
| #define SIZEOF_INT 4
| #define SIZEOF_LONG 8
| #define SIZEOF_FLOAT 4
| #define SIZEOF_DOUBLE 8
| #define CPU_IS_BIG_ENDIAN 0
| #define CPU_IS_LITTLE_ENDIAN 1
| #define HAVE_MALLOC 1
| #define HAVE_CALLOC 1
| #define HAVE_FREE 1
| #define HAVE_MEMCPY 1
| #define HAVE_MEMMOVE 1
| #define HAVE_ALARM 1
| #define HAVE_SIGNAL 1
| #define HAVE_LIBM 1
| #define HAVE_FLOOR 1
| #define HAVE_CEIL 1
| #define HAVE_FMOD 1
| #define HAVE_SIGALRM 1
| #define HAVE_LRINT 1
| #define HAVE_LRINTF 1
| /* end confdefs.h.  */
| 
| 	#define	_ISOC9X_SOURCE	1
| 	#define _ISOC99_SOURCE	1
| 	#define	__USE_ISOC99	1
| 	#define __USE_ISOC9X	1
| 	#include <math.h>
| 	int main (void)
| 	{	double	fval ;
| 		int k, ival ;
| 
| 		fval = 1.0 * 0x7FFFFFFF ;
| 		for (k = 0 ; k < 100 ; k++)
| 		{	ival = (lrint (fval)) >> 24 ;
| 			if (ival != 127)
| 				return 1 ;
| 
| 			fval *= 1.2499999 ;
| 			} ;
| 
| 			return 0 ;
| 		}
| 
configure:16786: gcc -o conftest -g -O2   conftest.c -lm  >&5
configure:16786: $? = 0
configure:16786: ./conftest
configure:16786: $? = 1
configure: program exited with status 1
configure: failed program was:
| /* confdefs.h */
| #define PACKAGE_NAME "libsamplerate"
| #define PACKAGE_TARNAME "libsamplerate"
| #define PACKAGE_VERSION "0.1.8"
| #define PACKAGE_STRING "libsamplerate 0.1.8"
| #define PACKAGE_BUGREPORT "erikd@mega-nerd.com"
| #define PACKAGE_URL "http://www.mega-nerd.com/libsamplerate/"
| #define PACKAGE "libsamplerate"
| #define VERSION "0.1.8"
| #define STDC_HEADERS 1
| #define HAVE_SYS_TYPES_H 1
| #define HAVE_SYS_STAT_H 1
| #define HAVE_STDLIB_H 1
| #define HAVE_STRING_H 1
| #define HAVE_MEMORY_H 1
| #define HAVE_STRINGS_H 1
| #define HAVE_INTTYPES_H 1
| #define HAVE_STDINT_H 1
| #define HAVE_UNISTD_H 1
| #define HAVE_DLFCN_H 1
| #define LT_OBJDIR ".libs/"
| #define STDC_HEADERS 1
| #define HAVE_STDINT_H 1
| #define HAVE_SYS_TIMES_H 1
| #define SIZEOF_INT 4
| #define SIZEOF_LONG 8
| #define SIZEOF_FLOAT 4
| #define SIZEOF_DOUBLE 8
| #define CPU_IS_BIG_ENDIAN 0
| #define CPU_IS_LITTLE_ENDIAN 1
| #define HAVE_MALLOC 1
| #define HAVE_CALLOC 1
| #define HAVE_FREE 1
| #define HAVE_MEMCPY 1
| #define HAVE_MEMMOVE 1
| #define HAVE_ALARM 1
| #define HAVE_SIGNAL 1
| #define HAVE_LIBM 1
| #define HAVE_FLOOR 1
| #define HAVE_CEIL 1
| #define HAVE_FMOD 1
| #define HAVE_SIGALRM 1
| #define HAVE_LRINT 1
| #define HAVE_LRINTF 1
| /* end confdefs.h.  */
| 
| 	#define	_ISOC9X_SOURCE	1
| 	#define _ISOC99_SOURCE	1
| 	#define	__USE_ISOC99	1
| 	#define __USE_ISOC9X	1
| 	#include <math.h>
| 	int main (void)
| 	{	double	fval ;
| 		int k, ival ;
| 
| 		fval = -8.0 * 0x10000000 ;
| 		for (k = 0 ; k < 100 ; k++)
| 		{	ival = (lrint (fval)) >> 24 ;
| 			if (ival != -128)
| 				return 1 ;
| 
| 			fval *= 1.2499999 ;
| 			} ;
| 
| 			return 0 ;
| 		}
| 
configure:16828: result: none
configure:16916: checking for pkg-config
configure:16934: found /usr/bin/pkg-config
configure:16946: result: /usr/bin/pkg-config
configure:16971: checking pkg-config is at least version 0.9.0
configure:16974: result: yes
configure:16986: checking for SNDFILE
configure:16993: $PKG_CONFIG --exists --print-errors "sndfile >= 1.0.6"
configure:16996: $? = 0
configure:17010: $PKG_CONFIG --exists --print-errors "sndfile >= 1.0.6"
configure:17013: $? = 0
configure:17051: result: yes
configure:17079: checking for FFTW3
configure:17086: $PKG_CONFIG --exists --print-errors "fftw3 >= 0.15.0"
configure:17089: $? = 0
configure:17103: $PKG_CONFIG --exists --print-errors "fftw3 >= 0.15.0"
configure:17106: $? = 0
configure:17144: result: yes
configure:17378: checking that generated files are newer than configure
configure:17384: result: done
configure:17411: creating ./config.status

## ---------------------- ##
## Running config.status. ##
## ---------------------- ##

This file was extended by libsamplerate config.status 0.1.8, which was
generated by GNU Autoconf 2.69.  Invocation command line was

  CONFIG_FILES    = 
  CONFIG_HEADERS  = 
  CONFIG_LINKS    = 
  CONFIG_COMMANDS = 
  $ ./config.status 

on toshiba

config.status:1261: creating Makefile
config.status:1261: creating M4/Makefile
config.status:1261: creating src/Version_script
config.status:1261: creating Win32/Makefile
config.status:1261: creating Win32/Makefile.mingw
config.status:1261: creating src/Makefile
config.status:1261: creating examples/Makefile
config.status:1261: creating tests/Makefile
config.status:1261: creating doc/Makefile
config.status:1261: creating libsamplerate.spec
config.status:1261: creating samplerate.pc
config.status:1261: creating src/config.h
config.status:1490: executing depfiles commands
config.status:1490: executing libtool commands
configure:20176: result:
-=-=-=-=-=-=-=-=-=-= Configuration Complete =-=-=-=-=-=-=-=-=-=-=-

  Configuration summary :

    Version : ..................... 0.1.8

    Host CPU : .................... x86_64
    Host Vendor : ................. unknown
    Host OS : ..................... linux-gnu

configure:20198: result:
  Extra tools required for testing and examples :

    Use FFTW : .................... yes
configure:20205: result:     Have libsndfile : ............. yes

configure:20214: result:   Installation directories :

    Library directory : ........... /usr/local/lib
    Program directory : ........... /usr/local/bin
    Pkgconfig directory : ......... /usr/local/lib/pkgconfig


## ---------------- ##
## Cache variables. ##
## ---------------- ##

ac_cv_build=x86_64-unknown-linux-gnu
ac_cv_c99_lrint=yes
ac_cv_c99_lrintf=yes
ac_cv_c_big_endian=0
ac_cv_c_byte_order=little
ac_cv_c_clip_negative=0
ac_cv_c_clip_positive=0
ac_cv_c_clip_type=none
ac_cv_c_compiler_gnu=yes
ac_cv_c_little_endian=1
ac_cv_cxx_compiler_gnu=yes
ac_cv_env_CCC_set=
ac_cv_env_CCC_value=
ac_cv_env_CC_set=
ac_cv_env_CC_value=
ac_cv_env_CFLAGS_set=
ac_cv_env_CFLAGS_value=
ac_cv_env_CPPFLAGS_set=
ac_cv_env_CPPFLAGS_value=
ac_cv_env_CPP_set=
ac_cv_env_CPP_value=
ac_cv_env_CXXCPP_set=
ac_cv_env_CXXCPP_value=
ac_cv_env_CXXFLAGS_set=
ac_cv_env_CXXFLAGS_value=
ac_cv_env_CXX_set=
ac_cv_env_CXX_value=
ac_cv_env_FFTW3_CFLAGS_set=
ac_cv_env_FFTW3_CFLAGS_value=
ac_cv_env_FFTW3_LIBS_set=
ac_cv_env_FFTW3_LIBS_value=
ac_cv_env_LDFLAGS_set=
ac_cv_env_LDFLAGS_value=
ac_cv_env_LIBS_set=
ac_cv_env_LIBS_value=
ac_cv_env_PKG_CONFIG_LIBDIR_set=
ac_cv_env_PKG_CONFIG_LIBDIR_value=
ac_cv_env_PKG_CONFIG_PATH_set=set
ac_cv_env_PKG_CONFIG_PATH_value=/usr/local/lib/pkgconfig/:
ac_cv_env_PKG_CONFIG_set=
ac_cv_env_PKG_CONFIG_value=
ac_cv_env_SNDFILE_CFLAGS_set=
ac_cv_env_SNDFILE_CFLAGS_value=
ac_cv_env_SNDFILE_LIBS_set=
ac_cv_env_SNDFILE_LIBS_value=
ac_cv_env_build_alias_set=
ac_cv_env_build_alias_value=
ac_cv_env_host_alias_set=
ac_cv_env_host_alias_value=
ac_cv_env_target_alias_set=
ac_cv_env_target_alias_value=
ac_cv_fftw3=yes
ac_cv_func_alarm=yes
ac_cv_func_calloc=yes
ac_cv_func_ceil=yes
ac_cv_func_floor=yes
ac_cv_func_fmod=yes
ac_cv_func_free=yes
ac_cv_func_malloc=yes
ac_cv_func_memcpy=yes
ac_cv_func_memmove=yes
ac_cv_func_signal=yes
ac_cv_header_dlfcn_h=yes
ac_cv_header_inttypes_h=yes
ac_cv_header_memory_h=yes
ac_cv_header_stdc=yes
ac_cv_header_stdint_h=yes
ac_cv_header_stdlib_h=yes
ac_cv_header_string_h=yes
ac_cv_header_strings_h=yes
ac_cv_header_sys_stat_h=yes
ac_cv_header_sys_times_h=yes
ac_cv_header_sys_types_h=yes
ac_cv_header_unistd_h=yes
ac_cv_host=x86_64-unknown-linux-gnu
ac_cv_lib_m_floor=yes
ac_cv_objext=o
ac_cv_path_EGREP='/bin/grep -E'
ac_cv_path_FGREP='/bin/grep -F'
ac_cv_path_GREP=/bin/grep
ac_cv_path_SED=/bin/sed
ac_cv_path_ac_pt_PKG_CONFIG=/usr/bin/pkg-config
ac_cv_path_install='/usr/bin/install -c'
ac_cv_path_mkdir=/bin/mkdir
ac_cv_prog_AWK=mawk
ac_cv_prog_CPP='gcc -E'
ac_cv_prog_CXXCPP='g++ -E'
ac_cv_prog_ac_ct_AR=ar
ac_cv_prog_ac_ct_CC=gcc
ac_cv_prog_ac_ct_CXX=g++
ac_cv_prog_ac_ct_MANIFEST_TOOL=mt
ac_cv_prog_ac_ct_OBJDUMP=objdump
ac_cv_prog_ac_ct_RANLIB=ranlib
ac_cv_prog_ac_ct_STRIP=strip
ac_cv_prog_cc_c89=
ac_cv_prog_cc_g=yes
ac_cv_prog_cxx_g=yes
ac_cv_prog_make_make_set=yes
ac_cv_signal_SIGALRM=yes
ac_cv_sizeof_double=8
ac_cv_sizeof_float=4
ac_cv_sizeof_int=4
ac_cv_sizeof_long=8
ac_cv_sndfile=yes
ac_cv_target=x86_64-unknown-linux-gnu
am_cv_CC_dependencies_compiler_type=gcc3
am_cv_CXX_dependencies_compiler_type=gcc3
am_cv_make_support_nested_variables=yes
am_cv_prog_cc_c_o=yes
lt_cv_ar_at_file=@
lt_cv_archive_cmds_need_lc=no
lt_cv_deplibs_check_method=pass_all
lt_cv_file_magic_cmd='$MAGIC_CMD'
lt_cv_file_magic_test_file=
lt_cv_ld_reload_flag=-r
lt_cv_nm_interface='BSD nm'
lt_cv_objdir=.libs
lt_cv_path_LD=/usr/bin/ld
lt_cv_path_LDCXX='/usr/bin/ld -m elf_x86_64'
lt_cv_path_NM='/usr/bin/nm -B'
lt_cv_path_mainfest_tool=no
lt_cv_prog_compiler_c_o=yes
lt_cv_prog_compiler_c_o_CXX=yes
lt_cv_prog_compiler_c_o_RC=yes
lt_cv_prog_compiler_pic='-fPIC -DPIC'
lt_cv_prog_compiler_pic_CXX='-fPIC -DPIC'
lt_cv_prog_compiler_pic_works=yes
lt_cv_prog_compiler_pic_works_CXX=yes
lt_cv_prog_compiler_rtti_exceptions=no
lt_cv_prog_compiler_static_works=yes
lt_cv_prog_compiler_static_works_CXX=yes
lt_cv_prog_gnu_ld=yes
lt_cv_prog_gnu_ldcxx=yes
lt_cv_sharedlib_from_linklib_cmd='printf %s\n'
lt_cv_shlibpath_overrides_runpath=no
lt_cv_sys_global_symbol_pipe='sed -n -e '\''s/^.*[	 ]\([ABCDGIRSTW][ABCDGIRSTW]*\)[	 ][	 ]*\([_A-Za-z][_A-Za-z0-9]*\)$/\1 \2 \2/p'\'' | sed '\''/ __gnu_lto/d'\'''
lt_cv_sys_global_symbol_to_c_name_address='sed -n -e '\''s/^: \([^ ]*\)[ ]*$/  {\"\1\", (void *) 0},/p'\'' -e '\''s/^[ABCDGIRSTW]* \([^ ]*\) \([^ ]*\)$/  {"\2", (void *) \&\2},/p'\'''
lt_cv_sys_global_symbol_to_c_name_address_lib_prefix='sed -n -e '\''s/^: \([^ ]*\)[ ]*$/  {\"\1\", (void *) 0},/p'\'' -e '\''s/^[ABCDGIRSTW]* \([^ ]*\) \(lib[^ ]*\)$/  {"\2", (void *) \&\2},/p'\'' -e '\''s/^[ABCDGIRSTW]* \([^ ]*\) \([^ ]*\)$/  {"lib\2", (void *) \&\2},/p'\'''
lt_cv_sys_global_symbol_to_cdecl='sed -n -e '\''s/^T .* \(.*\)$/extern int \1();/p'\'' -e '\''s/^[ABCDGIRSTW]* .* \(.*\)$/extern char \1;/p'\'''
lt_cv_sys_max_cmd_len=1572864
lt_cv_to_host_file_cmd=func_convert_file_noop
lt_cv_to_tool_file_cmd=func_convert_file_noop
pkg_cv_FFTW3_CFLAGS='-I/usr/local/include  '
pkg_cv_FFTW3_LIBS='-L/usr/local/lib -lfftw3 -lm  '
pkg_cv_SNDFILE_CFLAGS='-I/usr/local/include  '
pkg_cv_SNDFILE_LIBS='-L/usr/local/lib -lsndfile  '

## ----------------- ##
## Output variables. ##
## ----------------- ##

ACLOCAL='aclocal-1.14'
ACLOCAL_AMFLAGS='-I M4'
AMDEPBACKSLASH='\'
AMDEP_FALSE='#'
AMDEP_TRUE=''
AMTAR='$${TAR-tar}'
AM_BACKSLASH='\'
AM_DEFAULT_V='$(AM_DEFAULT_VERBOSITY)'
AM_DEFAULT_VERBOSITY='0'
AM_V='$(V)'
AR='ar'
AUTOCONF='autoconf'
AUTOHEADER='autoheader'
AUTOMAKE='automake-1.14'
AWK='mawk'
CC='gcc'
CCDEPMODE='depmode=gcc3'
CFLAGS='-g -O2 -std=gnu99 -W -Wstrict-prototypes -Wmissing-prototypes -Wall -Waggregate-return -Wcast-align -Wcast-qual -Wnested-externs -Wshadow -Wpointer-arith -pipe'
COMPILER_IS_GCC=''
CPP='gcc -E'
CPPFLAGS=''
CXX='g++'
CXXCPP='g++ -E'
CXXDEPMODE='depmode=gcc3'
CXXFLAGS='-g -O2'
CYGPATH_W='echo'
DEFS='-DHAVE_CONFIG_H'
DEPDIR='.deps'
DLLTOOL='false'
DLLWRAP=''
DSYMUTIL=''
DUMPBIN=''
ECHO_C=''
ECHO_N='-n'
ECHO_T=''
EGREP='/bin/grep -E'
EXEEXT=''
FFTW3_CFLAGS='-I/usr/local/include  '
FFTW3_LIBS='-L/usr/local/lib -lfftw3 -lm  '
FGREP='/bin/grep -F'
GCC_MAJOR_VERSION='4'
GREP='/bin/grep'
HAVE_FFTW3='1'
HAVE_SNDFILE='1'
INSTALL_DATA='${INSTALL} -m 644'
INSTALL_PROGRAM='${INSTALL}'
INSTALL_SCRIPT='${INSTALL}'
INSTALL_STRIP_PROGRAM='$(install_sh) -c -s'
LD='/usr/bin/ld -m elf_x86_64'
LDFLAGS=''
LIBOBJS=''
LIBS='-lm '
LIBTOOL='$(SHELL) $(top_builddir)/libtool'
LIPO=''
LN_S='ln -s'
LTLIBOBJS=''
MAKEINFO='makeinfo'
MANIFEST_TOOL=':'
MKDIR_P='/bin/mkdir -p'
NM='/usr/bin/nm -B'
NMEDIT=''
OBJDUMP='objdump'
OBJEXT='o'
OS_SPECIFIC_INCLUDES=''
OS_SPECIFIC_LINKS=''
OTOOL64=''
OTOOL=''
PACKAGE='libsamplerate'
PACKAGE_BUGREPORT='erikd@mega-nerd.com'
PACKAGE_NAME='libsamplerate'
PACKAGE_STRING='libsamplerate 0.1.8'
PACKAGE_TARNAME='libsamplerate'
PACKAGE_URL='http://www.mega-nerd.com/libsamplerate/'
PACKAGE_VERSION='0.1.8'
PATH_SEPARATOR=':'
PEXPORTS=''
PKG_CONFIG='/usr/bin/pkg-config'
PKG_CONFIG_LIBDIR=''
PKG_CONFIG_PATH='/usr/local/lib/pkgconfig/:'
RANLIB='ranlib'
RC=''
SED='/bin/sed'
SET_MAKE=''
SHARED_VERSION_INFO='1:8:1'
SHELL='/bin/bash'
SHLIB_VERSION_ARG='-Wl,--version-script=Version_script'
SNDFILE_CFLAGS='-I/usr/local/include  '
SNDFILE_LIBS='-L/usr/local/lib -lsndfile  '
STRIP='strip'
VERSION='0.1.8'
ac_ct_AR='ar'
ac_ct_CC='gcc'
ac_ct_CXX='g++'
ac_ct_DUMPBIN=''
am__EXEEXT_FALSE=''
am__EXEEXT_TRUE='#'
am__fastdepCC_FALSE='#'
am__fastdepCC_TRUE=''
am__fastdepCXX_FALSE='#'
am__fastdepCXX_TRUE=''
am__include='include'
am__isrc=''
am__leading_dot='.'
am__nodep='_no'
am__quote=''
am__tar='$${TAR-tar} chof - "$$tardir"'
am__untar='$${TAR-tar} xf -'
bindir='${exec_prefix}/bin'
build='x86_64-unknown-linux-gnu'
build_alias=''
build_cpu='x86_64'
build_os='linux-gnu'
build_vendor='unknown'
datadir='${datarootdir}'
datarootdir='${prefix}/share'
docdir='${datarootdir}/doc/${PACKAGE_TARNAME}'
dvidir='${docdir}'
exec_prefix='${prefix}'
host='x86_64-unknown-linux-gnu'
host_alias=''
host_cpu='x86_64'
host_os='linux-gnu'
host_vendor='unknown'
htmldir='${docdir}'
htmldocdir='/usr/local/share/doc/libsamplerate0-dev/html'
includedir='${prefix}/include'
infodir='${datarootdir}/info'
install_sh='${SHELL} /home/george/Develop/Praaline/sv-dependency-builds/src/libsamplerate-0.1.8/Cfg/install-sh'
libdir='${exec_prefix}/lib'
libexecdir='${exec_prefix}/libexec'
localedir='${datarootdir}/locale'
localstatedir='${prefix}/var'
mandir='${datarootdir}/man'
mkdir_p='$(MKDIR_P)'
oldincludedir='/usr/include'
pdfdir='${docdir}'
prefix='/usr/local'
program_transform_name='s,x,x,'
psdir='${docdir}'
sbindir='${exec_prefix}/sbin'
sharedstatedir='${prefix}/com'
sysconfdir='${prefix}/etc'
target='x86_64-unknown-linux-gnu'
target_alias=''
target_cpu='x86_64'
target_os='linux-gnu'
target_vendor='unknown'

## ----------- ##
## confdefs.h. ##
## ----------- ##

/* confdefs.h */
#define PACKAGE_NAME "libsamplerate"
#define PACKAGE_TARNAME "libsamplerate"
#define PACKAGE_VERSION "0.1.8"
#define PACKAGE_STRING "libsamplerate 0.1.8"
#define PACKAGE_BUGREPORT "erikd@mega-nerd.com"
#define PACKAGE_URL "http://www.mega-nerd.com/libsamplerate/"
#define PACKAGE "libsamplerate"
#define VERSION "0.1.8"
#define STDC_HEADERS 1
#define HAVE_SYS_TYPES_H 1
#define HAVE_SYS_STAT_H 1
#define HAVE_STDLIB_H 1
#define HAVE_STRING_H 1
#define HAVE_MEMORY_H 1
#define HAVE_STRINGS_H 1
#define HAVE_INTTYPES_H 1
#define HAVE_STDINT_H 1
#define HAVE_UNISTD_H 1
#define HAVE_DLFCN_H 1
#define LT_OBJDIR ".libs/"
#define STDC_HEADERS 1
#define HAVE_STDINT_H 1
#define HAVE_SYS_TIMES_H 1
#define SIZEOF_INT 4
#define SIZEOF_LONG 8
#define SIZEOF_FLOAT 4
#define SIZEOF_DOUBLE 8
#define CPU_IS_BIG_ENDIAN 0
#define CPU_IS_LITTLE_ENDIAN 1
#define HAVE_MALLOC 1
#define HAVE_CALLOC 1
#define HAVE_FREE 1
#define HAVE_MEMCPY 1
#define HAVE_MEMMOVE 1
#define HAVE_ALARM 1
#define HAVE_SIGNAL 1
#define HAVE_LIBM 1
#define HAVE_FLOOR 1
#define HAVE_CEIL 1
#define HAVE_FMOD 1
#define HAVE_SIGALRM 1
#define HAVE_LRINT 1
#define HAVE_LRINTF 1
#define CPU_CLIPS_POSITIVE 0
#define CPU_CLIPS_NEGATIVE 0
#define HAVE_SNDFILE 1
#define HAVE_FFTW3 1
#define COMPILER_IS_GCC 1
#define GCC_MAJOR_VERSION 4
#define OS_IS_WIN32 0

configure: exit 0
