This file contains any messages produced by compilers while
running configure, to aid debugging if configure makes a mistake.

It was created by RubberBand configure 1.8.1, which was
generated by GNU Autoconf 2.69.  Invocation command line was

  $ ./configure 

## --------- ##
## Platform. ##
## --------- ##

hostname = toshiba
uname -m = x86_64
uname -r = 4.4.0-28-generic
uname -s = Linux
uname -v = #47-Ubuntu SMP Fri Jun 24 10:09:13 UTC 2016

/usr/bin/uname -p = unknown
/bin/uname -X     = unknown

/bin/arch              = unknown
/usr/bin/arch -k       = unknown
/usr/convex/getsysinfo = unknown
/usr/bin/hostinfo      = unknown
/bin/machine           = unknown
/usr/bin/oslevel       = unknown
/bin/universe          = unknown

PATH: /home/george/bin
PATH: /usr/local/sbin
PATH: /usr/local/bin
PATH: /usr/sbin
PATH: /usr/bin
PATH: /sbin
PATH: /bin
PATH: /usr/games
PATH: /usr/local/games
PATH: /snap/bin


## ----------- ##
## Core tests. ##
## ----------- ##

configure:2116: checking for g++
configure:2132: found /usr/bin/g++
configure:2143: result: g++
configure:2170: checking for C++ compiler version
configure:2179: g++ --version >&5
g++ (Ubuntu 5.3.1-14ubuntu2.1) 5.3.1 20160413
Copyright (C) 2015 Free Software Foundation, Inc.
This is free software; see the source for copying conditions.  There is NO
warranty; not even for MERCHANTABILITY or FITNESS FOR A PARTICULAR PURPOSE.

configure:2190: $? = 0
configure:2179: g++ -v >&5
Using built-in specs.
COLLECT_GCC=g++
COLLECT_LTO_WRAPPER=/usr/lib/gcc/x86_64-linux-gnu/5/lto-wrapper
Target: x86_64-linux-gnu
Configured with: ../src/configure -v --with-pkgversion='Ubuntu 5.3.1-14ubuntu2.1' --with-bugurl=file:///usr/share/doc/gcc-5/README.Bugs --enable-languages=c,ada,c++,java,go,d,fortran,objc,obj-c++ --prefix=/usr --program-suffix=-5 --enable-shared --enable-linker-build-id --libexecdir=/usr/lib --without-included-gettext --enable-threads=posix --libdir=/usr/lib --enable-nls --with-sysroot=/ --enable-clocale=gnu --enable-libstdcxx-debug --enable-libstdcxx-time=yes --with-default-libstdcxx-abi=new --enable-gnu-unique-object --disable-vtable-verify --enable-libmpx --enable-plugin --with-system-zlib --disable-browser-plugin --enable-java-awt=gtk --enable-gtk-cairo --with-java-home=/usr/lib/jvm/java-1.5.0-gcj-5-amd64/jre --enable-java-home --with-jvm-root-dir=/usr/lib/jvm/java-1.5.0-gcj-5-amd64 --with-jvm-jar-dir=/usr/lib/jvm-exports/java-1.5.0-gcj-5-amd64 --with-arch-directory=amd64 --with-ecj-jar=/usr/share/java/eclipse-ecj.jar --enable-objc-gc --enable-multiarch --disable-werror --with-arch-32=i686 --with-abi=m64 --with-multilib-list=m32,m64,mx32 --enable-multilib --with-tune=generic --enable-checking=release --build=x86_64-linux-gnu --host=x86_64-linux-gnu --target=x86_64-linux-gnu
Thread model: posix
gcc version 5.3.1 20160413 (Ubuntu 5.3.1-14ubuntu2.1) 
configure:2190: $? = 0
configure:2179: g++ -V >&5
g++: error: unrecognized command line option '-V'
g++: fatal error: no input files
compilation terminated.
configure:2190: $? = 1
configure:2179: g++ -qversion >&5
g++: error: unrecognized command line option '-qversion'
g++: fatal error: no input files
compilation terminated.
configure:2190: $? = 1
configure:2210: checking whether the C++ compiler works
configure:2232: g++    conftest.cpp  >&5
configure:2236: $? = 0
configure:2284: result: yes
configure:2287: checking for C++ compiler default output file name
configure:2289: result: a.out
configure:2295: checking for suffix of executables
configure:2302: g++ -o conftest    conftest.cpp  >&5
configure:2306: $? = 0
configure:2328: result: 
configure:2350: checking whether we are cross compiling
configure:2358: g++ -o conftest    conftest.cpp  >&5
configure:2362: $? = 0
configure:2369: ./conftest
configure:2373: $? = 0
configure:2388: result: no
configure:2393: checking for suffix of object files
configure:2415: g++ -c   conftest.cpp >&5
configure:2419: $? = 0
configure:2440: result: o
configure:2444: checking whether we are using the GNU C++ compiler
configure:2463: g++ -c   conftest.cpp >&5
configure:2463: $? = 0
configure:2472: result: yes
configure:2481: checking whether g++ accepts -g
configure:2501: g++ -c -g  conftest.cpp >&5
configure:2501: $? = 0
configure:2542: result: yes
configure:2613: checking for gcc
configure:2629: found /usr/bin/gcc
configure:2640: result: gcc
configure:2869: checking for C compiler version
configure:2878: gcc --version >&5
gcc (Ubuntu 5.3.1-14ubuntu2.1) 5.3.1 20160413
Copyright (C) 2015 Free Software Foundation, Inc.
This is free software; see the source for copying conditions.  There is NO
warranty; not even for MERCHANTABILITY or FITNESS FOR A PARTICULAR PURPOSE.

configure:2889: $? = 0
configure:2878: gcc -v >&5
Using built-in specs.
COLLECT_GCC=gcc
COLLECT_LTO_WRAPPER=/usr/lib/gcc/x86_64-linux-gnu/5/lto-wrapper
Target: x86_64-linux-gnu
Configured with: ../src/configure -v --with-pkgversion='Ubuntu 5.3.1-14ubuntu2.1' --with-bugurl=file:///usr/share/doc/gcc-5/README.Bugs --enable-languages=c,ada,c++,java,go,d,fortran,objc,obj-c++ --prefix=/usr --program-suffix=-5 --enable-shared --enable-linker-build-id --libexecdir=/usr/lib --without-included-gettext --enable-threads=posix --libdir=/usr/lib --enable-nls --with-sysroot=/ --enable-clocale=gnu --enable-libstdcxx-debug --enable-libstdcxx-time=yes --with-default-libstdcxx-abi=new --enable-gnu-unique-object --disable-vtable-verify --enable-libmpx --enable-plugin --with-system-zlib --disable-browser-plugin --enable-java-awt=gtk --enable-gtk-cairo --with-java-home=/usr/lib/jvm/java-1.5.0-gcj-5-amd64/jre --enable-java-home --with-jvm-root-dir=/usr/lib/jvm/java-1.5.0-gcj-5-amd64 --with-jvm-jar-dir=/usr/lib/jvm-exports/java-1.5.0-gcj-5-amd64 --with-arch-directory=amd64 --with-ecj-jar=/usr/share/java/eclipse-ecj.jar --enable-objc-gc --enable-multiarch --disable-werror --with-arch-32=i686 --with-abi=m64 --with-multilib-list=m32,m64,mx32 --enable-multilib --with-tune=generic --enable-checking=release --build=x86_64-linux-gnu --host=x86_64-linux-gnu --target=x86_64-linux-gnu
Thread model: posix
gcc version 5.3.1 20160413 (Ubuntu 5.3.1-14ubuntu2.1) 
configure:2889: $? = 0
configure:2878: gcc -V >&5
gcc: error: unrecognized command line option '-V'
gcc: fatal error: no input files
compilation terminated.
configure:2889: $? = 1
configure:2878: gcc -qversion >&5
gcc: error: unrecognized command line option '-qversion'
gcc: fatal error: no input files
compilation terminated.
configure:2889: $? = 1
configure:2893: checking whether we are using the GNU C compiler
configure:2912: gcc -c   conftest.c >&5
configure:2912: $? = 0
configure:2921: result: yes
configure:2930: checking whether gcc accepts -g
configure:2950: gcc -c -g  conftest.c >&5
configure:2950: $? = 0
configure:2991: result: yes
configure:3008: checking for gcc option to accept ISO C89
configure:3071: gcc  -c -g -O2  conftest.c >&5
configure:3071: $? = 0
configure:3084: result: none needed
configure:3110: checking how to run the C preprocessor
configure:3141: gcc -E  conftest.c
configure:3141: $? = 0
configure:3155: gcc -E  conftest.c
conftest.c:9:28: fatal error: ac_nonexistent.h: No such file or directory
compilation terminated.
configure:3155: $? = 1
configure: failed program was:
| /* confdefs.h */
| #define PACKAGE_NAME "RubberBand"
| #define PACKAGE_TARNAME "rubberband"
| #define PACKAGE_VERSION "1.8.1"
| #define PACKAGE_STRING "RubberBand 1.8.1"
| #define PACKAGE_BUGREPORT "chris.cannam@breakfastquay.com"
| #define PACKAGE_URL ""
| /* end confdefs.h.  */
| #include <ac_nonexistent.h>
configure:3180: result: gcc -E
configure:3200: gcc -E  conftest.c
configure:3200: $? = 0
configure:3214: gcc -E  conftest.c
conftest.c:9:28: fatal error: ac_nonexistent.h: No such file or directory
compilation terminated.
configure:3214: $? = 1
configure: failed program was:
| /* confdefs.h */
| #define PACKAGE_NAME "RubberBand"
| #define PACKAGE_TARNAME "rubberband"
| #define PACKAGE_VERSION "1.8.1"
| #define PACKAGE_STRING "RubberBand 1.8.1"
| #define PACKAGE_BUGREPORT "chris.cannam@breakfastquay.com"
| #define PACKAGE_URL ""
| /* end confdefs.h.  */
| #include <ac_nonexistent.h>
configure:3243: checking for grep that handles long lines and -e
configure:3301: result: /bin/grep
configure:3306: checking for egrep
configure:3368: result: /bin/grep -E
configure:3373: checking for ANSI C header files
configure:3393: gcc -c -g -O2  conftest.c >&5
configure:3393: $? = 0
configure:3466: gcc -o conftest -g -O2   conftest.c  >&5
configure:3466: $? = 0
configure:3466: ./conftest
configure:3466: $? = 0
configure:3477: result: yes
configure:3490: checking for sys/types.h
configure:3490: gcc -c -g -O2  conftest.c >&5
configure:3490: $? = 0
configure:3490: result: yes
configure:3490: checking for sys/stat.h
configure:3490: gcc -c -g -O2  conftest.c >&5
configure:3490: $? = 0
configure:3490: result: yes
configure:3490: checking for stdlib.h
configure:3490: gcc -c -g -O2  conftest.c >&5
configure:3490: $? = 0
configure:3490: result: yes
configure:3490: checking for string.h
configure:3490: gcc -c -g -O2  conftest.c >&5
configure:3490: $? = 0
configure:3490: result: yes
configure:3490: checking for memory.h
configure:3490: gcc -c -g -O2  conftest.c >&5
configure:3490: $? = 0
configure:3490: result: yes
configure:3490: checking for strings.h
configure:3490: gcc -c -g -O2  conftest.c >&5
configure:3490: $? = 0
configure:3490: result: yes
configure:3490: checking for inttypes.h
configure:3490: gcc -c -g -O2  conftest.c >&5
configure:3490: $? = 0
configure:3490: result: yes
configure:3490: checking for stdint.h
configure:3490: gcc -c -g -O2  conftest.c >&5
configure:3490: $? = 0
configure:3490: result: yes
configure:3490: checking for unistd.h
configure:3490: gcc -c -g -O2  conftest.c >&5
configure:3490: $? = 0
configure:3490: result: yes
configure:3502: checking whether byte ordering is bigendian
configure:3517: gcc -c -g -O2  conftest.c >&5
conftest.c:20:9: error: unknown type name 'not'
         not a universal capable compiler
         ^
conftest.c:20:15: error: expected '=', ',', ';', 'asm' or '__attribute__' before 'universal'
         not a universal capable compiler
               ^
conftest.c:20:15: error: unknown type name 'universal'
configure:3517: $? = 1
configure: failed program was:
| /* confdefs.h */
| #define PACKAGE_NAME "RubberBand"
| #define PACKAGE_TARNAME "rubberband"
| #define PACKAGE_VERSION "1.8.1"
| #define PACKAGE_STRING "RubberBand 1.8.1"
| #define PACKAGE_BUGREPORT "chris.cannam@breakfastquay.com"
| #define PACKAGE_URL ""
| #define STDC_HEADERS 1
| #define HAVE_SYS_TYPES_H 1
| #define HAVE_SYS_STAT_H 1
| #define HAVE_STDLIB_H 1
| #define HAVE_STRING_H 1
| #define HAVE_MEMORY_H 1
| #define HAVE_STRINGS_H 1
| #define HAVE_INTTYPES_H 1
| #define HAVE_STDINT_H 1
| #define HAVE_UNISTD_H 1
| /* end confdefs.h.  */
| #ifndef __APPLE_CC__
| 	       not a universal capable compiler
| 	     #endif
| 	     typedef int dummy;
| 
configure:3562: gcc -c -g -O2  conftest.c >&5
configure:3562: $? = 0
configure:3580: gcc -c -g -O2  conftest.c >&5
conftest.c: In function 'main':
conftest.c:26:4: error: unknown type name 'not'
    not big endian
    ^
conftest.c:26:12: error: expected '=', ',', ';', 'asm' or '__attribute__' before 'endian'
    not big endian
            ^
configure:3580: $? = 1
configure: failed program was:
| /* confdefs.h */
| #define PACKAGE_NAME "RubberBand"
| #define PACKAGE_TARNAME "rubberband"
| #define PACKAGE_VERSION "1.8.1"
| #define PACKAGE_STRING "RubberBand 1.8.1"
| #define PACKAGE_BUGREPORT "chris.cannam@breakfastquay.com"
| #define PACKAGE_URL ""
| #define STDC_HEADERS 1
| #define HAVE_SYS_TYPES_H 1
| #define HAVE_SYS_STAT_H 1
| #define HAVE_STDLIB_H 1
| #define HAVE_STRING_H 1
| #define HAVE_MEMORY_H 1
| #define HAVE_STRINGS_H 1
| #define HAVE_INTTYPES_H 1
| #define HAVE_STDINT_H 1
| #define HAVE_UNISTD_H 1
| /* end confdefs.h.  */
| #include <sys/types.h>
| 		#include <sys/param.h>
| 
| int
| main ()
| {
| #if BYTE_ORDER != BIG_ENDIAN
| 		 not big endian
| 		#endif
| 
|   ;
|   return 0;
| }
configure:3708: result: no
configure:3781: checking for pkg-config
configure:3799: found /usr/bin/pkg-config
configure:3811: result: /usr/bin/pkg-config
configure:3836: checking pkg-config is at least version 0.9.0
configure:3839: result: yes
configure:3849: checking for SRC
configure:3856: $PKG_CONFIG --exists --print-errors "samplerate"
configure:3859: $? = 0
configure:3873: $PKG_CONFIG --exists --print-errors "samplerate"
configure:3876: $? = 0
configure:3934: result: yes
configure:3943: checking for SNDFILE
configure:3950: $PKG_CONFIG --exists --print-errors "sndfile"
configure:3953: $? = 0
configure:3967: $PKG_CONFIG --exists --print-errors "sndfile"
configure:3970: $? = 0
configure:4028: result: yes
configure:4037: checking for FFTW
configure:4044: $PKG_CONFIG --exists --print-errors "fftw3"
configure:4047: $? = 0
configure:4061: $PKG_CONFIG --exists --print-errors "fftw3"
configure:4064: $? = 0
configure:4122: result: yes
configure:4131: checking ladspa.h usability
configure:4131: gcc -c -g -O2  conftest.c >&5
conftest.c:52:20: fatal error: /usr/local/include/ladspa.h: Permission denied
compilation terminated.
configure:4131: $? = 1
configure: failed program was:
| /* confdefs.h */
| #define PACKAGE_NAME "RubberBand"
| #define PACKAGE_TARNAME "rubberband"
| #define PACKAGE_VERSION "1.8.1"
| #define PACKAGE_STRING "RubberBand 1.8.1"
| #define PACKAGE_BUGREPORT "chris.cannam@breakfastquay.com"
| #define PACKAGE_URL ""
| #define STDC_HEADERS 1
| #define HAVE_SYS_TYPES_H 1
| #define HAVE_SYS_STAT_H 1
| #define HAVE_STDLIB_H 1
| #define HAVE_STRING_H 1
| #define HAVE_MEMORY_H 1
| #define HAVE_STRINGS_H 1
| #define HAVE_INTTYPES_H 1
| #define HAVE_STDINT_H 1
| #define HAVE_UNISTD_H 1
| /* end confdefs.h.  */
| #include <stdio.h>
| #ifdef HAVE_SYS_TYPES_H
| # include <sys/types.h>
| #endif
| #ifdef HAVE_SYS_STAT_H
| # include <sys/stat.h>
| #endif
| #ifdef STDC_HEADERS
| # include <stdlib.h>
| # include <stddef.h>
| #else
| # ifdef HAVE_STDLIB_H
| #  include <stdlib.h>
| # endif
| #endif
| #ifdef HAVE_STRING_H
| # if !defined STDC_HEADERS && defined HAVE_MEMORY_H
| #  include <memory.h>
| # endif
| # include <string.h>
| #endif
| #ifdef HAVE_STRINGS_H
| # include <strings.h>
| #endif
| #ifdef HAVE_INTTYPES_H
| # include <inttypes.h>
| #endif
| #ifdef HAVE_STDINT_H
| # include <stdint.h>
| #endif
| #ifdef HAVE_UNISTD_H
| # include <unistd.h>
| #endif
| #include <ladspa.h>
configure:4131: result: no
configure:4131: checking ladspa.h presence
configure:4131: gcc -E  conftest.c
conftest.c:19:20: fatal error: /usr/local/include/ladspa.h: Permission denied
compilation terminated.
configure:4131: $? = 1
configure: failed program was:
| /* confdefs.h */
| #define PACKAGE_NAME "RubberBand"
| #define PACKAGE_TARNAME "rubberband"
| #define PACKAGE_VERSION "1.8.1"
| #define PACKAGE_STRING "RubberBand 1.8.1"
| #define PACKAGE_BUGREPORT "chris.cannam@breakfastquay.com"
| #define PACKAGE_URL ""
| #define STDC_HEADERS 1
| #define HAVE_SYS_TYPES_H 1
| #define HAVE_SYS_STAT_H 1
| #define HAVE_STDLIB_H 1
| #define HAVE_STRING_H 1
| #define HAVE_MEMORY_H 1
| #define HAVE_STRINGS_H 1
| #define HAVE_INTTYPES_H 1
| #define HAVE_STDINT_H 1
| #define HAVE_UNISTD_H 1
| /* end confdefs.h.  */
| #include <ladspa.h>
configure:4131: result: no
configure:4131: checking for ladspa.h
configure:4131: result: no
configure:4143: checking pthread.h usability
configure:4143: gcc -c -g -O2  conftest.c >&5
configure:4143: $? = 0
configure:4143: result: yes
configure:4143: checking pthread.h presence
configure:4143: gcc -E  conftest.c
configure:4143: $? = 0
configure:4143: result: yes
configure:4143: checking for pthread.h
configure:4143: result: yes
configure:4156: checking for Vamp
configure:4163: $PKG_CONFIG --exists --print-errors "vamp-sdk"
configure:4166: $? = 0
configure:4180: $PKG_CONFIG --exists --print-errors "vamp-sdk"
configure:4183: $? = 0
configure:4241: result: yes
configure:4412: creating ./config.status

## ---------------------- ##
## Running config.status. ##
## ---------------------- ##

This file was extended by RubberBand config.status 1.8.1, which was
generated by GNU Autoconf 2.69.  Invocation command line was

  CONFIG_FILES    = 
  CONFIG_HEADERS  = 
  CONFIG_LINKS    = 
  CONFIG_COMMANDS = 
  $ ./config.status 

on toshiba

config.status:737: creating Makefile

## ---------------- ##
## Cache variables. ##
## ---------------- ##

ac_cv_c_bigendian=no
ac_cv_c_compiler_gnu=yes
ac_cv_cxx_compiler_gnu=yes
ac_cv_env_CCC_set=
ac_cv_env_CCC_value=
ac_cv_env_CC_set=
ac_cv_env_CC_value=
ac_cv_env_CFLAGS_set=
ac_cv_env_CFLAGS_value=
ac_cv_env_CPPFLAGS_set=
ac_cv_env_CPPFLAGS_value=
ac_cv_env_CPP_set=
ac_cv_env_CPP_value=
ac_cv_env_CXXFLAGS_set=
ac_cv_env_CXXFLAGS_value=
ac_cv_env_CXX_set=
ac_cv_env_CXX_value=
ac_cv_env_FFTW_CFLAGS_set=
ac_cv_env_FFTW_CFLAGS_value=
ac_cv_env_FFTW_LIBS_set=
ac_cv_env_FFTW_LIBS_value=
ac_cv_env_LDFLAGS_set=
ac_cv_env_LDFLAGS_value=
ac_cv_env_LIBS_set=
ac_cv_env_LIBS_value=
ac_cv_env_PKG_CONFIG_LIBDIR_set=
ac_cv_env_PKG_CONFIG_LIBDIR_value=
ac_cv_env_PKG_CONFIG_PATH_set=
ac_cv_env_PKG_CONFIG_PATH_value=
ac_cv_env_PKG_CONFIG_set=
ac_cv_env_PKG_CONFIG_value=
ac_cv_env_SNDFILE_CFLAGS_set=
ac_cv_env_SNDFILE_CFLAGS_value=
ac_cv_env_SNDFILE_LIBS_set=
ac_cv_env_SNDFILE_LIBS_value=
ac_cv_env_SRC_CFLAGS_set=
ac_cv_env_SRC_CFLAGS_value=
ac_cv_env_SRC_LIBS_set=
ac_cv_env_SRC_LIBS_value=
ac_cv_env_Vamp_CFLAGS_set=
ac_cv_env_Vamp_CFLAGS_value=
ac_cv_env_Vamp_LIBS_set=
ac_cv_env_Vamp_LIBS_value=
ac_cv_env_build_alias_set=
ac_cv_env_build_alias_value=
ac_cv_env_host_alias_set=
ac_cv_env_host_alias_value=
ac_cv_env_target_alias_set=
ac_cv_env_target_alias_value=
ac_cv_header_inttypes_h=yes
ac_cv_header_ladspa_h=no
ac_cv_header_memory_h=yes
ac_cv_header_pthread_h=yes
ac_cv_header_stdc=yes
ac_cv_header_stdint_h=yes
ac_cv_header_stdlib_h=yes
ac_cv_header_string_h=yes
ac_cv_header_strings_h=yes
ac_cv_header_sys_stat_h=yes
ac_cv_header_sys_types_h=yes
ac_cv_header_unistd_h=yes
ac_cv_objext=o
ac_cv_path_EGREP='/bin/grep -E'
ac_cv_path_GREP=/bin/grep
ac_cv_path_ac_pt_PKG_CONFIG=/usr/bin/pkg-config
ac_cv_prog_CPP='gcc -E'
ac_cv_prog_ac_ct_CC=gcc
ac_cv_prog_ac_ct_CXX=g++
ac_cv_prog_cc_c89=
ac_cv_prog_cc_g=yes
ac_cv_prog_cxx_g=yes
pkg_cv_FFTW_CFLAGS=-I/usr/local/include
pkg_cv_FFTW_LIBS='-L/usr/local/lib -lfftw3 -lm'
pkg_cv_SNDFILE_CFLAGS=-I/usr/local/include
pkg_cv_SNDFILE_LIBS='-L/usr/local/lib -lsndfile'
pkg_cv_SRC_CFLAGS=-I/usr/local/include
pkg_cv_SRC_LIBS='-L/usr/local/lib -lsamplerate'
pkg_cv_Vamp_CFLAGS=-I/usr/local/include
pkg_cv_Vamp_LIBS='-L/usr/local/lib -lvamp-sdk'

## ----------------- ##
## Output variables. ##
## ----------------- ##

CC='gcc'
CFLAGS='-g -O2 -fPIC -Wall'
CPP='gcc -E'
CPPFLAGS=''
CXX='g++'
CXXFLAGS='-g -O2 -fPIC -Wall'
DEFS='-DPACKAGE_NAME=\"RubberBand\" -DPACKAGE_TARNAME=\"rubberband\" -DPACKAGE_VERSION=\"1.8.1\" -DPACKAGE_STRING=\"RubberBand\ 1.8.1\" -DPACKAGE_BUGREPORT=\"chris.cannam@breakfastquay.com\" -DPACKAGE_URL=\"\" -DSTDC_HEADERS=1 -DHAVE_SYS_TYPES_H=1 -DHAVE_SYS_STAT_H=1 -DHAVE_STDLIB_H=1 -DHAVE_STRING_H=1 -DHAVE_MEMORY_H=1 -DHAVE_STRINGS_H=1 -DHAVE_INTTYPES_H=1 -DHAVE_STDINT_H=1 -DHAVE_UNISTD_H=1 -DHAVE_PTHREAD_H=1'
ECHO_C=''
ECHO_N='-n'
ECHO_T=''
EGREP='/bin/grep -E'
EXEEXT=''
FFTW_CFLAGS='-I/usr/local/include'
FFTW_LIBS='-L/usr/local/lib -lfftw3 -lm'
GREP='/bin/grep'
LDFLAGS=''
LIBOBJS=''
LIBS=''
LTLIBOBJS=''
OBJEXT='o'
PACKAGE_BUGREPORT='chris.cannam@breakfastquay.com'
PACKAGE_NAME='RubberBand'
PACKAGE_STRING='RubberBand 1.8.1'
PACKAGE_TARNAME='rubberband'
PACKAGE_URL=''
PACKAGE_VERSION='1.8.1'
PATH_SEPARATOR=':'
PKG_CONFIG='/usr/bin/pkg-config'
PKG_CONFIG_LIBDIR=''
PKG_CONFIG_PATH=''
SHELL='/bin/bash'
SNDFILE_CFLAGS='-I/usr/local/include'
SNDFILE_LIBS='-L/usr/local/lib -lsndfile'
SRC_CFLAGS='-I/usr/local/include'
SRC_LIBS='-L/usr/local/lib -lsamplerate'
Vamp_CFLAGS='-I/usr/local/include'
Vamp_LIBS='-L/usr/local/lib -lvamp-sdk'
ac_ct_CC='gcc'
ac_ct_CXX='g++'
bindir='${exec_prefix}/bin'
build_alias=''
datadir='${datarootdir}'
datarootdir='${prefix}/share'
docdir='${datarootdir}/doc/${PACKAGE_TARNAME}'
dvidir='${docdir}'
exec_prefix='${prefix}'
host_alias=''
htmldir='${docdir}'
includedir='${prefix}/include'
infodir='${datarootdir}/info'
libdir='${exec_prefix}/lib'
libexecdir='${exec_prefix}/libexec'
localedir='${datarootdir}/locale'
localstatedir='${prefix}/var'
mandir='${datarootdir}/man'
oldincludedir='/usr/include'
pdfdir='${docdir}'
prefix='/usr/local'
program_transform_name='s,x,x,'
psdir='${docdir}'
sbindir='${exec_prefix}/sbin'
sharedstatedir='${prefix}/com'
sysconfdir='${prefix}/etc'
target_alias=''

## ----------- ##
## confdefs.h. ##
## ----------- ##

/* confdefs.h */
#define PACKAGE_NAME "RubberBand"
#define PACKAGE_TARNAME "rubberband"
#define PACKAGE_VERSION "1.8.1"
#define PACKAGE_STRING "RubberBand 1.8.1"
#define PACKAGE_BUGREPORT "chris.cannam@breakfastquay.com"
#define PACKAGE_URL ""
#define STDC_HEADERS 1
#define HAVE_SYS_TYPES_H 1
#define HAVE_SYS_STAT_H 1
#define HAVE_STDLIB_H 1
#define HAVE_STRING_H 1
#define HAVE_MEMORY_H 1
#define HAVE_STRINGS_H 1
#define HAVE_INTTYPES_H 1
#define HAVE_STDINT_H 1
#define HAVE_UNISTD_H 1
#define HAVE_PTHREAD_H 1

configure: exit 0
