This file contains any messages produced by compilers while
running configure, to aid debugging if configure makes a mistake.

It was created by MPEG Audio Decoder configure 0.15.1b, which was
generated by GNU Autoconf 2.69.  Invocation command line was

  $ ./configure --enable-static

## --------- ##
## Platform. ##
## --------- ##

hostname = toshiba
uname -m = x86_64
uname -r = 3.19.0-49-generic
uname -s = Linux
uname -v = #55~14.04.1-Ubuntu SMP Fri Jan 22 11:24:31 UTC 2016

/usr/bin/uname -p = unknown
/bin/uname -X     = unknown

/bin/arch              = unknown
/usr/bin/arch -k       = unknown
/usr/convex/getsysinfo = unknown
/usr/bin/hostinfo      = unknown
/bin/machine           = unknown
/usr/bin/oslevel       = unknown
/bin/universe          = unknown

PATH: /usr/local/sbin
PATH: /usr/local/bin
PATH: /usr/sbin
PATH: /usr/bin
PATH: /sbin
PATH: /bin
PATH: /usr/games
PATH: /usr/local/games


## ----------- ##
## Core tests. ##
## ----------- ##

configure:2525: checking for a BSD-compatible install
configure:2593: result: /usr/bin/install -c
configure:2604: checking whether build environment is sane
configure:2659: result: yes
configure:2810: checking for a thread-safe mkdir -p
configure:2849: result: /bin/mkdir -p
configure:2856: checking for gawk
configure:2886: result: no
configure:2856: checking for mawk
configure:2872: found /usr/bin/mawk
configure:2883: result: mawk
configure:2894: checking whether make sets $(MAKE)
configure:2916: result: yes
configure:2945: checking whether make supports nested variables
configure:2962: result: yes
configure:3096: checking build system type
configure:3110: result: x86_64-unknown-linux-gnu
configure:3130: checking host system type
configure:3143: result: x86_64-unknown-linux-gnu
configure:3213: checking for gcc
configure:3229: found /usr/bin/gcc
configure:3240: result: gcc
configure:3469: checking for C compiler version
configure:3478: gcc --version >&5
gcc (Ubuntu 4.8.4-2ubuntu1~14.04) 4.8.4
Copyright (C) 2013 Free Software Foundation, Inc.
This is free software; see the source for copying conditions.  There is NO
warranty; not even for MERCHANTABILITY or FITNESS FOR A PARTICULAR PURPOSE.

configure:3489: $? = 0
configure:3478: gcc -v >&5
Using built-in specs.
COLLECT_GCC=gcc
COLLECT_LTO_WRAPPER=/usr/lib/gcc/x86_64-linux-gnu/4.8/lto-wrapper
Target: x86_64-linux-gnu
Configured with: ../src/configure -v --with-pkgversion='Ubuntu 4.8.4-2ubuntu1~14.04' --with-bugurl=file:///usr/share/doc/gcc-4.8/README.Bugs --enable-languages=c,c++,java,go,d,fortran,objc,obj-c++ --prefix=/usr --program-suffix=-4.8 --enable-shared --enable-linker-build-id --libexecdir=/usr/lib --without-included-gettext --enable-threads=posix --with-gxx-include-dir=/usr/include/c++/4.8 --libdir=/usr/lib --enable-nls --with-sysroot=/ --enable-clocale=gnu --enable-libstdcxx-debug --enable-libstdcxx-time=yes --enable-gnu-unique-object --disable-libmudflap --enable-plugin --with-system-zlib --disable-browser-plugin --enable-java-awt=gtk --enable-gtk-cairo --with-java-home=/usr/lib/jvm/java-1.5.0-gcj-4.8-amd64/jre --enable-java-home --with-jvm-root-dir=/usr/lib/jvm/java-1.5.0-gcj-4.8-amd64 --with-jvm-jar-dir=/usr/lib/jvm-exports/java-1.5.0-gcj-4.8-amd64 --with-arch-directory=amd64 --with-ecj-jar=/usr/share/java/eclipse-ecj.jar --enable-objc-gc --enable-multiarch --disable-werror --with-arch-32=i686 --with-abi=m64 --with-multilib-list=m32,m64,mx32 --with-tune=generic --enable-checking=release --build=x86_64-linux-gnu --host=x86_64-linux-gnu --target=x86_64-linux-gnu
Thread model: posix
gcc version 4.8.4 (Ubuntu 4.8.4-2ubuntu1~14.04) 
configure:3489: $? = 0
configure:3478: gcc -V >&5
gcc: error: unrecognized command line option '-V'
gcc: fatal error: no input files
compilation terminated.
configure:3489: $? = 4
configure:3478: gcc -qversion >&5
gcc: error: unrecognized command line option '-qversion'
gcc: fatal error: no input files
compilation terminated.
configure:3489: $? = 4
configure:3509: checking whether the C compiler works
configure:3531: gcc    conftest.c  >&5
configure:3535: $? = 0
configure:3583: result: yes
configure:3586: checking for C compiler default output file name
configure:3588: result: a.out
configure:3594: checking for suffix of executables
configure:3601: gcc -o conftest    conftest.c  >&5
configure:3605: $? = 0
configure:3627: result: 
configure:3649: checking whether we are cross compiling
configure:3657: gcc -o conftest    conftest.c  >&5
configure:3661: $? = 0
configure:3668: ./conftest
configure:3672: $? = 0
configure:3687: result: no
configure:3692: checking for suffix of object files
configure:3714: gcc -c   conftest.c >&5
configure:3718: $? = 0
configure:3739: result: o
configure:3743: checking whether we are using the GNU C compiler
configure:3762: gcc -c   conftest.c >&5
configure:3762: $? = 0
configure:3771: result: yes
configure:3780: checking whether gcc accepts -g
configure:3800: gcc -c -g  conftest.c >&5
configure:3800: $? = 0
configure:3841: result: yes
configure:3858: checking for gcc option to accept ISO C89
configure:3921: gcc  -c -g -O2  conftest.c >&5
configure:3921: $? = 0
configure:3934: result: none needed
configure:3959: checking whether gcc understands -c and -o together
configure:3981: gcc -c conftest.c -o conftest2.o
configure:3984: $? = 0
configure:3981: gcc -c conftest.c -o conftest2.o
configure:3984: $? = 0
configure:3996: result: yes
configure:4024: checking for style of include used by make
configure:4052: result: GNU
configure:4078: checking dependency style of gcc
configure:4189: result: gcc3
configure:4213: checking dependency style of gcc
configure:4322: result: gcc3
configure:4399: checking how to print strings
configure:4426: result: printf
configure:4447: checking for a sed that does not truncate output
configure:4511: result: /bin/sed
configure:4529: checking for grep that handles long lines and -e
configure:4587: result: /bin/grep
configure:4592: checking for egrep
configure:4654: result: /bin/grep -E
configure:4659: checking for fgrep
configure:4721: result: /bin/grep -F
configure:4756: checking for ld used by gcc
configure:4823: result: /usr/bin/ld
configure:4830: checking if the linker (/usr/bin/ld) is GNU ld
configure:4845: result: yes
configure:4857: checking for BSD- or MS-compatible name lister (nm)
configure:4906: result: /usr/bin/nm -B
configure:5036: checking the name lister (/usr/bin/nm -B) interface
configure:5043: gcc -c -g -O2  conftest.c >&5
configure:5046: /usr/bin/nm -B "conftest.o"
configure:5049: output
0000000000000000 B some_variable
configure:5056: result: BSD nm
configure:5059: checking whether ln -s works
configure:5063: result: yes
configure:5071: checking the maximum length of command line arguments
configure:5202: result: 1572864
configure:5219: checking whether the shell understands some XSI constructs
configure:5229: result: yes
configure:5233: checking whether the shell understands "+="
configure:5239: result: yes
configure:5274: checking how to convert x86_64-unknown-linux-gnu file names to x86_64-unknown-linux-gnu format
configure:5314: result: func_convert_file_noop
configure:5321: checking how to convert x86_64-unknown-linux-gnu file names to toolchain format
configure:5341: result: func_convert_file_noop
configure:5348: checking for /usr/bin/ld option to reload object files
configure:5355: result: -r
configure:5429: checking for objdump
configure:5445: found /usr/bin/objdump
configure:5456: result: objdump
configure:5488: checking how to recognize dependent libraries
configure:5686: result: pass_all
configure:5771: checking for dlltool
configure:5801: result: no
configure:5831: checking how to associate runtime and link libraries
configure:5858: result: printf %s\n
configure:5919: checking for ar
configure:5935: found /usr/bin/ar
configure:5946: result: ar
configure:5983: checking for archiver @FILE support
configure:6000: gcc -c -g -O2  conftest.c >&5
configure:6000: $? = 0
configure:6003: ar cru libconftest.a @conftest.lst >&5
configure:6006: $? = 0
configure:6011: ar cru libconftest.a @conftest.lst >&5
ar: conftest.o: No such file or directory
configure:6014: $? = 1
configure:6026: result: @
configure:6084: checking for strip
configure:6100: found /usr/bin/strip
configure:6111: result: strip
configure:6183: checking for ranlib
configure:6199: found /usr/bin/ranlib
configure:6210: result: ranlib
configure:6312: checking command to parse /usr/bin/nm -B output from gcc object
configure:6432: gcc -c -g -O2  conftest.c >&5
configure:6435: $? = 0
configure:6439: /usr/bin/nm -B conftest.o \| sed -n -e 's/^.*[ ]\([ABCDGIRSTW][ABCDGIRSTW]*\)[ ][ ]*\([_A-Za-z][_A-Za-z0-9]*\)$/\1 \2 \2/p' | sed '/ __gnu_lto/d' \> conftest.nm
configure:6442: $? = 0
configure:6508: gcc -o conftest -g -O2   conftest.c conftstm.o >&5
configure:6511: $? = 0
configure:6549: result: ok
configure:6586: checking for sysroot
configure:6616: result: no
configure:6693: gcc -c -g -O2  conftest.c >&5
configure:6696: $? = 0
configure:6885: checking for mt
configure:6901: found /bin/mt
configure:6912: result: mt
configure:6935: checking if mt is a manifest tool
configure:6941: mt '-?'
configure:6949: result: no
configure:7591: checking how to run the C preprocessor
configure:7622: gcc -E  conftest.c
configure:7622: $? = 0
configure:7636: gcc -E  conftest.c
conftest.c:11:28: fatal error: ac_nonexistent.h: No such file or directory
 #include <ac_nonexistent.h>
                            ^
compilation terminated.
configure:7636: $? = 1
configure: failed program was:
| /* confdefs.h */
| #define PACKAGE_NAME "MPEG Audio Decoder"
| #define PACKAGE_TARNAME "libmad"
| #define PACKAGE_VERSION "0.15.1b"
| #define PACKAGE_STRING "MPEG Audio Decoder 0.15.1b"
| #define PACKAGE_BUGREPORT "support@underbit.com"
| #define PACKAGE_URL ""
| #define PACKAGE "libmad"
| #define VERSION "0.15.1b"
| /* end confdefs.h.  */
| #include <ac_nonexistent.h>
configure:7661: result: gcc -E
configure:7681: gcc -E  conftest.c
configure:7681: $? = 0
configure:7695: gcc -E  conftest.c
conftest.c:11:28: fatal error: ac_nonexistent.h: No such file or directory
 #include <ac_nonexistent.h>
                            ^
compilation terminated.
configure:7695: $? = 1
configure: failed program was:
| /* confdefs.h */
| #define PACKAGE_NAME "MPEG Audio Decoder"
| #define PACKAGE_TARNAME "libmad"
| #define PACKAGE_VERSION "0.15.1b"
| #define PACKAGE_STRING "MPEG Audio Decoder 0.15.1b"
| #define PACKAGE_BUGREPORT "support@underbit.com"
| #define PACKAGE_URL ""
| #define PACKAGE "libmad"
| #define VERSION "0.15.1b"
| /* end confdefs.h.  */
| #include <ac_nonexistent.h>
configure:7724: checking for ANSI C header files
configure:7744: gcc -c -g -O2  conftest.c >&5
configure:7744: $? = 0
configure:7817: gcc -o conftest -g -O2   conftest.c  >&5
configure:7817: $? = 0
configure:7817: ./conftest
configure:7817: $? = 0
configure:7828: result: yes
configure:7841: checking for sys/types.h
configure:7841: gcc -c -g -O2  conftest.c >&5
configure:7841: $? = 0
configure:7841: result: yes
configure:7841: checking for sys/stat.h
configure:7841: gcc -c -g -O2  conftest.c >&5
configure:7841: $? = 0
configure:7841: result: yes
configure:7841: checking for stdlib.h
configure:7841: gcc -c -g -O2  conftest.c >&5
configure:7841: $? = 0
configure:7841: result: yes
configure:7841: checking for string.h
configure:7841: gcc -c -g -O2  conftest.c >&5
configure:7841: $? = 0
configure:7841: result: yes
configure:7841: checking for memory.h
configure:7841: gcc -c -g -O2  conftest.c >&5
configure:7841: $? = 0
configure:7841: result: yes
configure:7841: checking for strings.h
configure:7841: gcc -c -g -O2  conftest.c >&5
configure:7841: $? = 0
configure:7841: result: yes
configure:7841: checking for inttypes.h
configure:7841: gcc -c -g -O2  conftest.c >&5
configure:7841: $? = 0
configure:7841: result: yes
configure:7841: checking for stdint.h
configure:7841: gcc -c -g -O2  conftest.c >&5
configure:7841: $? = 0
configure:7841: result: yes
configure:7841: checking for unistd.h
configure:7841: gcc -c -g -O2  conftest.c >&5
configure:7841: $? = 0
configure:7841: result: yes
configure:7855: checking for dlfcn.h
configure:7855: gcc -c -g -O2  conftest.c >&5
configure:7855: $? = 0
configure:7855: result: yes
configure:8061: checking for objdir
configure:8076: result: .libs
configure:8343: checking if gcc supports -fno-rtti -fno-exceptions
configure:8361: gcc -c -g -O2  -fno-rtti -fno-exceptions conftest.c >&5
cc1: warning: command line option '-fno-rtti' is valid for C++/ObjC++ but not for C [enabled by default]
configure:8365: $? = 0
configure:8378: result: no
configure:8705: checking for gcc option to produce PIC
configure:8712: result: -fPIC -DPIC
configure:8720: checking if gcc PIC flag -fPIC -DPIC works
configure:8738: gcc -c -g -O2  -fPIC -DPIC -DPIC conftest.c >&5
configure:8742: $? = 0
configure:8755: result: yes
configure:8784: checking if gcc static flag -static works
configure:8812: result: yes
configure:8827: checking if gcc supports -c -o file.o
configure:8848: gcc -c -g -O2  -o out/conftest2.o conftest.c >&5
configure:8852: $? = 0
configure:8874: result: yes
configure:8882: checking if gcc supports -c -o file.o
configure:8929: result: yes
configure:8962: checking whether the gcc linker (/usr/bin/ld -m elf_x86_64) supports shared libraries
configure:10119: result: yes
configure:10156: checking whether -lc should be explicitly linked in
configure:10164: gcc -c -g -O2  conftest.c >&5
configure:10167: $? = 0
configure:10182: gcc -shared  -fPIC -DPIC conftest.o  -v -Wl,-soname -Wl,conftest -o conftest 2\>\&1 \| /bin/grep  -lc  \>/dev/null 2\>\&1
configure:10185: $? = 0
configure:10199: result: no
configure:10359: checking dynamic linker characteristics
configure:10859: gcc -o conftest -g -O2   -Wl,-rpath -Wl,/foo conftest.c  >&5
configure:10859: $? = 0
configure:11093: result: GNU/Linux ld.so
configure:11200: checking how to hardcode library paths into programs
configure:11225: result: immediate
configure:11765: checking whether stripping libraries is possible
configure:11770: result: yes
configure:11805: checking if libtool supports shared libraries
configure:11807: result: yes
configure:11810: checking whether to build shared libraries
configure:11831: result: yes
configure:11834: checking whether to build static libraries
configure:11838: result: yes
configure:12016: checking for ANSI C header files
configure:12120: result: yes
configure:12128: checking for sys/wait.h that is POSIX.1 compatible
configure:12154: gcc -c -Wall  conftest.c >&5
configure:12154: $? = 0
configure:12161: result: yes
configure:12172: checking assert.h usability
configure:12172: gcc -c -Wall  conftest.c >&5
configure:12172: $? = 0
configure:12172: result: yes
configure:12172: checking assert.h presence
configure:12172: gcc -E  conftest.c
configure:12172: $? = 0
configure:12172: result: yes
configure:12172: checking for assert.h
configure:12172: result: yes
configure:12172: checking limits.h usability
configure:12172: gcc -c -Wall  conftest.c >&5
configure:12172: $? = 0
configure:12172: result: yes
configure:12172: checking limits.h presence
configure:12172: gcc -E  conftest.c
configure:12172: $? = 0
configure:12172: result: yes
configure:12172: checking for limits.h
configure:12172: result: yes
configure:12172: checking for unistd.h
configure:12172: result: yes
configure:12172: checking for sys/types.h
configure:12172: result: yes
configure:12172: checking fcntl.h usability
configure:12172: gcc -c -Wall  conftest.c >&5
configure:12172: $? = 0
configure:12172: result: yes
configure:12172: checking fcntl.h presence
configure:12172: gcc -E  conftest.c
configure:12172: $? = 0
configure:12172: result: yes
configure:12172: checking for fcntl.h
configure:12172: result: yes
configure:12172: checking errno.h usability
configure:12172: gcc -c -Wall  conftest.c >&5
configure:12172: $? = 0
configure:12172: result: yes
configure:12172: checking errno.h presence
configure:12172: gcc -E  conftest.c
configure:12172: $? = 0
configure:12172: result: yes
configure:12172: checking for errno.h
configure:12172: result: yes
configure:12184: checking for an ANSI C-conforming const
configure:12250: gcc -c -Wall  conftest.c >&5
configure:12250: $? = 0
configure:12257: result: yes
configure:12265: checking for inline
configure:12281: gcc -c -Wall  conftest.c >&5
configure:12281: $? = 0
configure:12289: result: inline
configure:12307: checking whether byte ordering is bigendian
configure:12322: gcc -c -Wall  conftest.c >&5
conftest.c:32:9: error: unknown type name 'not'
         not a universal capable compiler
         ^
conftest.c:32:15: error: expected '=', ',', ';', 'asm' or '__attribute__' before 'universal'
         not a universal capable compiler
               ^
conftest.c:32:15: error: unknown type name 'universal'
configure:12322: $? = 1
configure: failed program was:
| /* confdefs.h */
| #define PACKAGE_NAME "MPEG Audio Decoder"
| #define PACKAGE_TARNAME "libmad"
| #define PACKAGE_VERSION "0.15.1b"
| #define PACKAGE_STRING "MPEG Audio Decoder 0.15.1b"
| #define PACKAGE_BUGREPORT "support@underbit.com"
| #define PACKAGE_URL ""
| #define PACKAGE "libmad"
| #define VERSION "0.15.1b"
| #define STDC_HEADERS 1
| #define HAVE_SYS_TYPES_H 1
| #define HAVE_SYS_STAT_H 1
| #define HAVE_STDLIB_H 1
| #define HAVE_STRING_H 1
| #define HAVE_MEMORY_H 1
| #define HAVE_STRINGS_H 1
| #define HAVE_INTTYPES_H 1
| #define HAVE_STDINT_H 1
| #define HAVE_UNISTD_H 1
| #define HAVE_DLFCN_H 1
| #define LT_OBJDIR ".libs/"
| #define STDC_HEADERS 1
| #define HAVE_SYS_WAIT_H 1
| #define HAVE_ASSERT_H 1
| #define HAVE_LIMITS_H 1
| #define HAVE_UNISTD_H 1
| #define HAVE_SYS_TYPES_H 1
| #define HAVE_FCNTL_H 1
| #define HAVE_ERRNO_H 1
| /* end confdefs.h.  */
| #ifndef __APPLE_CC__
| 	       not a universal capable compiler
| 	     #endif
| 	     typedef int dummy;
| 
configure:12367: gcc -c -Wall  conftest.c >&5
configure:12367: $? = 0
configure:12385: gcc -c -Wall  conftest.c >&5
conftest.c: In function 'main':
conftest.c:38:4: error: unknown type name 'not'
    not big endian
    ^
conftest.c:38:12: error: expected '=', ',', ';', 'asm' or '__attribute__' before 'endian'
    not big endian
            ^
configure:12385: $? = 1
configure: failed program was:
| /* confdefs.h */
| #define PACKAGE_NAME "MPEG Audio Decoder"
| #define PACKAGE_TARNAME "libmad"
| #define PACKAGE_VERSION "0.15.1b"
| #define PACKAGE_STRING "MPEG Audio Decoder 0.15.1b"
| #define PACKAGE_BUGREPORT "support@underbit.com"
| #define PACKAGE_URL ""
| #define PACKAGE "libmad"
| #define VERSION "0.15.1b"
| #define STDC_HEADERS 1
| #define HAVE_SYS_TYPES_H 1
| #define HAVE_SYS_STAT_H 1
| #define HAVE_STDLIB_H 1
| #define HAVE_STRING_H 1
| #define HAVE_MEMORY_H 1
| #define HAVE_STRINGS_H 1
| #define HAVE_INTTYPES_H 1
| #define HAVE_STDINT_H 1
| #define HAVE_UNISTD_H 1
| #define HAVE_DLFCN_H 1
| #define LT_OBJDIR ".libs/"
| #define STDC_HEADERS 1
| #define HAVE_SYS_WAIT_H 1
| #define HAVE_ASSERT_H 1
| #define HAVE_LIMITS_H 1
| #define HAVE_UNISTD_H 1
| #define HAVE_SYS_TYPES_H 1
| #define HAVE_FCNTL_H 1
| #define HAVE_ERRNO_H 1
| /* end confdefs.h.  */
| #include <sys/types.h>
| 		#include <sys/param.h>
| 
| int
| main ()
| {
| #if BYTE_ORDER != BIG_ENDIAN
| 		 not big endian
| 		#endif
| 
|   ;
|   return 0;
| }
configure:12513: result: no
configure:12531: checking for pid_t
configure:12531: gcc -c -Wall  conftest.c >&5
configure:12531: $? = 0
configure:12531: gcc -c -Wall  conftest.c >&5
conftest.c: In function 'main':
conftest.c:67:20: error: expected expression before ')' token
 if (sizeof ((pid_t)))
                    ^
configure:12531: $? = 1
configure: failed program was:
| /* confdefs.h */
| #define PACKAGE_NAME "MPEG Audio Decoder"
| #define PACKAGE_TARNAME "libmad"
| #define PACKAGE_VERSION "0.15.1b"
| #define PACKAGE_STRING "MPEG Audio Decoder 0.15.1b"
| #define PACKAGE_BUGREPORT "support@underbit.com"
| #define PACKAGE_URL ""
| #define PACKAGE "libmad"
| #define VERSION "0.15.1b"
| #define STDC_HEADERS 1
| #define HAVE_SYS_TYPES_H 1
| #define HAVE_SYS_STAT_H 1
| #define HAVE_STDLIB_H 1
| #define HAVE_STRING_H 1
| #define HAVE_MEMORY_H 1
| #define HAVE_STRINGS_H 1
| #define HAVE_INTTYPES_H 1
| #define HAVE_STDINT_H 1
| #define HAVE_UNISTD_H 1
| #define HAVE_DLFCN_H 1
| #define LT_OBJDIR ".libs/"
| #define STDC_HEADERS 1
| #define HAVE_SYS_WAIT_H 1
| #define HAVE_ASSERT_H 1
| #define HAVE_LIMITS_H 1
| #define HAVE_UNISTD_H 1
| #define HAVE_SYS_TYPES_H 1
| #define HAVE_FCNTL_H 1
| #define HAVE_ERRNO_H 1
| /* end confdefs.h.  */
| #include <stdio.h>
| #ifdef HAVE_SYS_TYPES_H
| # include <sys/types.h>
| #endif
| #ifdef HAVE_SYS_STAT_H
| # include <sys/stat.h>
| #endif
| #ifdef STDC_HEADERS
| # include <stdlib.h>
| # include <stddef.h>
| #else
| # ifdef HAVE_STDLIB_H
| #  include <stdlib.h>
| # endif
| #endif
| #ifdef HAVE_STRING_H
| # if !defined STDC_HEADERS && defined HAVE_MEMORY_H
| #  include <memory.h>
| # endif
| # include <string.h>
| #endif
| #ifdef HAVE_STRINGS_H
| # include <strings.h>
| #endif
| #ifdef HAVE_INTTYPES_H
| # include <inttypes.h>
| #endif
| #ifdef HAVE_STDINT_H
| # include <stdint.h>
| #endif
| #ifdef HAVE_UNISTD_H
| # include <unistd.h>
| #endif
| int
| main ()
| {
| if (sizeof ((pid_t)))
| 	    return 0;
|   ;
|   return 0;
| }
configure:12531: result: yes
configure:12547: checking size of int
configure:12552: gcc -o conftest -Wall   conftest.c  >&5
configure:12552: $? = 0
configure:12552: ./conftest
configure:12552: $? = 0
configure:12566: result: 4
configure:12580: checking size of long
configure:12585: gcc -o conftest -Wall   conftest.c  >&5
configure:12585: $? = 0
configure:12585: ./conftest
configure:12585: $? = 0
configure:12599: result: 8
configure:12613: checking size of long long
configure:12618: gcc -o conftest -Wall   conftest.c  >&5
configure:12618: $? = 0
configure:12618: ./conftest
configure:12618: $? = 0
configure:12632: result: 8
configure:12647: checking for waitpid
configure:12647: gcc -o conftest -Wall   conftest.c  >&5
configure:12647: $? = 0
configure:12647: result: yes
configure:12647: checking for fcntl
configure:12647: gcc -o conftest -Wall   conftest.c  >&5
configure:12647: $? = 0
configure:12647: result: yes
configure:12647: checking for pipe
configure:12647: gcc -o conftest -Wall   conftest.c  >&5
configure:12647: $? = 0
configure:12647: result: yes
configure:12647: checking for fork
configure:12647: gcc -o conftest -Wall   conftest.c  >&5
conftest.c:60:6: warning: conflicting types for built-in function 'fork' [enabled by default]
 char fork ();
      ^
configure:12647: $? = 0
configure:12647: result: yes
configure:12749: checking whether to optimize for speed or for accuracy
configure:12787: result: default
configure:12795: checking for architecture-specific fixed-point math routines
configure:12832: result: DEFAULT
configure:12837: WARNING: default fixed-point math will yield limited accuracy
configure:12886: checking for ISO/IEC interpretation
configure:12902: result: best accepted practices
configure:12905: checking whether to enable profiling
configure:12916: result: no
configure:12919: checking whether to enable debugging
configure:12950: result: default
configure:12953: checking whether to enable experimental code
configure:12968: result: no
configure:13088: checking that generated files are newer than configure
configure:13094: result: done
configure:13122: creating ./config.status

## ---------------------- ##
## Running config.status. ##
## ---------------------- ##

This file was extended by MPEG Audio Decoder config.status 0.15.1b, which was
generated by GNU Autoconf 2.69.  Invocation command line was

  CONFIG_FILES    = 
  CONFIG_HEADERS  = 
  CONFIG_LINKS    = 
  CONFIG_COMMANDS = 
  $ ./config.status 

on toshiba

config.status:1106: creating Makefile
config.status:1106: creating msvc++/Makefile
config.status:1106: creating libmad.list
config.status:1106: creating config.h
config.status:1287: config.h is unchanged
config.status:1335: executing depfiles commands
config.status:1335: executing libtool commands

## ---------------- ##
## Cache variables. ##
## ---------------- ##

ac_cv_build=x86_64-unknown-linux-gnu
ac_cv_c_bigendian=no
ac_cv_c_compiler_gnu=yes
ac_cv_c_const=yes
ac_cv_c_inline=inline
ac_cv_env_CCASFLAGS_set=
ac_cv_env_CCASFLAGS_value=
ac_cv_env_CCAS_set=
ac_cv_env_CCAS_value=
ac_cv_env_CC_set=
ac_cv_env_CC_value=
ac_cv_env_CFLAGS_set=
ac_cv_env_CFLAGS_value=
ac_cv_env_CPPFLAGS_set=
ac_cv_env_CPPFLAGS_value=
ac_cv_env_CPP_set=
ac_cv_env_CPP_value=
ac_cv_env_LDFLAGS_set=
ac_cv_env_LDFLAGS_value=
ac_cv_env_LIBS_set=
ac_cv_env_LIBS_value=
ac_cv_env_build_alias_set=
ac_cv_env_build_alias_value=
ac_cv_env_host_alias_set=
ac_cv_env_host_alias_value=
ac_cv_env_target_alias_set=
ac_cv_env_target_alias_value=
ac_cv_func_fcntl=yes
ac_cv_func_fork=yes
ac_cv_func_pipe=yes
ac_cv_func_waitpid=yes
ac_cv_header_assert_h=yes
ac_cv_header_dlfcn_h=yes
ac_cv_header_errno_h=yes
ac_cv_header_fcntl_h=yes
ac_cv_header_inttypes_h=yes
ac_cv_header_limits_h=yes
ac_cv_header_memory_h=yes
ac_cv_header_stdc=yes
ac_cv_header_stdint_h=yes
ac_cv_header_stdlib_h=yes
ac_cv_header_string_h=yes
ac_cv_header_strings_h=yes
ac_cv_header_sys_stat_h=yes
ac_cv_header_sys_types_h=yes
ac_cv_header_sys_wait_h=yes
ac_cv_header_unistd_h=yes
ac_cv_host=x86_64-unknown-linux-gnu
ac_cv_objext=o
ac_cv_path_EGREP='/bin/grep -E'
ac_cv_path_FGREP='/bin/grep -F'
ac_cv_path_GREP=/bin/grep
ac_cv_path_SED=/bin/sed
ac_cv_path_install='/usr/bin/install -c'
ac_cv_path_mkdir=/bin/mkdir
ac_cv_prog_AWK=mawk
ac_cv_prog_CPP='gcc -E'
ac_cv_prog_ac_ct_AR=ar
ac_cv_prog_ac_ct_CC=gcc
ac_cv_prog_ac_ct_MANIFEST_TOOL=mt
ac_cv_prog_ac_ct_OBJDUMP=objdump
ac_cv_prog_ac_ct_RANLIB=ranlib
ac_cv_prog_ac_ct_STRIP=strip
ac_cv_prog_cc_c89=
ac_cv_prog_cc_g=yes
ac_cv_prog_make_make_set=yes
ac_cv_sizeof_int=4
ac_cv_sizeof_long=8
ac_cv_sizeof_long_long=8
ac_cv_type_pid_t=yes
am_cv_CCAS_dependencies_compiler_type=gcc3
am_cv_CC_dependencies_compiler_type=gcc3
am_cv_make_support_nested_variables=yes
am_cv_prog_cc_c_o=yes
lt_cv_ar_at_file=@
lt_cv_archive_cmds_need_lc=no
lt_cv_deplibs_check_method=pass_all
lt_cv_file_magic_cmd='$MAGIC_CMD'
lt_cv_file_magic_test_file=
lt_cv_ld_reload_flag=-r
lt_cv_nm_interface='BSD nm'
lt_cv_objdir=.libs
lt_cv_path_LD=/usr/bin/ld
lt_cv_path_NM='/usr/bin/nm -B'
lt_cv_path_mainfest_tool=no
lt_cv_prog_compiler_c_o=yes
lt_cv_prog_compiler_pic='-fPIC -DPIC'
lt_cv_prog_compiler_pic_works=yes
lt_cv_prog_compiler_rtti_exceptions=no
lt_cv_prog_compiler_static_works=yes
lt_cv_prog_gnu_ld=yes
lt_cv_sharedlib_from_linklib_cmd='printf %s\n'
lt_cv_shlibpath_overrides_runpath=no
lt_cv_sys_global_symbol_pipe='sed -n -e '\''s/^.*[	 ]\([ABCDGIRSTW][ABCDGIRSTW]*\)[	 ][	 ]*\([_A-Za-z][_A-Za-z0-9]*\)$/\1 \2 \2/p'\'' | sed '\''/ __gnu_lto/d'\'''
lt_cv_sys_global_symbol_to_c_name_address='sed -n -e '\''s/^: \([^ ]*\)[ ]*$/  {\"\1\", (void *) 0},/p'\'' -e '\''s/^[ABCDGIRSTW]* \([^ ]*\) \([^ ]*\)$/  {"\2", (void *) \&\2},/p'\'''
lt_cv_sys_global_symbol_to_c_name_address_lib_prefix='sed -n -e '\''s/^: \([^ ]*\)[ ]*$/  {\"\1\", (void *) 0},/p'\'' -e '\''s/^[ABCDGIRSTW]* \([^ ]*\) \(lib[^ ]*\)$/  {"\2", (void *) \&\2},/p'\'' -e '\''s/^[ABCDGIRSTW]* \([^ ]*\) \([^ ]*\)$/  {"lib\2", (void *) \&\2},/p'\'''
lt_cv_sys_global_symbol_to_cdecl='sed -n -e '\''s/^T .* \(.*\)$/extern int \1();/p'\'' -e '\''s/^[ABCDGIRSTW]* .* \(.*\)$/extern char \1;/p'\'''
lt_cv_sys_max_cmd_len=1572864
lt_cv_to_host_file_cmd=func_convert_file_noop
lt_cv_to_tool_file_cmd=func_convert_file_noop

## ----------------- ##
## Output variables. ##
## ----------------- ##

ACLOCAL='${SHELL} /home/george/Develop/Praaline/sv-dependency-builds/src/libmad-0.15.1b/missing aclocal-1.14'
AMDEPBACKSLASH='\'
AMDEP_FALSE='#'
AMDEP_TRUE=''
AMTAR='$${TAR-tar}'
AM_BACKSLASH='\'
AM_DEFAULT_V='$(AM_DEFAULT_VERBOSITY)'
AM_DEFAULT_VERBOSITY='1'
AM_V='$(V)'
AR='ar'
ASO=''
ASO_OBJS=''
AUTOCONF='${SHELL} /home/george/Develop/Praaline/sv-dependency-builds/src/libmad-0.15.1b/missing autoconf'
AUTOHEADER='${SHELL} /home/george/Develop/Praaline/sv-dependency-builds/src/libmad-0.15.1b/missing autoheader'
AUTOMAKE='${SHELL} /home/george/Develop/Praaline/sv-dependency-builds/src/libmad-0.15.1b/missing automake-1.14'
AWK='mawk'
CC='gcc'
CCAS='gcc'
CCASDEPMODE='depmode=gcc3'
CCASFLAGS='-g -O2'
CCDEPMODE='depmode=gcc3'
CFLAGS='-Wall -g -O -fforce-mem -fforce-addr -fthread-jumps -fcse-follow-jumps -fcse-skip-blocks -fexpensive-optimizations -fregmove -fschedule-insns2'
CPP='gcc -E'
CPPFLAGS=''
CYGPATH_W='echo'
DEFS='-DHAVE_CONFIG_H'
DEPDIR='.deps'
DLLTOOL='false'
DSYMUTIL=''
DUMPBIN=''
ECHO_C=''
ECHO_N='-n'
ECHO_T=''
EGREP='/bin/grep -E'
EXEEXT=''
FGREP='/bin/grep -F'
FPM='-DFPM_DEFAULT'
GREP='/bin/grep'
INSTALL_DATA='${INSTALL} -m 644'
INSTALL_PROGRAM='${INSTALL}'
INSTALL_SCRIPT='${INSTALL}'
INSTALL_STRIP_PROGRAM='$(install_sh) -c -s'
LD='/usr/bin/ld -m elf_x86_64'
LDFLAGS=''
LIBOBJS=''
LIBS=''
LIBTOOL='$(SHELL) $(top_builddir)/libtool'
LIBTOOL_DEPS='./ltmain.sh'
LIPO=''
LN_S='ln -s'
LTLIBOBJS=''
MAKEINFO='${SHELL} /home/george/Develop/Praaline/sv-dependency-builds/src/libmad-0.15.1b/missing makeinfo'
MANIFEST_TOOL=':'
MKDIR_P='/bin/mkdir -p'
NM='/usr/bin/nm -B'
NMEDIT=''
OBJDUMP='objdump'
OBJEXT='o'
OTOOL64=''
OTOOL=''
PACKAGE='libmad'
PACKAGE_BUGREPORT='support@underbit.com'
PACKAGE_NAME='MPEG Audio Decoder'
PACKAGE_STRING='MPEG Audio Decoder 0.15.1b'
PACKAGE_TARNAME='libmad'
PACKAGE_URL=''
PACKAGE_VERSION='0.15.1b'
PATH_SEPARATOR=':'
RANLIB='ranlib'
SED='/bin/sed'
SET_MAKE=''
SHELL='/bin/bash'
STRIP='strip'
VERSION='0.15.1b'
ac_ct_AR='ar'
ac_ct_CC='gcc'
ac_ct_DUMPBIN=''
am__EXEEXT_FALSE=''
am__EXEEXT_TRUE='#'
am__fastdepCCAS_FALSE='#'
am__fastdepCCAS_TRUE=''
am__fastdepCC_FALSE='#'
am__fastdepCC_TRUE=''
am__include='include'
am__isrc=''
am__leading_dot='.'
am__nodep='_no'
am__quote=''
am__tar='$${TAR-tar} chof - "$$tardir"'
am__untar='$${TAR-tar} xf -'
bindir='${exec_prefix}/bin'
build='x86_64-unknown-linux-gnu'
build_alias=''
build_cpu='x86_64'
build_os='linux-gnu'
build_vendor='unknown'
datadir='${datarootdir}'
datarootdir='${prefix}/share'
docdir='${datarootdir}/doc/${PACKAGE_TARNAME}'
dvidir='${docdir}'
exec_prefix='${prefix}'
host='x86_64-unknown-linux-gnu'
host_alias=''
host_cpu='x86_64'
host_os='linux-gnu'
host_vendor='unknown'
htmldir='${docdir}'
includedir='${prefix}/include'
infodir='${datarootdir}/info'
install_sh='${SHELL} /home/george/Develop/Praaline/sv-dependency-builds/src/libmad-0.15.1b/install-sh'
libdir='${exec_prefix}/lib'
libexecdir='${exec_prefix}/libexec'
localedir='${datarootdir}/locale'
localstatedir='${prefix}/var'
mandir='${datarootdir}/man'
mkdir_p='$(MKDIR_P)'
oldincludedir='/usr/include'
pdfdir='${docdir}'
prefix='/usr/local'
program_transform_name='s,x,x,'
psdir='${docdir}'
sbindir='${exec_prefix}/sbin'
sharedstatedir='${prefix}/com'
sysconfdir='${prefix}/etc'
target_alias=''

## ----------- ##
## confdefs.h. ##
## ----------- ##

/* confdefs.h */
#define PACKAGE_NAME "MPEG Audio Decoder"
#define PACKAGE_TARNAME "libmad"
#define PACKAGE_VERSION "0.15.1b"
#define PACKAGE_STRING "MPEG Audio Decoder 0.15.1b"
#define PACKAGE_BUGREPORT "support@underbit.com"
#define PACKAGE_URL ""
#define PACKAGE "libmad"
#define VERSION "0.15.1b"
#define STDC_HEADERS 1
#define HAVE_SYS_TYPES_H 1
#define HAVE_SYS_STAT_H 1
#define HAVE_STDLIB_H 1
#define HAVE_STRING_H 1
#define HAVE_MEMORY_H 1
#define HAVE_STRINGS_H 1
#define HAVE_INTTYPES_H 1
#define HAVE_STDINT_H 1
#define HAVE_UNISTD_H 1
#define HAVE_DLFCN_H 1
#define LT_OBJDIR ".libs/"
#define STDC_HEADERS 1
#define HAVE_SYS_WAIT_H 1
#define HAVE_ASSERT_H 1
#define HAVE_LIMITS_H 1
#define HAVE_UNISTD_H 1
#define HAVE_SYS_TYPES_H 1
#define HAVE_FCNTL_H 1
#define HAVE_ERRNO_H 1
#define SIZEOF_INT 4
#define SIZEOF_LONG 8
#define SIZEOF_LONG_LONG 8
#define HAVE_WAITPID 1
#define HAVE_FCNTL 1
#define HAVE_PIPE 1
#define HAVE_FORK 1

configure: exit 0
